{"/Users/annawierzbik/online-gaming-service/frontend/src/services/authService.ts": {"path":"/Users/annawierzbik/online-gaming-service/frontend/src/services/authService.ts","statementMap":{"0":{"start":{"line":2,"column":2},"end":{"line":4,"column":17}},"1":{"start":{"line":27,"column":17},"end":{"line":27,"column":32}},"2":{"start":{"line":29,"column":2},"end":{"line":51,"column":3}},"3":{"start":{"line":30,"column":24},"end":{"line":30,"column":60}},"4":{"start":{"line":31,"column":4},"end":{"line":34,"column":5}},"5":{"start":{"line":32,"column":24},"end":{"line":32,"column":45}},"6":{"start":{"line":33,"column":6},"end":{"line":33,"column":69}},"7":{"start":{"line":36,"column":22},"end":{"line":36,"column":43}},"8":{"start":{"line":37,"column":4},"end":{"line":48,"column":5}},"9":{"start":{"line":39,"column":6},"end":{"line":46,"column":7}},"10":{"start":{"line":40,"column":8},"end":{"line":45,"column":9}},"11":{"start":{"line":41,"column":25},"end":{"line":41,"column":46}},"12":{"start":{"line":42,"column":10},"end":{"line":42,"column":61}},"13":{"start":{"line":47,"column":6},"end":{"line":47,"column":23}},"14":{"start":{"line":53,"column":2},"end":{"line":72,"column":3}},"15":{"start":{"line":55,"column":6},"end":{"line":55,"column":57}},"16":{"start":{"line":57,"column":6},"end":{"line":57,"column":54}},"17":{"start":{"line":59,"column":6},"end":{"line":59,"column":30}},"18":{"start":{"line":61,"column":6},"end":{"line":61,"column":58}},"19":{"start":{"line":63,"column":6},"end":{"line":63,"column":55}},"20":{"start":{"line":65,"column":6},"end":{"line":65,"column":58}},"21":{"start":{"line":69,"column":6},"end":{"line":69,"column":53}},"22":{"start":{"line":71,"column":6},"end":{"line":71,"column":29}},"23":{"start":{"line":75,"column":13},"end":{"line":223,"column":2}},"24":{"start":{"line":77,"column":21},"end":{"line":82,"column":6}},"25":{"start":{"line":84,"column":4},"end":{"line":90,"column":5}},"26":{"start":{"line":85,"column":27},"end":{"line":87,"column":null}},"27":{"start":{"line":89,"column":6},"end":{"line":89,"column":36}},"28":{"start":{"line":92,"column":4},"end":{"line":92,"column":33}},"29":{"start":{"line":96,"column":21},"end":{"line":101,"column":6}},"30":{"start":{"line":103,"column":4},"end":{"line":109,"column":5}},"31":{"start":{"line":104,"column":27},"end":{"line":106,"column":null}},"32":{"start":{"line":108,"column":6},"end":{"line":108,"column":36}},"33":{"start":{"line":111,"column":4},"end":{"line":111,"column":27}},"34":{"start":{"line":115,"column":21},"end":{"line":118,"column":6}},"35":{"start":{"line":120,"column":4},"end":{"line":126,"column":5}},"36":{"start":{"line":121,"column":27},"end":{"line":123,"column":null}},"37":{"start":{"line":125,"column":6},"end":{"line":125,"column":36}},"38":{"start":{"line":128,"column":4},"end":{"line":128,"column":33}},"39":{"start":{"line":132,"column":21},"end":{"line":135,"column":6}},"40":{"start":{"line":137,"column":4},"end":{"line":143,"column":5}},"41":{"start":{"line":138,"column":27},"end":{"line":140,"column":null}},"42":{"start":{"line":142,"column":6},"end":{"line":142,"column":36}},"43":{"start":{"line":147,"column":21},"end":{"line":150,"column":6}},"44":{"start":{"line":152,"column":4},"end":{"line":162,"column":5}},"45":{"start":{"line":153,"column":21},"end":{"line":153,"column":36}},"46":{"start":{"line":154,"column":6},"end":{"line":156,"column":7}},"47":{"start":{"line":155,"column":8},"end":{"line":155,"column":65}},"48":{"start":{"line":157,"column":27},"end":{"line":159,"column":null}},"49":{"start":{"line":161,"column":6},"end":{"line":161,"column":36}},"50":{"start":{"line":164,"column":4},"end":{"line":164,"column":27}},"51":{"start":{"line":168,"column":21},"end":{"line":173,"column":6}},"52":{"start":{"line":175,"column":4},"end":{"line":181,"column":5}},"53":{"start":{"line":176,"column":27},"end":{"line":178,"column":null}},"54":{"start":{"line":180,"column":6},"end":{"line":180,"column":36}},"55":{"start":{"line":183,"column":4},"end":{"line":183,"column":27}},"56":{"start":{"line":190,"column":21},"end":{"line":195,"column":6}},"57":{"start":{"line":197,"column":4},"end":{"line":203,"column":5}},"58":{"start":{"line":198,"column":27},"end":{"line":200,"column":null}},"59":{"start":{"line":202,"column":6},"end":{"line":202,"column":36}},"60":{"start":{"line":207,"column":21},"end":{"line":210,"column":6}},"61":{"start":{"line":212,"column":4},"end":{"line":218,"column":5}},"62":{"start":{"line":213,"column":27},"end":{"line":215,"column":null}},"63":{"start":{"line":217,"column":6},"end":{"line":217,"column":36}},"64":{"start":{"line":220,"column":17},"end":{"line":220,"column":38}},"65":{"start":{"line":221,"column":4},"end":{"line":221,"column":22}}},"fnMap":{"0":{"name":"parseErrorResponse","decl":{"start":{"line":23,"column":15},"end":{"line":23,"column":33}},"loc":{"start":{"line":25,"column":25},"end":{"line":73,"column":1}}},"1":{"name":"(anonymous_1)","decl":{"start":{"line":76,"column":2},"end":{"line":76,"column":7}},"loc":{"start":{"line":76,"column":39},"end":{"line":93,"column":3}}},"2":{"name":"(anonymous_2)","decl":{"start":{"line":95,"column":2},"end":{"line":95,"column":7}},"loc":{"start":{"line":95,"column":38},"end":{"line":112,"column":3}}},"3":{"name":"(anonymous_3)","decl":{"start":{"line":114,"column":2},"end":{"line":114,"column":7}},"loc":{"start":{"line":114,"column":20},"end":{"line":129,"column":3}}},"4":{"name":"(anonymous_4)","decl":{"start":{"line":131,"column":2},"end":{"line":131,"column":7}},"loc":{"start":{"line":131,"column":14},"end":{"line":144,"column":3}}},"5":{"name":"(anonymous_5)","decl":{"start":{"line":146,"column":2},"end":{"line":146,"column":7}},"loc":{"start":{"line":146,"column":22},"end":{"line":165,"column":3}}},"6":{"name":"(anonymous_6)","decl":{"start":{"line":167,"column":2},"end":{"line":167,"column":7}},"loc":{"start":{"line":167,"column":42},"end":{"line":184,"column":3}}},"7":{"name":"(anonymous_7)","decl":{"start":{"line":186,"column":2},"end":{"line":186,"column":7}},"loc":{"start":{"line":188,"column":23},"end":{"line":204,"column":3}}},"8":{"name":"(anonymous_8)","decl":{"start":{"line":206,"column":2},"end":{"line":206,"column":7}},"loc":{"start":{"line":206,"column":20},"end":{"line":222,"column":3}}}},"branchMap":{"0":{"loc":{"start":{"line":2,"column":2},"end":{"line":4,"column":17}},"type":"cond-expr","locations":[{"start":{"line":3,"column":6},"end":{"line":3,"column":49}},{"start":{"line":4,"column":6},"end":{"line":4,"column":17}}]},"1":{"loc":{"start":{"line":2,"column":2},"end":{"line":2,"column":55}},"type":"binary-expr","locations":[{"start":{"line":2,"column":2},"end":{"line":2,"column":36}},{"start":{"line":2,"column":40},"end":{"line":2,"column":55}}]},"2":{"loc":{"start":{"line":3,"column":6},"end":{"line":3,"column":49}},"type":"binary-expr","locations":[{"start":{"line":3,"column":6},"end":{"line":3,"column":34}},{"start":{"line":3,"column":38},"end":{"line":3,"column":49}}]},"3":{"loc":{"start":{"line":31,"column":4},"end":{"line":34,"column":5}},"type":"if","locations":[{"start":{"line":31,"column":4},"end":{"line":34,"column":5}},{"start":{},"end":{}}]},"4":{"loc":{"start":{"line":33,"column":13},"end":{"line":33,"column":68}},"type":"binary-expr","locations":[{"start":{"line":33,"column":13},"end":{"line":33,"column":30}},{"start":{"line":33,"column":34},"end":{"line":33,"column":49}},{"start":{"line":33,"column":53},"end":{"line":33,"column":68}}]},"5":{"loc":{"start":{"line":37,"column":4},"end":{"line":48,"column":5}},"type":"if","locations":[{"start":{"line":37,"column":4},"end":{"line":48,"column":5}},{"start":{},"end":{}}]},"6":{"loc":{"start":{"line":39,"column":6},"end":{"line":46,"column":7}},"type":"if","locations":[{"start":{"line":39,"column":6},"end":{"line":46,"column":7}},{"start":{},"end":{}}]},"7":{"loc":{"start":{"line":42,"column":17},"end":{"line":42,"column":60}},"type":"binary-expr","locations":[{"start":{"line":42,"column":17},"end":{"line":42,"column":31}},{"start":{"line":42,"column":35},"end":{"line":42,"column":47}},{"start":{"line":42,"column":51},"end":{"line":42,"column":60}}]},"8":{"loc":{"start":{"line":53,"column":2},"end":{"line":72,"column":3}},"type":"switch","locations":[{"start":{"line":54,"column":4},"end":{"line":55,"column":57}},{"start":{"line":56,"column":4},"end":{"line":57,"column":54}},{"start":{"line":58,"column":4},"end":{"line":59,"column":30}},{"start":{"line":60,"column":4},"end":{"line":61,"column":58}},{"start":{"line":62,"column":4},"end":{"line":63,"column":55}},{"start":{"line":64,"column":4},"end":{"line":65,"column":58}},{"start":{"line":66,"column":4},"end":{"line":66,"column":13}},{"start":{"line":67,"column":4},"end":{"line":67,"column":13}},{"start":{"line":68,"column":4},"end":{"line":69,"column":53}},{"start":{"line":70,"column":4},"end":{"line":71,"column":29}}]},"9":{"loc":{"start":{"line":84,"column":4},"end":{"line":90,"column":5}},"type":"if","locations":[{"start":{"line":84,"column":4},"end":{"line":90,"column":5}},{"start":{},"end":{}}]},"10":{"loc":{"start":{"line":103,"column":4},"end":{"line":109,"column":5}},"type":"if","locations":[{"start":{"line":103,"column":4},"end":{"line":109,"column":5}},{"start":{},"end":{}}]},"11":{"loc":{"start":{"line":120,"column":4},"end":{"line":126,"column":5}},"type":"if","locations":[{"start":{"line":120,"column":4},"end":{"line":126,"column":5}},{"start":{},"end":{}}]},"12":{"loc":{"start":{"line":137,"column":4},"end":{"line":143,"column":5}},"type":"if","locations":[{"start":{"line":137,"column":4},"end":{"line":143,"column":5}},{"start":{},"end":{}}]},"13":{"loc":{"start":{"line":152,"column":4},"end":{"line":162,"column":5}},"type":"if","locations":[{"start":{"line":152,"column":4},"end":{"line":162,"column":5}},{"start":{},"end":{}}]},"14":{"loc":{"start":{"line":154,"column":6},"end":{"line":156,"column":7}},"type":"if","locations":[{"start":{"line":154,"column":6},"end":{"line":156,"column":7}},{"start":{},"end":{}}]},"15":{"loc":{"start":{"line":175,"column":4},"end":{"line":181,"column":5}},"type":"if","locations":[{"start":{"line":175,"column":4},"end":{"line":181,"column":5}},{"start":{},"end":{}}]},"16":{"loc":{"start":{"line":197,"column":4},"end":{"line":203,"column":5}},"type":"if","locations":[{"start":{"line":197,"column":4},"end":{"line":203,"column":5}},{"start":{},"end":{}}]},"17":{"loc":{"start":{"line":212,"column":4},"end":{"line":218,"column":5}},"type":"if","locations":[{"start":{"line":212,"column":4},"end":{"line":218,"column":5}},{"start":{},"end":{}}]}},"s":{"0":1,"1":12,"2":12,"3":12,"4":8,"5":1,"6":1,"7":7,"8":7,"9":2,"10":0,"11":0,"12":0,"13":2,"14":9,"15":2,"16":0,"17":0,"18":1,"19":1,"20":0,"21":4,"22":1,"23":1,"24":2,"25":2,"26":1,"27":1,"28":1,"29":3,"30":3,"31":2,"32":2,"33":1,"34":2,"35":2,"36":1,"37":1,"38":1,"39":1,"40":1,"41":0,"42":0,"43":4,"44":4,"45":2,"46":2,"47":1,"48":1,"49":1,"50":2,"51":2,"52":2,"53":1,"54":1,"55":1,"56":1,"57":1,"58":0,"59":0,"60":7,"61":7,"62":6,"63":6,"64":1,"65":1},"f":{"0":12,"1":2,"2":3,"3":2,"4":1,"5":4,"6":2,"7":1,"8":7},"b":{"0":[0,1],"1":[1,1],"2":[0,0],"3":[1,7],"4":[1,0,0],"5":[2,5],"6":[0,2],"7":[0,0,0],"8":[2,0,0,1,1,0,4,4,4,1],"9":[1,1],"10":[2,1],"11":[1,1],"12":[0,1],"13":[2,2],"14":[1,1],"15":[1,1],"16":[0,1],"17":[6,1]}}
,"/Users/annawierzbik/online-gaming-service/frontend/src/services/chatService.ts": {"path":"/Users/annawierzbik/online-gaming-service/frontend/src/services/chatService.ts","statementMap":{"0":{"start":{"line":1,"column":0},"end":{"line":1,"column":48}},"1":{"start":{"line":40,"column":10},"end":{"line":40,"column":40}},"2":{"start":{"line":41,"column":10},"end":{"line":41,"column":53}},"3":{"start":{"line":42,"column":10},"end":{"line":42,"column":49}},"4":{"start":{"line":43,"column":10},"end":{"line":43,"column":53}},"5":{"start":{"line":44,"column":10},"end":{"line":44,"column":47}},"6":{"start":{"line":45,"column":10},"end":{"line":45,"column":29}},"7":{"start":{"line":51,"column":4},"end":{"line":53,"column":5}},"8":{"start":{"line":52,"column":6},"end":{"line":52,"column":13}},"9":{"start":{"line":56,"column":4},"end":{"line":58,"column":5}},"10":{"start":{"line":57,"column":6},"end":{"line":57,"column":24}},"11":{"start":{"line":60,"column":4},"end":{"line":60,"column":27}},"12":{"start":{"line":62,"column":4},"end":{"line":90,"column":5}},"13":{"start":{"line":63,"column":6},"end":{"line":63,"column":36}},"14":{"start":{"line":66,"column":6},"end":{"line":68,"column":9}},"15":{"start":{"line":67,"column":8},"end":{"line":67,"column":68}},"16":{"start":{"line":67,"column":50},"end":{"line":67,"column":66}},"17":{"start":{"line":71,"column":6},"end":{"line":73,"column":9}},"18":{"start":{"line":72,"column":8},"end":{"line":72,"column":69}},"19":{"start":{"line":72,"column":49},"end":{"line":72,"column":67}},"20":{"start":{"line":76,"column":6},"end":{"line":78,"column":9}},"21":{"start":{"line":77,"column":8},"end":{"line":77,"column":64}},"22":{"start":{"line":77,"column":48},"end":{"line":77,"column":62}},"23":{"start":{"line":81,"column":6},"end":{"line":83,"column":9}},"24":{"start":{"line":82,"column":8},"end":{"line":82,"column":68}},"25":{"start":{"line":82,"column":50},"end":{"line":82,"column":66}},"26":{"start":{"line":85,"column":6},"end":{"line":85,"column":29}},"27":{"start":{"line":86,"column":6},"end":{"line":86,"column":69}},"28":{"start":{"line":88,"column":6},"end":{"line":88,"column":61}},"29":{"start":{"line":89,"column":6},"end":{"line":89,"column":16}},"30":{"start":{"line":97,"column":4},"end":{"line":100,"column":5}},"31":{"start":{"line":98,"column":6},"end":{"line":98,"column":81}},"32":{"start":{"line":99,"column":6},"end":{"line":99,"column":13}},"33":{"start":{"line":102,"column":4},"end":{"line":102,"column":70}},"34":{"start":{"line":109,"column":4},"end":{"line":109,"column":48}},"35":{"start":{"line":109,"column":41},"end":{"line":109,"column":48}},"36":{"start":{"line":111,"column":4},"end":{"line":111,"column":73}},"37":{"start":{"line":118,"column":4},"end":{"line":118,"column":48}},"38":{"start":{"line":118,"column":41},"end":{"line":118,"column":48}},"39":{"start":{"line":120,"column":4},"end":{"line":120,"column":79}},"40":{"start":{"line":127,"column":4},"end":{"line":127,"column":39}},"41":{"start":{"line":128,"column":4},"end":{"line":130,"column":6}},"42":{"start":{"line":129,"column":6},"end":{"line":129,"column":79}},"43":{"start":{"line":129,"column":64},"end":{"line":129,"column":77}},"44":{"start":{"line":137,"column":4},"end":{"line":137,"column":37}},"45":{"start":{"line":138,"column":4},"end":{"line":140,"column":6}},"46":{"start":{"line":139,"column":6},"end":{"line":139,"column":75}},"47":{"start":{"line":139,"column":60},"end":{"line":139,"column":73}},"48":{"start":{"line":147,"column":4},"end":{"line":147,"column":39}},"49":{"start":{"line":148,"column":4},"end":{"line":150,"column":6}},"50":{"start":{"line":149,"column":6},"end":{"line":149,"column":79}},"51":{"start":{"line":149,"column":64},"end":{"line":149,"column":77}},"52":{"start":{"line":157,"column":4},"end":{"line":157,"column":38}},"53":{"start":{"line":158,"column":4},"end":{"line":160,"column":6}},"54":{"start":{"line":159,"column":6},"end":{"line":159,"column":77}},"55":{"start":{"line":159,"column":62},"end":{"line":159,"column":75}},"56":{"start":{"line":167,"column":4},"end":{"line":172,"column":5}},"57":{"start":{"line":168,"column":6},"end":{"line":168,"column":68}},"58":{"start":{"line":169,"column":6},"end":{"line":169,"column":70}},"59":{"start":{"line":170,"column":6},"end":{"line":170,"column":58}},"60":{"start":{"line":171,"column":6},"end":{"line":171,"column":60}},"61":{"start":{"line":173,"column":4},"end":{"line":173,"column":24}},"62":{"start":{"line":174,"column":4},"end":{"line":174,"column":28}},"63":{"start":{"line":175,"column":4},"end":{"line":175,"column":30}},"64":{"start":{"line":176,"column":4},"end":{"line":176,"column":28}},"65":{"start":{"line":177,"column":4},"end":{"line":177,"column":30}},"66":{"start":{"line":178,"column":4},"end":{"line":178,"column":29}},"67":{"start":{"line":182,"column":4},"end":{"line":182,"column":52}},"68":{"start":{"line":186,"column":13},"end":{"line":186,"column":45}}},"fnMap":{"0":{"name":"(anonymous_0)","decl":{"start":{"line":39,"column":0},"end":{"line":39,"column":6}},"loc":{"start":{"line":39,"column":0},"end":{"line":184,"column":1}}},"1":{"name":"(anonymous_1)","decl":{"start":{"line":50,"column":2},"end":{"line":50,"column":7}},"loc":{"start":{"line":50,"column":38},"end":{"line":91,"column":3}}},"2":{"name":"(anonymous_2)","decl":{"start":{"line":66,"column":61},"end":{"line":66,"column":62}},"loc":{"start":{"line":66,"column":86},"end":{"line":68,"column":7}}},"3":{"name":"(anonymous_3)","decl":{"start":{"line":67,"column":37},"end":{"line":67,"column":38}},"loc":{"start":{"line":67,"column":50},"end":{"line":67,"column":66}}},"4":{"name":"(anonymous_4)","decl":{"start":{"line":71,"column":63},"end":{"line":71,"column":64}},"loc":{"start":{"line":71,"column":94},"end":{"line":73,"column":7}}},"5":{"name":"(anonymous_5)","decl":{"start":{"line":72,"column":36},"end":{"line":72,"column":37}},"loc":{"start":{"line":72,"column":49},"end":{"line":72,"column":67}}},"6":{"name":"(anonymous_6)","decl":{"start":{"line":76,"column":56},"end":{"line":76,"column":57}},"loc":{"start":{"line":76,"column":77},"end":{"line":78,"column":7}}},"7":{"name":"(anonymous_7)","decl":{"start":{"line":77,"column":35},"end":{"line":77,"column":36}},"loc":{"start":{"line":77,"column":48},"end":{"line":77,"column":62}}},"8":{"name":"(anonymous_8)","decl":{"start":{"line":81,"column":58},"end":{"line":81,"column":59}},"loc":{"start":{"line":81,"column":91},"end":{"line":83,"column":7}}},"9":{"name":"(anonymous_9)","decl":{"start":{"line":82,"column":37},"end":{"line":82,"column":38}},"loc":{"start":{"line":82,"column":50},"end":{"line":82,"column":66}}},"10":{"name":"(anonymous_10)","decl":{"start":{"line":96,"column":2},"end":{"line":96,"column":13}},"loc":{"start":{"line":96,"column":29},"end":{"line":103,"column":3}}},"11":{"name":"(anonymous_11)","decl":{"start":{"line":108,"column":2},"end":{"line":108,"column":21}},"loc":{"start":{"line":108,"column":39},"end":{"line":112,"column":3}}},"12":{"name":"(anonymous_12)","decl":{"start":{"line":117,"column":2},"end":{"line":117,"column":16}},"loc":{"start":{"line":117,"column":55},"end":{"line":121,"column":3}}},"13":{"name":"(anonymous_13)","decl":{"start":{"line":126,"column":2},"end":{"line":126,"column":11}},"loc":{"start":{"line":126,"column":39},"end":{"line":131,"column":3}}},"14":{"name":"(anonymous_14)","decl":{"start":{"line":128,"column":11},"end":{"line":128,"column":14}},"loc":{"start":{"line":128,"column":16},"end":{"line":130,"column":5}}},"15":{"name":"(anonymous_15)","decl":{"start":{"line":129,"column":57},"end":{"line":129,"column":58}},"loc":{"start":{"line":129,"column":64},"end":{"line":129,"column":77}}},"16":{"name":"(anonymous_16)","decl":{"start":{"line":136,"column":2},"end":{"line":136,"column":9}},"loc":{"start":{"line":136,"column":35},"end":{"line":141,"column":3}}},"17":{"name":"(anonymous_17)","decl":{"start":{"line":138,"column":11},"end":{"line":138,"column":14}},"loc":{"start":{"line":138,"column":16},"end":{"line":140,"column":5}}},"18":{"name":"(anonymous_18)","decl":{"start":{"line":139,"column":53},"end":{"line":139,"column":54}},"loc":{"start":{"line":139,"column":60},"end":{"line":139,"column":73}}},"19":{"name":"(anonymous_19)","decl":{"start":{"line":146,"column":2},"end":{"line":146,"column":11}},"loc":{"start":{"line":146,"column":39},"end":{"line":151,"column":3}}},"20":{"name":"(anonymous_20)","decl":{"start":{"line":148,"column":11},"end":{"line":148,"column":14}},"loc":{"start":{"line":148,"column":16},"end":{"line":150,"column":5}}},"21":{"name":"(anonymous_21)","decl":{"start":{"line":149,"column":57},"end":{"line":149,"column":58}},"loc":{"start":{"line":149,"column":64},"end":{"line":149,"column":77}}},"22":{"name":"(anonymous_22)","decl":{"start":{"line":156,"column":2},"end":{"line":156,"column":10}},"loc":{"start":{"line":156,"column":33},"end":{"line":161,"column":3}}},"23":{"name":"(anonymous_23)","decl":{"start":{"line":158,"column":11},"end":{"line":158,"column":14}},"loc":{"start":{"line":158,"column":16},"end":{"line":160,"column":5}}},"24":{"name":"(anonymous_24)","decl":{"start":{"line":159,"column":55},"end":{"line":159,"column":56}},"loc":{"start":{"line":159,"column":62},"end":{"line":159,"column":75}}},"25":{"name":"(anonymous_25)","decl":{"start":{"line":166,"column":2},"end":{"line":166,"column":12}},"loc":{"start":{"line":166,"column":12},"end":{"line":179,"column":3}}},"26":{"name":"(anonymous_26)","decl":{"start":{"line":181,"column":2},"end":{"line":181,"column":13}},"loc":{"start":{"line":181,"column":13},"end":{"line":183,"column":3}}}},"branchMap":{"0":{"loc":{"start":{"line":51,"column":4},"end":{"line":53,"column":5}},"type":"if","locations":[{"start":{"line":51,"column":4},"end":{"line":53,"column":5}},{"start":{},"end":{}}]},"1":{"loc":{"start":{"line":51,"column":8},"end":{"line":51,"column":51}},"type":"binary-expr","locations":[{"start":{"line":51,"column":8},"end":{"line":51,"column":32}},{"start":{"line":51,"column":36},"end":{"line":51,"column":51}}]},"2":{"loc":{"start":{"line":56,"column":4},"end":{"line":58,"column":5}},"type":"if","locations":[{"start":{"line":56,"column":4},"end":{"line":58,"column":5}},{"start":{},"end":{}}]},"3":{"loc":{"start":{"line":56,"column":8},"end":{"line":56,"column":48}},"type":"binary-expr","locations":[{"start":{"line":56,"column":8},"end":{"line":56,"column":20}},{"start":{"line":56,"column":24},"end":{"line":56,"column":48}}]},"4":{"loc":{"start":{"line":97,"column":4},"end":{"line":100,"column":5}},"type":"if","locations":[{"start":{"line":97,"column":4},"end":{"line":100,"column":5}},{"start":{},"end":{}}]},"5":{"loc":{"start":{"line":97,"column":8},"end":{"line":97,"column":39}},"type":"binary-expr","locations":[{"start":{"line":97,"column":8},"end":{"line":97,"column":21}},{"start":{"line":97,"column":25},"end":{"line":97,"column":39}}]},"6":{"loc":{"start":{"line":109,"column":4},"end":{"line":109,"column":48}},"type":"if","locations":[{"start":{"line":109,"column":4},"end":{"line":109,"column":48}},{"start":{},"end":{}}]},"7":{"loc":{"start":{"line":109,"column":8},"end":{"line":109,"column":39}},"type":"binary-expr","locations":[{"start":{"line":109,"column":8},"end":{"line":109,"column":21}},{"start":{"line":109,"column":25},"end":{"line":109,"column":39}}]},"8":{"loc":{"start":{"line":117,"column":17},"end":{"line":117,"column":35}},"type":"default-arg","locations":[{"start":{"line":117,"column":34},"end":{"line":117,"column":35}}]},"9":{"loc":{"start":{"line":117,"column":37},"end":{"line":117,"column":55}},"type":"default-arg","locations":[{"start":{"line":117,"column":53},"end":{"line":117,"column":55}}]},"10":{"loc":{"start":{"line":118,"column":4},"end":{"line":118,"column":48}},"type":"if","locations":[{"start":{"line":118,"column":4},"end":{"line":118,"column":48}},{"start":{},"end":{}}]},"11":{"loc":{"start":{"line":118,"column":8},"end":{"line":118,"column":39}},"type":"binary-expr","locations":[{"start":{"line":118,"column":8},"end":{"line":118,"column":21}},{"start":{"line":118,"column":25},"end":{"line":118,"column":39}}]},"12":{"loc":{"start":{"line":167,"column":4},"end":{"line":172,"column":5}},"type":"if","locations":[{"start":{"line":167,"column":4},"end":{"line":172,"column":5}},{"start":{},"end":{}}]},"13":{"loc":{"start":{"line":182,"column":11},"end":{"line":182,"column":51}},"type":"binary-expr","locations":[{"start":{"line":182,"column":11},"end":{"line":182,"column":26}},{"start":{"line":182,"column":30},"end":{"line":182,"column":51}}]}},"s":{"0":1,"1":1,"2":1,"3":1,"4":1,"5":1,"6":1,"7":14,"8":1,"9":13,"10":1,"11":13,"12":13,"13":13,"14":12,"15":1,"16":1,"17":12,"18":1,"19":1,"20":12,"21":1,"22":1,"23":12,"24":1,"25":1,"26":12,"27":12,"28":1,"29":1,"30":2,"31":1,"32":1,"33":1,"34":1,"35":0,"36":1,"37":1,"38":0,"39":1,"40":2,"41":2,"42":1,"43":1,"44":1,"45":1,"46":0,"47":0,"48":1,"49":1,"50":0,"51":0,"52":1,"53":1,"54":0,"55":0,"56":16,"57":13,"58":13,"59":13,"60":13,"61":16,"62":16,"63":16,"64":16,"65":16,"66":16,"67":2,"68":1},"f":{"0":1,"1":14,"2":1,"3":1,"4":1,"5":1,"6":1,"7":1,"8":1,"9":1,"10":2,"11":1,"12":1,"13":2,"14":1,"15":1,"16":1,"17":0,"18":0,"19":1,"20":0,"21":0,"22":1,"23":0,"24":0,"25":16,"26":2},"b":{"0":[1,13],"1":[14,1],"2":[1,12],"3":[13,1],"4":[1,1],"5":[2,1],"6":[0,1],"7":[1,1],"8":[1],"9":[1],"10":[0,1],"11":[1,1],"12":[13,3],"13":[2,1]}}
,"/Users/annawierzbik/online-gaming-service/frontend/src/services/lobbyService.ts": {"path":"/Users/annawierzbik/online-gaming-service/frontend/src/services/lobbyService.ts","statementMap":{"0":{"start":{"line":4,"column":2},"end":{"line":6,"column":17}},"1":{"start":{"line":9,"column":14},"end":{"line":15,"column":4}},"2":{"start":{"line":17,"column":2},"end":{"line":28,"column":3}},"3":{"start":{"line":18,"column":23},"end":{"line":18,"column":40}},"4":{"start":{"line":19,"column":4},"end":{"line":26,"column":5}},"5":{"start":{"line":20,"column":20},"end":{"line":20,"column":36}},"6":{"start":{"line":21,"column":6},"end":{"line":23,"column":7}},"7":{"start":{"line":22,"column":8},"end":{"line":22,"column":37}},"8":{"start":{"line":25,"column":6},"end":{"line":25,"column":74}},"9":{"start":{"line":27,"column":4},"end":{"line":27,"column":34}},"10":{"start":{"line":30,"column":2},"end":{"line":30,"column":34}},"11":{"start":{"line":33,"column":13},"end":{"line":101,"column":2}},"12":{"start":{"line":35,"column":4},"end":{"line":35,"column":47}},"13":{"start":{"line":44,"column":4},"end":{"line":52,"column":7}},"14":{"start":{"line":60,"column":4},"end":{"line":67,"column":7}},"15":{"start":{"line":71,"column":4},"end":{"line":73,"column":7}},"16":{"start":{"line":77,"column":4},"end":{"line":79,"column":7}},"17":{"start":{"line":83,"column":4},"end":{"line":86,"column":7}},"18":{"start":{"line":90,"column":4},"end":{"line":92,"column":7}},"19":{"start":{"line":96,"column":4},"end":{"line":99,"column":7}}},"fnMap":{"0":{"name":"request","decl":{"start":{"line":8,"column":15},"end":{"line":8,"column":22}},"loc":{"start":{"line":8,"column":65},"end":{"line":31,"column":1}}},"1":{"name":"(anonymous_1)","decl":{"start":{"line":34,"column":2},"end":{"line":34,"column":13}},"loc":{"start":{"line":34,"column":13},"end":{"line":36,"column":3}}},"2":{"name":"(anonymous_2)","decl":{"start":{"line":38,"column":2},"end":{"line":38,"column":12}},"loc":{"start":{"line":42,"column":30},"end":{"line":53,"column":3}}},"3":{"name":"(anonymous_3)","decl":{"start":{"line":55,"column":2},"end":{"line":55,"column":10}},"loc":{"start":{"line":58,"column":20},"end":{"line":68,"column":3}}},"4":{"name":"(anonymous_4)","decl":{"start":{"line":70,"column":2},"end":{"line":70,"column":11}},"loc":{"start":{"line":70,"column":11},"end":{"line":74,"column":3}}},"5":{"name":"(anonymous_5)","decl":{"start":{"line":76,"column":2},"end":{"line":76,"column":13}},"loc":{"start":{"line":76,"column":13},"end":{"line":80,"column":3}}},"6":{"name":"(anonymous_6)","decl":{"start":{"line":82,"column":2},"end":{"line":82,"column":14}},"loc":{"start":{"line":82,"column":31},"end":{"line":87,"column":3}}},"7":{"name":"(anonymous_7)","decl":{"start":{"line":89,"column":2},"end":{"line":89,"column":11}},"loc":{"start":{"line":89,"column":11},"end":{"line":93,"column":3}}},"8":{"name":"(anonymous_8)","decl":{"start":{"line":95,"column":2},"end":{"line":95,"column":12}},"loc":{"start":{"line":95,"column":27},"end":{"line":100,"column":3}}}},"branchMap":{"0":{"loc":{"start":{"line":4,"column":2},"end":{"line":6,"column":17}},"type":"cond-expr","locations":[{"start":{"line":5,"column":6},"end":{"line":5,"column":54}},{"start":{"line":6,"column":6},"end":{"line":6,"column":17}}]},"1":{"loc":{"start":{"line":4,"column":2},"end":{"line":4,"column":55}},"type":"binary-expr","locations":[{"start":{"line":4,"column":2},"end":{"line":4,"column":36}},{"start":{"line":4,"column":40},"end":{"line":4,"column":55}}]},"2":{"loc":{"start":{"line":5,"column":6},"end":{"line":5,"column":54}},"type":"binary-expr","locations":[{"start":{"line":5,"column":6},"end":{"line":5,"column":39}},{"start":{"line":5,"column":43},"end":{"line":5,"column":54}}]},"3":{"loc":{"start":{"line":17,"column":2},"end":{"line":28,"column":3}},"type":"if","locations":[{"start":{"line":17,"column":2},"end":{"line":28,"column":3}},{"start":{},"end":{}}]},"4":{"loc":{"start":{"line":21,"column":6},"end":{"line":23,"column":7}},"type":"if","locations":[{"start":{"line":21,"column":6},"end":{"line":23,"column":7}},{"start":{},"end":{}}]},"5":{"loc":{"start":{"line":42,"column":4},"end":{"line":42,"column":30}},"type":"default-arg","locations":[{"start":{"line":42,"column":25},"end":{"line":42,"column":30}}]},"6":{"loc":{"start":{"line":49,"column":14},"end":{"line":49,"column":41}},"type":"binary-expr","locations":[{"start":{"line":49,"column":14},"end":{"line":49,"column":18}},{"start":{"line":49,"column":22},"end":{"line":49,"column":41}}]},"7":{"loc":{"start":{"line":57,"column":4},"end":{"line":57,"column":22}},"type":"default-arg","locations":[{"start":{"line":57,"column":15},"end":{"line":57,"column":22}}]},"8":{"loc":{"start":{"line":58,"column":4},"end":{"line":58,"column":20}},"type":"default-arg","locations":[{"start":{"line":58,"column":15},"end":{"line":58,"column":20}}]}},"s":{"0":1,"1":10,"2":10,"3":2,"4":2,"5":2,"6":1,"7":1,"8":1,"9":2,"10":8,"11":1,"12":3,"13":1,"14":1,"15":1,"16":1,"17":1,"18":1,"19":1},"f":{"0":10,"1":3,"2":1,"3":1,"4":1,"5":1,"6":1,"7":1,"8":1},"b":{"0":[0,1],"1":[1,1],"2":[0,0],"3":[2,8],"4":[1,0],"5":[0],"6":[1,1],"7":[1],"8":[1]}}
,"/Users/annawierzbik/online-gaming-service/frontend/src/services/makaoGameService.ts": {"path":"/Users/annawierzbik/online-gaming-service/frontend/src/services/makaoGameService.ts","statementMap":{"0":{"start":{"line":9,"column":2},"end":{"line":11,"column":17}},"1":{"start":{"line":19,"column":14},"end":{"line":25,"column":4}},"2":{"start":{"line":27,"column":2},"end":{"line":38,"column":3}},"3":{"start":{"line":28,"column":23},"end":{"line":28,"column":40}},"4":{"start":{"line":29,"column":4},"end":{"line":36,"column":5}},"5":{"start":{"line":30,"column":30},"end":{"line":30,"column":46}},"6":{"start":{"line":31,"column":6},"end":{"line":33,"column":7}},"7":{"start":{"line":32,"column":8},"end":{"line":32,"column":37}},"8":{"start":{"line":37,"column":4},"end":{"line":37,"column":34}},"9":{"start":{"line":41,"column":15},"end":{"line":41,"column":31}},"10":{"start":{"line":42,"column":2},"end":{"line":44,"column":3}},"11":{"start":{"line":43,"column":4},"end":{"line":43,"column":19}},"12":{"start":{"line":46,"column":2},"end":{"line":46,"column":31}},"13":{"start":{"line":61,"column":13},"end":{"line":156,"column":2}},"14":{"start":{"line":66,"column":42},"end":{"line":71,"column":6}},"15":{"start":{"line":73,"column":4},"end":{"line":76,"column":7}},"16":{"start":{"line":83,"column":4},"end":{"line":85,"column":7}},"17":{"start":{"line":92,"column":17},"end":{"line":97,"column":17}},"18":{"start":{"line":99,"column":4},"end":{"line":102,"column":7}},"19":{"start":{"line":109,"column":4},"end":{"line":111,"column":7}},"20":{"start":{"line":118,"column":4},"end":{"line":120,"column":7}},"21":{"start":{"line":128,"column":4},"end":{"line":130,"column":7}},"22":{"start":{"line":137,"column":4},"end":{"line":139,"column":7}},"23":{"start":{"line":147,"column":4},"end":{"line":154,"column":5}},"24":{"start":{"line":148,"column":6},"end":{"line":150,"column":9}},"25":{"start":{"line":151,"column":6},"end":{"line":151,"column":18}},"26":{"start":{"line":153,"column":6},"end":{"line":153,"column":19}},"27":{"start":{"line":158,"column":0},"end":{"line":158,"column":32}}},"fnMap":{"0":{"name":"request","decl":{"start":{"line":18,"column":15},"end":{"line":18,"column":22}},"loc":{"start":{"line":18,"column":65},"end":{"line":47,"column":1}}},"1":{"name":"(anonymous_1)","decl":{"start":{"line":65,"column":2},"end":{"line":65,"column":10}},"loc":{"start":{"line":65,"column":35},"end":{"line":77,"column":3}}},"2":{"name":"(anonymous_2)","decl":{"start":{"line":82,"column":2},"end":{"line":82,"column":10}},"loc":{"start":{"line":82,"column":10},"end":{"line":86,"column":3}}},"3":{"name":"(anonymous_3)","decl":{"start":{"line":91,"column":2},"end":{"line":91,"column":15}},"loc":{"start":{"line":91,"column":46},"end":{"line":103,"column":3}}},"4":{"name":"(anonymous_4)","decl":{"start":{"line":108,"column":2},"end":{"line":108,"column":15}},"loc":{"start":{"line":108,"column":15},"end":{"line":112,"column":3}}},"5":{"name":"(anonymous_5)","decl":{"start":{"line":117,"column":2},"end":{"line":117,"column":14}},"loc":{"start":{"line":117,"column":14},"end":{"line":121,"column":3}}},"6":{"name":"(anonymous_6)","decl":{"start":{"line":127,"column":2},"end":{"line":127,"column":14}},"loc":{"start":{"line":127,"column":14},"end":{"line":131,"column":3}}},"7":{"name":"(anonymous_7)","decl":{"start":{"line":136,"column":2},"end":{"line":136,"column":11}},"loc":{"start":{"line":136,"column":11},"end":{"line":140,"column":3}}},"8":{"name":"(anonymous_8)","decl":{"start":{"line":146,"column":2},"end":{"line":146,"column":7}},"loc":{"start":{"line":146,"column":23},"end":{"line":155,"column":3}}}},"branchMap":{"0":{"loc":{"start":{"line":9,"column":2},"end":{"line":11,"column":17}},"type":"cond-expr","locations":[{"start":{"line":10,"column":6},"end":{"line":10,"column":55}},{"start":{"line":11,"column":6},"end":{"line":11,"column":17}}]},"1":{"loc":{"start":{"line":9,"column":2},"end":{"line":9,"column":55}},"type":"binary-expr","locations":[{"start":{"line":9,"column":2},"end":{"line":9,"column":36}},{"start":{"line":9,"column":40},"end":{"line":9,"column":55}}]},"2":{"loc":{"start":{"line":10,"column":6},"end":{"line":10,"column":55}},"type":"binary-expr","locations":[{"start":{"line":10,"column":6},"end":{"line":10,"column":40}},{"start":{"line":10,"column":44},"end":{"line":10,"column":55}}]},"3":{"loc":{"start":{"line":27,"column":2},"end":{"line":38,"column":3}},"type":"if","locations":[{"start":{"line":27,"column":2},"end":{"line":38,"column":3}},{"start":{},"end":{}}]},"4":{"loc":{"start":{"line":31,"column":6},"end":{"line":33,"column":7}},"type":"if","locations":[{"start":{"line":31,"column":6},"end":{"line":33,"column":7}},{"start":{},"end":{}}]},"5":{"loc":{"start":{"line":42,"column":2},"end":{"line":44,"column":3}},"type":"if","locations":[{"start":{"line":42,"column":2},"end":{"line":44,"column":3}},{"start":{},"end":{}}]},"6":{"loc":{"start":{"line":69,"column":19},"end":{"line":69,"column":46}},"type":"binary-expr","locations":[{"start":{"line":69,"column":19},"end":{"line":69,"column":38}},{"start":{"line":69,"column":42},"end":{"line":69,"column":46}}]},"7":{"loc":{"start":{"line":70,"column":19},"end":{"line":70,"column":46}},"type":"binary-expr","locations":[{"start":{"line":70,"column":19},"end":{"line":70,"column":38}},{"start":{"line":70,"column":42},"end":{"line":70,"column":46}}]},"8":{"loc":{"start":{"line":92,"column":17},"end":{"line":97,"column":17}},"type":"cond-expr","locations":[{"start":{"line":93,"column":8},"end":{"line":96,"column":10}},{"start":{"line":97,"column":8},"end":{"line":97,"column":17}}]},"9":{"loc":{"start":{"line":94,"column":23},"end":{"line":94,"column":50}},"type":"binary-expr","locations":[{"start":{"line":94,"column":23},"end":{"line":94,"column":42}},{"start":{"line":94,"column":46},"end":{"line":94,"column":50}}]},"10":{"loc":{"start":{"line":95,"column":23},"end":{"line":95,"column":50}},"type":"binary-expr","locations":[{"start":{"line":95,"column":23},"end":{"line":95,"column":42}},{"start":{"line":95,"column":46},"end":{"line":95,"column":50}}]}},"s":{"0":1,"1":11,"2":11,"3":3,"4":3,"5":3,"6":1,"7":1,"8":3,"9":8,"10":8,"11":1,"12":7,"13":1,"14":1,"15":1,"16":3,"17":1,"18":1,"19":1,"20":1,"21":1,"22":1,"23":2,"24":2,"25":1,"26":1,"27":1},"f":{"0":11,"1":1,"2":3,"3":1,"4":1,"5":1,"6":1,"7":1,"8":2},"b":{"0":[0,1],"1":[1,1],"2":[0,0],"3":[3,8],"4":[1,0],"5":[1,7],"6":[1,1],"7":[1,1],"8":[1,0],"9":[1,0],"10":[1,1]}}
,"/Users/annawierzbik/online-gaming-service/frontend/src/services/socialService.ts": {"path":"/Users/annawierzbik/online-gaming-service/frontend/src/services/socialService.ts","statementMap":{"0":{"start":{"line":4,"column":2},"end":{"line":6,"column":19}},"1":{"start":{"line":36,"column":19},"end":{"line":40,"column":1}},"2":{"start":{"line":37,"column":2},"end":{"line":39,"column":4}},"3":{"start":{"line":42,"column":29},"end":{"line":51,"column":1}},"4":{"start":{"line":43,"column":2},"end":{"line":50,"column":5}},"5":{"start":{"line":53,"column":13},"end":{"line":202,"column":2}},"6":{"start":{"line":55,"column":21},"end":{"line":60,"column":null}},"7":{"start":{"line":62,"column":4},"end":{"line":62,"column":71}},"8":{"start":{"line":62,"column":22},"end":{"line":62,"column":71}},"9":{"start":{"line":66,"column":21},"end":{"line":71,"column":null}},"10":{"start":{"line":73,"column":4},"end":{"line":73,"column":73}},"11":{"start":{"line":73,"column":22},"end":{"line":73,"column":73}},"12":{"start":{"line":77,"column":21},"end":{"line":82,"column":null}},"13":{"start":{"line":84,"column":4},"end":{"line":84,"column":73}},"14":{"start":{"line":84,"column":22},"end":{"line":84,"column":73}},"15":{"start":{"line":88,"column":21},"end":{"line":90,"column":6}},"16":{"start":{"line":91,"column":4},"end":{"line":91,"column":65}},"17":{"start":{"line":91,"column":22},"end":{"line":91,"column":65}},"18":{"start":{"line":92,"column":4},"end":{"line":92,"column":27}},"19":{"start":{"line":96,"column":21},"end":{"line":100,"column":null}},"20":{"start":{"line":102,"column":4},"end":{"line":102,"column":74}},"21":{"start":{"line":102,"column":22},"end":{"line":102,"column":74}},"22":{"start":{"line":103,"column":4},"end":{"line":103,"column":27}},"23":{"start":{"line":107,"column":21},"end":{"line":111,"column":null}},"24":{"start":{"line":113,"column":4},"end":{"line":113,"column":71}},"25":{"start":{"line":113,"column":22},"end":{"line":113,"column":71}},"26":{"start":{"line":114,"column":4},"end":{"line":114,"column":27}},"27":{"start":{"line":118,"column":21},"end":{"line":122,"column":null}},"28":{"start":{"line":124,"column":4},"end":{"line":124,"column":65}},"29":{"start":{"line":124,"column":22},"end":{"line":124,"column":65}},"30":{"start":{"line":137,"column":21},"end":{"line":142,"column":null}},"31":{"start":{"line":144,"column":4},"end":{"line":147,"column":5}},"32":{"start":{"line":145,"column":20},"end":{"line":145,"column":59}},"33":{"start":{"line":145,"column":55},"end":{"line":145,"column":57}},"34":{"start":{"line":146,"column":6},"end":{"line":146,"column":69}},"35":{"start":{"line":148,"column":4},"end":{"line":148,"column":27}},"36":{"start":{"line":152,"column":21},"end":{"line":156,"column":null}},"37":{"start":{"line":158,"column":4},"end":{"line":158,"column":78}},"38":{"start":{"line":158,"column":22},"end":{"line":158,"column":78}},"39":{"start":{"line":159,"column":4},"end":{"line":159,"column":27}},"40":{"start":{"line":163,"column":21},"end":{"line":167,"column":null}},"41":{"start":{"line":169,"column":4},"end":{"line":169,"column":75}},"42":{"start":{"line":169,"column":22},"end":{"line":169,"column":75}},"43":{"start":{"line":170,"column":4},"end":{"line":170,"column":27}},"44":{"start":{"line":174,"column":21},"end":{"line":179,"column":null}},"45":{"start":{"line":181,"column":4},"end":{"line":184,"column":5}},"46":{"start":{"line":182,"column":20},"end":{"line":182,"column":59}},"47":{"start":{"line":182,"column":55},"end":{"line":182,"column":57}},"48":{"start":{"line":183,"column":6},"end":{"line":183,"column":71}},"49":{"start":{"line":185,"column":4},"end":{"line":185,"column":27}},"50":{"start":{"line":189,"column":21},"end":{"line":194,"column":null}},"51":{"start":{"line":196,"column":4},"end":{"line":199,"column":5}},"52":{"start":{"line":197,"column":20},"end":{"line":197,"column":59}},"53":{"start":{"line":197,"column":55},"end":{"line":197,"column":57}},"54":{"start":{"line":198,"column":6},"end":{"line":198,"column":72}},"55":{"start":{"line":200,"column":4},"end":{"line":200,"column":27}}},"fnMap":{"0":{"name":"(anonymous_0)","decl":{"start":{"line":36,"column":19},"end":{"line":36,"column":22}},"loc":{"start":{"line":36,"column":24},"end":{"line":40,"column":1}}},"1":{"name":"(anonymous_1)","decl":{"start":{"line":42,"column":29},"end":{"line":42,"column":30}},"loc":{"start":{"line":42,"column":72},"end":{"line":51,"column":1}}},"2":{"name":"(anonymous_2)","decl":{"start":{"line":54,"column":2},"end":{"line":54,"column":7}},"loc":{"start":{"line":54,"column":46},"end":{"line":63,"column":3}}},"3":{"name":"(anonymous_3)","decl":{"start":{"line":65,"column":2},"end":{"line":65,"column":7}},"loc":{"start":{"line":65,"column":45},"end":{"line":74,"column":3}}},"4":{"name":"(anonymous_4)","decl":{"start":{"line":76,"column":2},"end":{"line":76,"column":7}},"loc":{"start":{"line":76,"column":45},"end":{"line":85,"column":3}}},"5":{"name":"(anonymous_5)","decl":{"start":{"line":87,"column":2},"end":{"line":87,"column":7}},"loc":{"start":{"line":87,"column":18},"end":{"line":93,"column":3}}},"6":{"name":"(anonymous_6)","decl":{"start":{"line":95,"column":2},"end":{"line":95,"column":7}},"loc":{"start":{"line":95,"column":26},"end":{"line":104,"column":3}}},"7":{"name":"(anonymous_7)","decl":{"start":{"line":106,"column":2},"end":{"line":106,"column":7}},"loc":{"start":{"line":106,"column":23},"end":{"line":115,"column":3}}},"8":{"name":"(anonymous_8)","decl":{"start":{"line":117,"column":2},"end":{"line":117,"column":7}},"loc":{"start":{"line":117,"column":37},"end":{"line":125,"column":3}}},"9":{"name":"(anonymous_9)","decl":{"start":{"line":131,"column":2},"end":{"line":131,"column":7}},"loc":{"start":{"line":135,"column":30},"end":{"line":149,"column":3}}},"10":{"name":"(anonymous_10)","decl":{"start":{"line":145,"column":48},"end":{"line":145,"column":51}},"loc":{"start":{"line":145,"column":55},"end":{"line":145,"column":57}}},"11":{"name":"(anonymous_11)","decl":{"start":{"line":151,"column":2},"end":{"line":151,"column":7}},"loc":{"start":{"line":151,"column":29},"end":{"line":160,"column":3}}},"12":{"name":"(anonymous_12)","decl":{"start":{"line":162,"column":2},"end":{"line":162,"column":7}},"loc":{"start":{"line":162,"column":26},"end":{"line":171,"column":3}}},"13":{"name":"(anonymous_13)","decl":{"start":{"line":173,"column":2},"end":{"line":173,"column":7}},"loc":{"start":{"line":173,"column":41},"end":{"line":186,"column":3}}},"14":{"name":"(anonymous_14)","decl":{"start":{"line":182,"column":48},"end":{"line":182,"column":51}},"loc":{"start":{"line":182,"column":55},"end":{"line":182,"column":57}}},"15":{"name":"(anonymous_15)","decl":{"start":{"line":188,"column":2},"end":{"line":188,"column":7}},"loc":{"start":{"line":188,"column":42},"end":{"line":201,"column":3}}},"16":{"name":"(anonymous_16)","decl":{"start":{"line":197,"column":48},"end":{"line":197,"column":51}},"loc":{"start":{"line":197,"column":55},"end":{"line":197,"column":57}}}},"branchMap":{"0":{"loc":{"start":{"line":4,"column":2},"end":{"line":6,"column":19}},"type":"cond-expr","locations":[{"start":{"line":5,"column":6},"end":{"line":5,"column":58}},{"start":{"line":6,"column":6},"end":{"line":6,"column":19}}]},"1":{"loc":{"start":{"line":4,"column":2},"end":{"line":4,"column":55}},"type":"binary-expr","locations":[{"start":{"line":4,"column":2},"end":{"line":4,"column":36}},{"start":{"line":4,"column":40},"end":{"line":4,"column":55}}]},"2":{"loc":{"start":{"line":5,"column":6},"end":{"line":5,"column":58}},"type":"binary-expr","locations":[{"start":{"line":5,"column":6},"end":{"line":5,"column":41}},{"start":{"line":5,"column":45},"end":{"line":5,"column":58}}]},"3":{"loc":{"start":{"line":42,"column":43},"end":{"line":42,"column":68}},"type":"default-arg","locations":[{"start":{"line":42,"column":66},"end":{"line":42,"column":68}}]},"4":{"loc":{"start":{"line":62,"column":4},"end":{"line":62,"column":71}},"type":"if","locations":[{"start":{"line":62,"column":4},"end":{"line":62,"column":71}},{"start":{},"end":{}}]},"5":{"loc":{"start":{"line":73,"column":4},"end":{"line":73,"column":73}},"type":"if","locations":[{"start":{"line":73,"column":4},"end":{"line":73,"column":73}},{"start":{},"end":{}}]},"6":{"loc":{"start":{"line":84,"column":4},"end":{"line":84,"column":73}},"type":"if","locations":[{"start":{"line":84,"column":4},"end":{"line":84,"column":73}},{"start":{},"end":{}}]},"7":{"loc":{"start":{"line":91,"column":4},"end":{"line":91,"column":65}},"type":"if","locations":[{"start":{"line":91,"column":4},"end":{"line":91,"column":65}},{"start":{},"end":{}}]},"8":{"loc":{"start":{"line":102,"column":4},"end":{"line":102,"column":74}},"type":"if","locations":[{"start":{"line":102,"column":4},"end":{"line":102,"column":74}},{"start":{},"end":{}}]},"9":{"loc":{"start":{"line":113,"column":4},"end":{"line":113,"column":71}},"type":"if","locations":[{"start":{"line":113,"column":4},"end":{"line":113,"column":71}},{"start":{},"end":{}}]},"10":{"loc":{"start":{"line":124,"column":4},"end":{"line":124,"column":65}},"type":"if","locations":[{"start":{"line":124,"column":4},"end":{"line":124,"column":65}},{"start":{},"end":{}}]},"11":{"loc":{"start":{"line":144,"column":4},"end":{"line":147,"column":5}},"type":"if","locations":[{"start":{"line":144,"column":4},"end":{"line":147,"column":5}},{"start":{},"end":{}}]},"12":{"loc":{"start":{"line":146,"column":22},"end":{"line":146,"column":67}},"type":"binary-expr","locations":[{"start":{"line":146,"column":22},"end":{"line":146,"column":35}},{"start":{"line":146,"column":39},"end":{"line":146,"column":67}}]},"13":{"loc":{"start":{"line":158,"column":4},"end":{"line":158,"column":78}},"type":"if","locations":[{"start":{"line":158,"column":4},"end":{"line":158,"column":78}},{"start":{},"end":{}}]},"14":{"loc":{"start":{"line":169,"column":4},"end":{"line":169,"column":75}},"type":"if","locations":[{"start":{"line":169,"column":4},"end":{"line":169,"column":75}},{"start":{},"end":{}}]},"15":{"loc":{"start":{"line":181,"column":4},"end":{"line":184,"column":5}},"type":"if","locations":[{"start":{"line":181,"column":4},"end":{"line":184,"column":5}},{"start":{},"end":{}}]},"16":{"loc":{"start":{"line":183,"column":22},"end":{"line":183,"column":69}},"type":"binary-expr","locations":[{"start":{"line":183,"column":22},"end":{"line":183,"column":35}},{"start":{"line":183,"column":39},"end":{"line":183,"column":69}}]},"17":{"loc":{"start":{"line":196,"column":4},"end":{"line":199,"column":5}},"type":"if","locations":[{"start":{"line":196,"column":4},"end":{"line":199,"column":5}},{"start":{},"end":{}}]},"18":{"loc":{"start":{"line":198,"column":22},"end":{"line":198,"column":70}},"type":"binary-expr","locations":[{"start":{"line":198,"column":22},"end":{"line":198,"column":35}},{"start":{"line":198,"column":39},"end":{"line":198,"column":70}}]}},"s":{"0":1,"1":1,"2":15,"3":1,"4":15,"5":1,"6":2,"7":2,"8":1,"9":1,"10":1,"11":0,"12":1,"13":1,"14":0,"15":1,"16":1,"17":0,"18":1,"19":1,"20":1,"21":0,"22":1,"23":1,"24":1,"25":0,"26":1,"27":1,"28":1,"29":0,"30":2,"31":2,"32":1,"33":0,"34":1,"35":1,"36":1,"37":1,"38":0,"39":1,"40":1,"41":1,"42":0,"43":1,"44":1,"45":1,"46":0,"47":0,"48":0,"49":1,"50":2,"51":2,"52":1,"53":1,"54":1,"55":1},"f":{"0":15,"1":15,"2":2,"3":1,"4":1,"5":1,"6":1,"7":1,"8":1,"9":2,"10":0,"11":1,"12":1,"13":1,"14":0,"15":2,"16":1},"b":{"0":[0,1],"1":[1,1],"2":[0,0],"3":[0],"4":[1,1],"5":[0,1],"6":[0,1],"7":[0,1],"8":[0,1],"9":[0,1],"10":[0,1],"11":[1,1],"12":[1,0],"13":[0,1],"14":[0,1],"15":[0,1],"16":[0,0],"17":[1,1],"18":[1,1]}}
,"/Users/annawierzbik/online-gaming-service/frontend/src/services/socialSocketService.ts": {"path":"/Users/annawierzbik/online-gaming-service/frontend/src/services/socialSocketService.ts","statementMap":{"0":{"start":{"line":1,"column":0},"end":{"line":1,"column":35}},"1":{"start":{"line":2,"column":0},"end":{"line":2,"column":35}},"2":{"start":{"line":5,"column":2},"end":{"line":7,"column":31}},"3":{"start":{"line":8,"column":30},"end":{"line":8,"column":35}},"4":{"start":{"line":11,"column":10},"end":{"line":11,"column":47}},"5":{"start":{"line":12,"column":10},"end":{"line":12,"column":71}},"6":{"start":{"line":13,"column":10},"end":{"line":13,"column":57}},"7":{"start":{"line":14,"column":10},"end":{"line":14,"column":74}},"8":{"start":{"line":17,"column":4},"end":{"line":17,"column":57}},"9":{"start":{"line":17,"column":32},"end":{"line":17,"column":57}},"10":{"start":{"line":18,"column":4},"end":{"line":18,"column":62}},"11":{"start":{"line":18,"column":32},"end":{"line":18,"column":62}},"12":{"start":{"line":20,"column":4},"end":{"line":39,"column":7}},"13":{"start":{"line":21,"column":21},"end":{"line":21,"column":39}},"14":{"start":{"line":22,"column":6},"end":{"line":22,"column":41}},"15":{"start":{"line":23,"column":6},"end":{"line":23,"column":35}},"16":{"start":{"line":25,"column":6},"end":{"line":38,"column":8}},"17":{"start":{"line":28,"column":10},"end":{"line":28,"column":50}},"18":{"start":{"line":29,"column":10},"end":{"line":29,"column":40}},"19":{"start":{"line":30,"column":10},"end":{"line":30,"column":32}},"20":{"start":{"line":31,"column":10},"end":{"line":31,"column":20}},"21":{"start":{"line":34,"column":10},"end":{"line":34,"column":65}},"22":{"start":{"line":35,"column":10},"end":{"line":35,"column":40}},"23":{"start":{"line":36,"column":10},"end":{"line":36,"column":22}},"24":{"start":{"line":41,"column":4},"end":{"line":41,"column":34}},"25":{"start":{"line":45,"column":4},"end":{"line":45,"column":25}},"26":{"start":{"line":46,"column":4},"end":{"line":46,"column":53}},"27":{"start":{"line":48,"column":4},"end":{"line":48,"column":20}},"28":{"start":{"line":50,"column":4},"end":{"line":52,"column":30}},"29":{"start":{"line":51,"column":6},"end":{"line":51,"column":22}},"30":{"start":{"line":56,"column":4},"end":{"line":59,"column":5}},"31":{"start":{"line":57,"column":6},"end":{"line":57,"column":44}},"32":{"start":{"line":58,"column":6},"end":{"line":58,"column":36}},"33":{"start":{"line":63,"column":4},"end":{"line":66,"column":5}},"34":{"start":{"line":64,"column":6},"end":{"line":64,"column":58}},"35":{"start":{"line":65,"column":6},"end":{"line":65,"column":53}},"36":{"start":{"line":70,"column":4},"end":{"line":72,"column":5}},"37":{"start":{"line":71,"column":6},"end":{"line":71,"column":62}},"38":{"start":{"line":76,"column":4},"end":{"line":82,"column":5}},"39":{"start":{"line":77,"column":6},"end":{"line":80,"column":8}},"40":{"start":{"line":81,"column":6},"end":{"line":81,"column":13}},"41":{"start":{"line":84,"column":4},"end":{"line":87,"column":5}},"42":{"start":{"line":85,"column":6},"end":{"line":85,"column":65}},"43":{"start":{"line":86,"column":6},"end":{"line":86,"column":13}},"44":{"start":{"line":89,"column":4},"end":{"line":89,"column":56}},"45":{"start":{"line":90,"column":16},"end":{"line":93,"column":6}},"46":{"start":{"line":91,"column":6},"end":{"line":91,"column":73}},"47":{"start":{"line":92,"column":6},"end":{"line":92,"column":37}},"48":{"start":{"line":94,"column":4},"end":{"line":94,"column":39}},"49":{"start":{"line":98,"column":16},"end":{"line":98,"column":45}},"50":{"start":{"line":99,"column":4},"end":{"line":102,"column":5}},"51":{"start":{"line":100,"column":6},"end":{"line":100,"column":24}},"52":{"start":{"line":101,"column":6},"end":{"line":101,"column":39}},"53":{"start":{"line":106,"column":4},"end":{"line":106,"column":25}},"54":{"start":{"line":107,"column":4},"end":{"line":110,"column":7}},"55":{"start":{"line":108,"column":6},"end":{"line":108,"column":33}},"56":{"start":{"line":109,"column":6},"end":{"line":109,"column":25}},"57":{"start":{"line":114,"column":13},"end":{"line":114,"column":61}}},"fnMap":{"0":{"name":"(anonymous_10)","decl":{"start":{"line":10,"column":0},"end":{"line":10,"column":6}},"loc":{"start":{"line":10,"column":0},"end":{"line":112,"column":1}}},"1":{"name":"(anonymous_11)","decl":{"start":{"line":16,"column":2},"end":{"line":16,"column":9}},"loc":{"start":{"line":16,"column":9},"end":{"line":42,"column":3}}},"2":{"name":"(anonymous_12)","decl":{"start":{"line":20,"column":41},"end":{"line":20,"column":42}},"loc":{"start":{"line":20,"column":61},"end":{"line":39,"column":5}}},"3":{"name":"(anonymous_13)","decl":{"start":{"line":23,"column":26},"end":{"line":23,"column":29}},"loc":{"start":{"line":23,"column":31},"end":{"line":23,"column":34}}},"4":{"name":"(anonymous_14)","decl":{"start":{"line":27,"column":8},"end":{"line":27,"column":11}},"loc":{"start":{"line":27,"column":13},"end":{"line":32,"column":9}}},"5":{"name":"(anonymous_15)","decl":{"start":{"line":33,"column":8},"end":{"line":33,"column":9}},"loc":{"start":{"line":33,"column":16},"end":{"line":37,"column":9}}},"6":{"name":"(anonymous_16)","decl":{"start":{"line":44,"column":10},"end":{"line":44,"column":24}},"loc":{"start":{"line":44,"column":24},"end":{"line":53,"column":3}}},"7":{"name":"(anonymous_17)","decl":{"start":{"line":50,"column":41},"end":{"line":50,"column":44}},"loc":{"start":{"line":50,"column":46},"end":{"line":52,"column":5}}},"8":{"name":"(anonymous_18)","decl":{"start":{"line":55,"column":10},"end":{"line":55,"column":23}},"loc":{"start":{"line":55,"column":23},"end":{"line":60,"column":3}}},"9":{"name":"(anonymous_19)","decl":{"start":{"line":62,"column":10},"end":{"line":62,"column":18}},"loc":{"start":{"line":62,"column":18},"end":{"line":67,"column":3}}},"10":{"name":"(anonymous_20)","decl":{"start":{"line":69,"column":2},"end":{"line":69,"column":6}},"loc":{"start":{"line":69,"column":42},"end":{"line":73,"column":3}}},"11":{"name":"(anonymous_21)","decl":{"start":{"line":75,"column":2},"end":{"line":75,"column":11}},"loc":{"start":{"line":75,"column":59},"end":{"line":95,"column":3}}},"12":{"name":"(anonymous_22)","decl":{"start":{"line":90,"column":45},"end":{"line":90,"column":46}},"loc":{"start":{"line":90,"column":53},"end":{"line":93,"column":5}}},"13":{"name":"(anonymous_23)","decl":{"start":{"line":97,"column":2},"end":{"line":97,"column":13}},"loc":{"start":{"line":97,"column":27},"end":{"line":103,"column":3}}},"14":{"name":"(anonymous_24)","decl":{"start":{"line":105,"column":2},"end":{"line":105,"column":12}},"loc":{"start":{"line":105,"column":12},"end":{"line":111,"column":3}}},"15":{"name":"(anonymous_25)","decl":{"start":{"line":107,"column":28},"end":{"line":107,"column":31}},"loc":{"start":{"line":107,"column":33},"end":{"line":110,"column":5}}}},"branchMap":{"0":{"loc":{"start":{"line":5,"column":2},"end":{"line":7,"column":31}},"type":"cond-expr","locations":[{"start":{"line":6,"column":6},"end":{"line":6,"column":73}},{"start":{"line":7,"column":6},"end":{"line":7,"column":31}}]},"1":{"loc":{"start":{"line":5,"column":2},"end":{"line":5,"column":55}},"type":"binary-expr","locations":[{"start":{"line":5,"column":2},"end":{"line":5,"column":36}},{"start":{"line":5,"column":40},"end":{"line":5,"column":55}}]},"2":{"loc":{"start":{"line":6,"column":6},"end":{"line":6,"column":73}},"type":"binary-expr","locations":[{"start":{"line":6,"column":6},"end":{"line":6,"column":44}},{"start":{"line":6,"column":48},"end":{"line":6,"column":73}}]},"3":{"loc":{"start":{"line":17,"column":4},"end":{"line":17,"column":57}},"type":"if","locations":[{"start":{"line":17,"column":4},"end":{"line":17,"column":57}},{"start":{},"end":{}}]},"4":{"loc":{"start":{"line":18,"column":4},"end":{"line":18,"column":62}},"type":"if","locations":[{"start":{"line":18,"column":4},"end":{"line":18,"column":62}},{"start":{},"end":{}}]},"5":{"loc":{"start":{"line":56,"column":4},"end":{"line":59,"column":5}},"type":"if","locations":[{"start":{"line":56,"column":4},"end":{"line":59,"column":5}},{"start":{},"end":{}}]},"6":{"loc":{"start":{"line":63,"column":4},"end":{"line":66,"column":5}},"type":"if","locations":[{"start":{"line":63,"column":4},"end":{"line":66,"column":5}},{"start":{},"end":{}}]},"7":{"loc":{"start":{"line":69,"column":28},"end":{"line":69,"column":42}},"type":"default-arg","locations":[{"start":{"line":69,"column":40},"end":{"line":69,"column":42}}]},"8":{"loc":{"start":{"line":70,"column":4},"end":{"line":72,"column":5}},"type":"if","locations":[{"start":{"line":70,"column":4},"end":{"line":72,"column":5}},{"start":{},"end":{}}]},"9":{"loc":{"start":{"line":76,"column":4},"end":{"line":82,"column":5}},"type":"if","locations":[{"start":{"line":76,"column":4},"end":{"line":82,"column":5}},{"start":{},"end":{}}]},"10":{"loc":{"start":{"line":84,"column":4},"end":{"line":87,"column":5}},"type":"if","locations":[{"start":{"line":84,"column":4},"end":{"line":87,"column":5}},{"start":{},"end":{}}]},"11":{"loc":{"start":{"line":99,"column":4},"end":{"line":102,"column":5}},"type":"if","locations":[{"start":{"line":99,"column":4},"end":{"line":102,"column":5}},{"start":{},"end":{}}]}},"s":{"0":1,"1":1,"2":1,"3":1,"4":1,"5":1,"6":1,"7":1,"8":4,"9":0,"10":4,"11":0,"12":4,"13":4,"14":4,"15":4,"16":4,"17":3,"18":3,"19":3,"20":3,"21":1,"22":1,"23":1,"24":4,"25":3,"26":3,"27":3,"28":3,"29":0,"30":7,"31":3,"32":3,"33":3,"34":3,"35":3,"36":0,"37":0,"38":2,"39":0,"40":0,"41":2,"42":0,"43":0,"44":2,"45":2,"46":1,"47":1,"48":2,"49":1,"50":1,"51":1,"52":1,"53":4,"54":4,"55":4,"56":4,"57":1},"f":{"0":1,"1":4,"2":4,"3":0,"4":3,"5":1,"6":3,"7":0,"8":7,"9":3,"10":0,"11":2,"12":1,"13":1,"14":4,"15":4},"b":{"0":[0,1],"1":[1,1],"2":[0,0],"3":[0,4],"4":[0,4],"5":[3,4],"6":[3,0],"7":[0],"8":[0,0],"9":[0,2],"10":[0,2],"11":[1,0]}}
,"/Users/annawierzbik/online-gaming-service/frontend/src/services/socketService.ts": {"path":"/Users/annawierzbik/online-gaming-service/frontend/src/services/socketService.ts","statementMap":{"0":{"start":{"line":1,"column":0},"end":{"line":1,"column":35}},"1":{"start":{"line":2,"column":0},"end":{"line":2,"column":35}},"2":{"start":{"line":5,"column":2},"end":{"line":7,"column":20}},"3":{"start":{"line":16,"column":10},"end":{"line":16,"column":36}},"4":{"start":{"line":17,"column":10},"end":{"line":17,"column":37}},"5":{"start":{"line":18,"column":10},"end":{"line":18,"column":68}},"6":{"start":{"line":19,"column":10},"end":{"line":19,"column":70}},"7":{"start":{"line":20,"column":10},"end":{"line":20,"column":40}},"8":{"start":{"line":21,"column":10},"end":{"line":21,"column":54}},"9":{"start":{"line":22,"column":10},"end":{"line":22,"column":45}},"10":{"start":{"line":25,"column":4},"end":{"line":25,"column":43}},"11":{"start":{"line":26,"column":4},"end":{"line":26,"column":47}},"12":{"start":{"line":27,"column":4},"end":{"line":27,"column":43}},"13":{"start":{"line":35,"column":4},"end":{"line":35,"column":35}},"14":{"start":{"line":37,"column":4},"end":{"line":39,"column":5}},"15":{"start":{"line":38,"column":6},"end":{"line":38,"column":31}},"16":{"start":{"line":41,"column":4},"end":{"line":43,"column":5}},"17":{"start":{"line":42,"column":6},"end":{"line":42,"column":33}},"18":{"start":{"line":45,"column":4},"end":{"line":45,"column":29}},"19":{"start":{"line":47,"column":4},"end":{"line":79,"column":7}},"20":{"start":{"line":48,"column":29},"end":{"line":76,"column":7}},"21":{"start":{"line":49,"column":8},"end":{"line":75,"column":9}},"22":{"start":{"line":50,"column":25},"end":{"line":50,"column":43}},"23":{"start":{"line":51,"column":10},"end":{"line":51,"column":45}},"24":{"start":{"line":54,"column":10},"end":{"line":54,"column":49}},"25":{"start":{"line":55,"column":10},"end":{"line":55,"column":49}},"26":{"start":{"line":58,"column":10},"end":{"line":58,"column":39}},"27":{"start":{"line":60,"column":10},"end":{"line":71,"column":12}},"28":{"start":{"line":63,"column":14},"end":{"line":63,"column":31}},"29":{"start":{"line":64,"column":14},"end":{"line":64,"column":24}},"30":{"start":{"line":67,"column":14},"end":{"line":67,"column":34}},"31":{"start":{"line":73,"column":10},"end":{"line":73,"column":28}},"32":{"start":{"line":78,"column":6},"end":{"line":78,"column":23}},"33":{"start":{"line":81,"column":4},"end":{"line":81,"column":31}},"34":{"start":{"line":85,"column":4},"end":{"line":85,"column":45}},"35":{"start":{"line":86,"column":4},"end":{"line":86,"column":26}},"36":{"start":{"line":87,"column":4},"end":{"line":87,"column":30}},"37":{"start":{"line":91,"column":4},"end":{"line":91,"column":31}},"38":{"start":{"line":93,"column":4},"end":{"line":96,"column":5}},"39":{"start":{"line":94,"column":6},"end":{"line":94,"column":40}},"40":{"start":{"line":95,"column":6},"end":{"line":95,"column":33}},"41":{"start":{"line":98,"column":4},"end":{"line":98,"column":26}},"42":{"start":{"line":102,"column":4},"end":{"line":102,"column":62}},"43":{"start":{"line":103,"column":4},"end":{"line":103,"column":27}},"44":{"start":{"line":104,"column":4},"end":{"line":104,"column":30}},"45":{"start":{"line":107,"column":4},"end":{"line":109,"column":5}},"46":{"start":{"line":108,"column":6},"end":{"line":108,"column":31}},"47":{"start":{"line":113,"column":4},"end":{"line":113,"column":62}},"48":{"start":{"line":113,"column":55},"end":{"line":113,"column":62}},"49":{"start":{"line":115,"column":4},"end":{"line":119,"column":13}},"50":{"start":{"line":116,"column":6},"end":{"line":116,"column":33}},"51":{"start":{"line":117,"column":6},"end":{"line":117,"column":60}},"52":{"start":{"line":118,"column":6},"end":{"line":118,"column":21}},"53":{"start":{"line":123,"column":4},"end":{"line":123,"column":48}},"54":{"start":{"line":123,"column":41},"end":{"line":123,"column":48}},"55":{"start":{"line":125,"column":4},"end":{"line":146,"column":7}},"56":{"start":{"line":126,"column":6},"end":{"line":130,"column":7}},"57":{"start":{"line":127,"column":8},"end":{"line":129,"column":22}},"58":{"start":{"line":128,"column":10},"end":{"line":128,"column":41}},"59":{"start":{"line":132,"column":6},"end":{"line":145,"column":7}},"60":{"start":{"line":133,"column":25},"end":{"line":141,"column":10}},"61":{"start":{"line":134,"column":10},"end":{"line":140,"column":11}},"62":{"start":{"line":135,"column":12},"end":{"line":139,"column":13}},"63":{"start":{"line":136,"column":14},"end":{"line":136,"column":49}},"64":{"start":{"line":138,"column":14},"end":{"line":138,"column":45}},"65":{"start":{"line":142,"column":8},"end":{"line":142,"column":36}},"66":{"start":{"line":144,"column":8},"end":{"line":144,"column":48}},"67":{"start":{"line":150,"column":40},"end":{"line":154,"column":6}},"68":{"start":{"line":155,"column":4},"end":{"line":155,"column":44}},"69":{"start":{"line":157,"column":4},"end":{"line":172,"column":5}},"70":{"start":{"line":158,"column":23},"end":{"line":166,"column":8}},"71":{"start":{"line":159,"column":8},"end":{"line":165,"column":9}},"72":{"start":{"line":160,"column":10},"end":{"line":164,"column":11}},"73":{"start":{"line":161,"column":12},"end":{"line":161,"column":43}},"74":{"start":{"line":163,"column":12},"end":{"line":163,"column":29}},"75":{"start":{"line":167,"column":6},"end":{"line":167,"column":39}},"76":{"start":{"line":169,"column":6},"end":{"line":171,"column":7}},"77":{"start":{"line":170,"column":8},"end":{"line":170,"column":23}},"78":{"start":{"line":174,"column":4},"end":{"line":176,"column":6}},"79":{"start":{"line":175,"column":6},"end":{"line":175,"column":30}},"80":{"start":{"line":180,"column":18},"end":{"line":180,"column":47}},"81":{"start":{"line":181,"column":4},"end":{"line":185,"column":5}},"82":{"start":{"line":182,"column":6},"end":{"line":184,"column":20}},"83":{"start":{"line":183,"column":8},"end":{"line":183,"column":41}},"84":{"start":{"line":186,"column":4},"end":{"line":186,"column":37}},"85":{"start":{"line":190,"column":4},"end":{"line":193,"column":5}},"86":{"start":{"line":191,"column":6},"end":{"line":191,"column":80}},"87":{"start":{"line":192,"column":6},"end":{"line":192,"column":13}},"88":{"start":{"line":194,"column":4},"end":{"line":194,"column":60}},"89":{"start":{"line":198,"column":4},"end":{"line":198,"column":34}},"90":{"start":{"line":199,"column":4},"end":{"line":199,"column":63}},"91":{"start":{"line":199,"column":29},"end":{"line":199,"column":63}},"92":{"start":{"line":201,"column":4},"end":{"line":204,"column":7}},"93":{"start":{"line":202,"column":6},"end":{"line":202,"column":29}},"94":{"start":{"line":203,"column":6},"end":{"line":203,"column":25}},"95":{"start":{"line":205,"column":4},"end":{"line":205,"column":31}},"96":{"start":{"line":209,"column":13},"end":{"line":209,"column":49}}},"fnMap":{"0":{"name":"(anonymous_10)","decl":{"start":{"line":24,"column":2},"end":{"line":24,"column":null}},"loc":{"start":{"line":24,"column":2},"end":{"line":28,"column":3}}},"1":{"name":"(anonymous_11)","decl":{"start":{"line":34,"column":2},"end":{"line":34,"column":9}},"loc":{"start":{"line":34,"column":9},"end":{"line":82,"column":3}}},"2":{"name":"(anonymous_12)","decl":{"start":{"line":47,"column":38},"end":{"line":47,"column":39}},"loc":{"start":{"line":47,"column":58},"end":{"line":79,"column":5}}},"3":{"name":"(anonymous_13)","decl":{"start":{"line":48,"column":29},"end":{"line":48,"column":32}},"loc":{"start":{"line":48,"column":34},"end":{"line":76,"column":7}}},"4":{"name":"(anonymous_14)","decl":{"start":{"line":58,"column":30},"end":{"line":58,"column":33}},"loc":{"start":{"line":58,"column":35},"end":{"line":58,"column":38}}},"5":{"name":"(anonymous_15)","decl":{"start":{"line":62,"column":12},"end":{"line":62,"column":15}},"loc":{"start":{"line":62,"column":17},"end":{"line":65,"column":13}}},"6":{"name":"(anonymous_16)","decl":{"start":{"line":66,"column":12},"end":{"line":66,"column":13}},"loc":{"start":{"line":66,"column":27},"end":{"line":70,"column":13}}},"7":{"name":"(anonymous_17)","decl":{"start":{"line":84,"column":10},"end":{"line":84,"column":19}},"loc":{"start":{"line":84,"column":19},"end":{"line":99,"column":3}}},"8":{"name":"(anonymous_18)","decl":{"start":{"line":101,"column":10},"end":{"line":101,"column":17}},"loc":{"start":{"line":101,"column":28},"end":{"line":110,"column":3}}},"9":{"name":"(anonymous_19)","decl":{"start":{"line":112,"column":10},"end":{"line":112,"column":27}},"loc":{"start":{"line":112,"column":27},"end":{"line":120,"column":3}}},"10":{"name":"(anonymous_20)","decl":{"start":{"line":115,"column":37},"end":{"line":115,"column":40}},"loc":{"start":{"line":115,"column":42},"end":{"line":119,"column":5}}},"11":{"name":"(anonymous_21)","decl":{"start":{"line":122,"column":10},"end":{"line":122,"column":24}},"loc":{"start":{"line":122,"column":24},"end":{"line":147,"column":3}}},"12":{"name":"(anonymous_22)","decl":{"start":{"line":125,"column":31},"end":{"line":125,"column":32}},"loc":{"start":{"line":125,"column":39},"end":{"line":146,"column":5}}},"13":{"name":"(anonymous_23)","decl":{"start":{"line":133,"column":58},"end":{"line":133,"column":59}},"loc":{"start":{"line":133,"column":71},"end":{"line":141,"column":9}}},"14":{"name":"(anonymous_24)","decl":{"start":{"line":149,"column":2},"end":{"line":149,"column":11}},"loc":{"start":{"line":149,"column":59},"end":{"line":177,"column":3}}},"15":{"name":"(anonymous_25)","decl":{"start":{"line":158,"column":52},"end":{"line":158,"column":53}},"loc":{"start":{"line":158,"column":65},"end":{"line":166,"column":7}}},"16":{"name":"(anonymous_26)","decl":{"start":{"line":174,"column":11},"end":{"line":174,"column":14}},"loc":{"start":{"line":174,"column":16},"end":{"line":176,"column":5}}},"17":{"name":"(anonymous_27)","decl":{"start":{"line":179,"column":2},"end":{"line":179,"column":13}},"loc":{"start":{"line":179,"column":27},"end":{"line":187,"column":3}}},"18":{"name":"(anonymous_28)","decl":{"start":{"line":189,"column":2},"end":{"line":189,"column":6}},"loc":{"start":{"line":189,"column":40},"end":{"line":195,"column":3}}},"19":{"name":"(anonymous_29)","decl":{"start":{"line":197,"column":2},"end":{"line":197,"column":12}},"loc":{"start":{"line":197,"column":12},"end":{"line":206,"column":3}}},"20":{"name":"(anonymous_30)","decl":{"start":{"line":201,"column":28},"end":{"line":201,"column":31}},"loc":{"start":{"line":201,"column":33},"end":{"line":204,"column":5}}}},"branchMap":{"0":{"loc":{"start":{"line":5,"column":2},"end":{"line":7,"column":20}},"type":"cond-expr","locations":[{"start":{"line":6,"column":6},"end":{"line":6,"column":56}},{"start":{"line":7,"column":6},"end":{"line":7,"column":20}}]},"1":{"loc":{"start":{"line":5,"column":2},"end":{"line":5,"column":55}},"type":"binary-expr","locations":[{"start":{"line":5,"column":2},"end":{"line":5,"column":36}},{"start":{"line":5,"column":40},"end":{"line":5,"column":55}}]},"2":{"loc":{"start":{"line":6,"column":6},"end":{"line":6,"column":56}},"type":"binary-expr","locations":[{"start":{"line":6,"column":6},"end":{"line":6,"column":38}},{"start":{"line":6,"column":42},"end":{"line":6,"column":56}}]},"3":{"loc":{"start":{"line":37,"column":4},"end":{"line":39,"column":5}},"type":"if","locations":[{"start":{"line":37,"column":4},"end":{"line":39,"column":5}},{"start":{},"end":{}}]},"4":{"loc":{"start":{"line":41,"column":4},"end":{"line":43,"column":5}},"type":"if","locations":[{"start":{"line":41,"column":4},"end":{"line":43,"column":5}},{"start":{},"end":{}}]},"5":{"loc":{"start":{"line":93,"column":4},"end":{"line":96,"column":5}},"type":"if","locations":[{"start":{"line":93,"column":4},"end":{"line":96,"column":5}},{"start":{},"end":{}}]},"6":{"loc":{"start":{"line":107,"column":4},"end":{"line":109,"column":5}},"type":"if","locations":[{"start":{"line":107,"column":4},"end":{"line":109,"column":5}},{"start":{},"end":{}}]},"7":{"loc":{"start":{"line":113,"column":4},"end":{"line":113,"column":62}},"type":"if","locations":[{"start":{"line":113,"column":4},"end":{"line":113,"column":62}},{"start":{},"end":{}}]},"8":{"loc":{"start":{"line":113,"column":8},"end":{"line":113,"column":53}},"type":"binary-expr","locations":[{"start":{"line":113,"column":8},"end":{"line":113,"column":27}},{"start":{"line":113,"column":31},"end":{"line":113,"column":53}}]},"9":{"loc":{"start":{"line":123,"column":4},"end":{"line":123,"column":48}},"type":"if","locations":[{"start":{"line":123,"column":4},"end":{"line":123,"column":48}},{"start":{},"end":{}}]},"10":{"loc":{"start":{"line":123,"column":8},"end":{"line":123,"column":39}},"type":"binary-expr","locations":[{"start":{"line":123,"column":8},"end":{"line":123,"column":20}},{"start":{"line":123,"column":24},"end":{"line":123,"column":39}}]},"11":{"loc":{"start":{"line":126,"column":6},"end":{"line":130,"column":7}},"type":"if","locations":[{"start":{"line":126,"column":6},"end":{"line":130,"column":7}},{"start":{},"end":{}}]},"12":{"loc":{"start":{"line":134,"column":10},"end":{"line":140,"column":11}},"type":"if","locations":[{"start":{"line":134,"column":10},"end":{"line":140,"column":11}},{"start":{},"end":{}}]},"13":{"loc":{"start":{"line":157,"column":4},"end":{"line":172,"column":5}},"type":"if","locations":[{"start":{"line":157,"column":4},"end":{"line":172,"column":5}},{"start":{"line":168,"column":11},"end":{"line":172,"column":5}}]},"14":{"loc":{"start":{"line":157,"column":8},"end":{"line":157,"column":37}},"type":"binary-expr","locations":[{"start":{"line":157,"column":8},"end":{"line":157,"column":22}},{"start":{"line":157,"column":26},"end":{"line":157,"column":37}}]},"15":{"loc":{"start":{"line":159,"column":8},"end":{"line":165,"column":9}},"type":"if","locations":[{"start":{"line":159,"column":8},"end":{"line":165,"column":9}},{"start":{},"end":{}}]},"16":{"loc":{"start":{"line":169,"column":6},"end":{"line":171,"column":7}},"type":"if","locations":[{"start":{"line":169,"column":6},"end":{"line":171,"column":7}},{"start":{},"end":{}}]},"17":{"loc":{"start":{"line":169,"column":10},"end":{"line":169,"column":47}},"type":"binary-expr","locations":[{"start":{"line":169,"column":10},"end":{"line":169,"column":28}},{"start":{"line":169,"column":32},"end":{"line":169,"column":47}}]},"18":{"loc":{"start":{"line":181,"column":4},"end":{"line":185,"column":5}},"type":"if","locations":[{"start":{"line":181,"column":4},"end":{"line":185,"column":5}},{"start":{},"end":{}}]},"19":{"loc":{"start":{"line":190,"column":4},"end":{"line":193,"column":5}},"type":"if","locations":[{"start":{"line":190,"column":4},"end":{"line":193,"column":5}},{"start":{},"end":{}}]},"20":{"loc":{"start":{"line":199,"column":4},"end":{"line":199,"column":63}},"type":"if","locations":[{"start":{"line":199,"column":4},"end":{"line":199,"column":63}},{"start":{},"end":{}}]}},"s":{"0":1,"1":1,"2":1,"3":1,"4":1,"5":1,"6":1,"7":1,"8":1,"9":1,"10":1,"11":1,"12":1,"13":5,"14":5,"15":0,"16":5,"17":0,"18":5,"19":5,"20":5,"21":5,"22":5,"23":5,"24":5,"25":5,"26":5,"27":5,"28":5,"29":5,"30":0,"31":0,"32":5,"33":5,"34":5,"35":5,"36":5,"37":5,"38":5,"39":0,"40":0,"41":5,"42":0,"43":0,"44":0,"45":0,"46":0,"47":0,"48":0,"49":0,"50":0,"51":0,"52":0,"53":5,"54":0,"55":5,"56":0,"57":0,"58":0,"59":0,"60":0,"61":0,"62":0,"63":0,"64":0,"65":0,"66":0,"67":2,"68":2,"69":2,"70":2,"71":0,"72":0,"73":0,"74":0,"75":2,"76":0,"77":0,"78":2,"79":1,"80":1,"81":1,"82":1,"83":1,"84":1,"85":1,"86":0,"87":0,"88":1,"89":1,"90":1,"91":0,"92":1,"93":1,"94":1,"95":1,"96":1},"f":{"0":1,"1":5,"2":5,"3":5,"4":0,"5":5,"6":0,"7":5,"8":0,"9":0,"10":0,"11":5,"12":0,"13":0,"14":2,"15":0,"16":1,"17":1,"18":1,"19":1,"20":1},"b":{"0":[0,1],"1":[1,1],"2":[0,0],"3":[0,5],"4":[0,5],"5":[0,5],"6":[0,0],"7":[0,0],"8":[0,0],"9":[0,5],"10":[5,5],"11":[0,0],"12":[0,0],"13":[2,0],"14":[2,2],"15":[0,0],"16":[0,0],"17":[0,0],"18":[1,0],"19":[0,1],"20":[0,1]}}
}
