{"/Users/annawierzbik/online-gaming-service/frontend/src/context/AuthContext.tsx": {"path":"/Users/annawierzbik/online-gaming-service/frontend/src/context/AuthContext.tsx","statementMap":{"0":{"start":{"line":1,"column":0},"end":{"line":1,"column":89}},"1":{"start":{"line":2,"column":0},"end":{"line":2,"column":91}},"2":{"start":{"line":3,"column":0},"end":{"line":3,"column":56}},"3":{"start":{"line":15,"column":20},"end":{"line":15,"column":73}},"4":{"start":{"line":17,"column":63},"end":{"line":82,"column":1}},"5":{"start":{"line":18,"column":26},"end":{"line":18,"column":53}},"6":{"start":{"line":19,"column":36},"end":{"line":19,"column":50}},"7":{"start":{"line":21,"column":2},"end":{"line":33,"column":9}},"8":{"start":{"line":22,"column":25},"end":{"line":31,"column":5}},"9":{"start":{"line":23,"column":6},"end":{"line":30,"column":7}},"10":{"start":{"line":24,"column":25},"end":{"line":24,"column":59}},"11":{"start":{"line":25,"column":8},"end":{"line":25,"column":26}},"12":{"start":{"line":27,"column":8},"end":{"line":27,"column":22}},"13":{"start":{"line":29,"column":8},"end":{"line":29,"column":28}},"14":{"start":{"line":32,"column":4},"end":{"line":32,"column":19}},"15":{"start":{"line":35,"column":16},"end":{"line":38,"column":3}},"16":{"start":{"line":36,"column":21},"end":{"line":36,"column":57}},"17":{"start":{"line":37,"column":4},"end":{"line":37,"column":22}},"18":{"start":{"line":40,"column":19},"end":{"line":44,"column":3}},"19":{"start":{"line":41,"column":4},"end":{"line":41,"column":37}},"20":{"start":{"line":42,"column":21},"end":{"line":42,"column":92}},"21":{"start":{"line":43,"column":4},"end":{"line":43,"column":22}},"22":{"start":{"line":46,"column":23},"end":{"line":49,"column":3}},"23":{"start":{"line":47,"column":21},"end":{"line":47,"column":53}},"24":{"start":{"line":48,"column":4},"end":{"line":48,"column":22}},"25":{"start":{"line":51,"column":17},"end":{"line":65,"column":3}},"26":{"start":{"line":52,"column":4},"end":{"line":64,"column":5}},"27":{"start":{"line":54,"column":6},"end":{"line":59,"column":7}},"28":{"start":{"line":55,"column":8},"end":{"line":55,"column":39}},"29":{"start":{"line":58,"column":8},"end":{"line":58,"column":78}},"30":{"start":{"line":61,"column":6},"end":{"line":61,"column":33}},"31":{"start":{"line":63,"column":6},"end":{"line":63,"column":20}},"32":{"start":{"line":67,"column":2},"end":{"line":81,"column":4}},"33":{"start":{"line":17,"column":13},"end":{"line":17,"column":63}},"34":{"start":{"line":84,"column":23},"end":{"line":90,"column":1}},"35":{"start":{"line":85,"column":18},"end":{"line":85,"column":41}},"36":{"start":{"line":86,"column":2},"end":{"line":88,"column":3}},"37":{"start":{"line":87,"column":4},"end":{"line":87,"column":67}},"38":{"start":{"line":89,"column":2},"end":{"line":89,"column":17}},"39":{"start":{"line":84,"column":13},"end":{"line":84,"column":23}}},"fnMap":{"0":{"name":"(anonymous_0)","decl":{"start":{"line":17,"column":63},"end":{"line":17,"column":64}},"loc":{"start":{"line":17,"column":80},"end":{"line":82,"column":1}}},"1":{"name":"(anonymous_1)","decl":{"start":{"line":21,"column":12},"end":{"line":21,"column":15}},"loc":{"start":{"line":21,"column":17},"end":{"line":33,"column":3}}},"2":{"name":"(anonymous_2)","decl":{"start":{"line":22,"column":25},"end":{"line":22,"column":30}},"loc":{"start":{"line":22,"column":36},"end":{"line":31,"column":5}}},"3":{"name":"(anonymous_3)","decl":{"start":{"line":35,"column":16},"end":{"line":35,"column":21}},"loc":{"start":{"line":35,"column":52},"end":{"line":38,"column":3}}},"4":{"name":"(anonymous_4)","decl":{"start":{"line":40,"column":19},"end":{"line":40,"column":24}},"loc":{"start":{"line":40,"column":51},"end":{"line":44,"column":3}}},"5":{"name":"(anonymous_5)","decl":{"start":{"line":46,"column":23},"end":{"line":46,"column":28}},"loc":{"start":{"line":46,"column":34},"end":{"line":49,"column":3}}},"6":{"name":"(anonymous_6)","decl":{"start":{"line":51,"column":17},"end":{"line":51,"column":22}},"loc":{"start":{"line":51,"column":28},"end":{"line":65,"column":3}}},"7":{"name":"(anonymous_7)","decl":{"start":{"line":84,"column":23},"end":{"line":84,"column":43}},"loc":{"start":{"line":84,"column":45},"end":{"line":90,"column":1}}}},"branchMap":{"0":{"loc":{"start":{"line":86,"column":2},"end":{"line":88,"column":3}},"type":"if","locations":[{"start":{"line":86,"column":2},"end":{"line":88,"column":3}},{"start":{},"end":{}}]}},"s":{"0":3,"1":3,"2":3,"3":3,"4":3,"5":17,"6":17,"7":17,"8":6,"9":6,"10":6,"11":3,"12":3,"13":6,"14":6,"15":17,"16":1,"17":1,"18":17,"19":1,"20":1,"21":1,"22":17,"23":1,"24":1,"25":17,"26":2,"27":2,"28":2,"29":1,"30":2,"31":2,"32":17,"33":3,"34":3,"35":17,"36":17,"37":0,"38":17,"39":3},"f":{"0":17,"1":6,"2":6,"3":1,"4":1,"5":1,"6":2,"7":17},"b":{"0":[0,17]}}
,"/Users/annawierzbik/online-gaming-service/frontend/src/context/LobbyContext.tsx": {"path":"/Users/annawierzbik/online-gaming-service/frontend/src/context/LobbyContext.tsx","statementMap":{"0":{"start":{"line":1,"column":0},"end":{"line":1,"column":null}},"1":{"start":{"line":10,"column":0},"end":{"line":10,"column":47}},"2":{"start":{"line":11,"column":0},"end":{"line":11,"column":56}},"3":{"start":{"line":12,"column":0},"end":{"line":12,"column":58}},"4":{"start":{"line":14,"column":0},"end":{"line":14,"column":40}},"5":{"start":{"line":15,"column":0},"end":{"line":15,"column":42}},"6":{"start":{"line":26,"column":21},"end":{"line":26,"column":75}},"7":{"start":{"line":28,"column":64},"end":{"line":175,"column":1}},"8":{"start":{"line":31,"column":19},"end":{"line":31,"column":28}},"9":{"start":{"line":32,"column":24},"end":{"line":32,"column":34}},"10":{"start":{"line":33,"column":19},"end":{"line":33,"column":32}},"11":{"start":{"line":34,"column":42},"end":{"line":34,"column":77}},"12":{"start":{"line":35,"column":36},"end":{"line":35,"column":51}},"13":{"start":{"line":36,"column":26},"end":{"line":36,"column":53}},"14":{"start":{"line":37,"column":30},"end":{"line":37,"column":57}},"15":{"start":{"line":39,"column":29},"end":{"line":50,"column":8}},"16":{"start":{"line":40,"column":4},"end":{"line":40,"column":23}},"17":{"start":{"line":41,"column":4},"end":{"line":49,"column":5}},"18":{"start":{"line":42,"column":24},"end":{"line":42,"column":56}},"19":{"start":{"line":43,"column":6},"end":{"line":43,"column":33}},"20":{"start":{"line":46,"column":6},"end":{"line":46,"column":28}},"21":{"start":{"line":48,"column":6},"end":{"line":48,"column":26}},"22":{"start":{"line":52,"column":21},"end":{"line":63,"column":8}},"23":{"start":{"line":54,"column":4},"end":{"line":57,"column":5}},"24":{"start":{"line":55,"column":6},"end":{"line":55,"column":57}},"25":{"start":{"line":56,"column":6},"end":{"line":56,"column":37}},"26":{"start":{"line":58,"column":4},"end":{"line":61,"column":5}},"27":{"start":{"line":59,"column":6},"end":{"line":59,"column":61}},"28":{"start":{"line":60,"column":6},"end":{"line":60,"column":41}},"29":{"start":{"line":62,"column":4},"end":{"line":62,"column":26}},"30":{"start":{"line":66,"column":2},"end":{"line":70,"column":25}},"31":{"start":{"line":67,"column":4},"end":{"line":69,"column":5}},"32":{"start":{"line":68,"column":6},"end":{"line":68,"column":19}},"33":{"start":{"line":73,"column":28},"end":{"line":77,"column":8}},"34":{"start":{"line":74,"column":4},"end":{"line":74,"column":22}},"35":{"start":{"line":74,"column":15},"end":{"line":74,"column":22}},"36":{"start":{"line":75,"column":4},"end":{"line":75,"column":61}},"37":{"start":{"line":76,"column":4},"end":{"line":76,"column":26}},"38":{"start":{"line":80,"column":33},"end":{"line":96,"column":27}},"39":{"start":{"line":81,"column":4},"end":{"line":81,"column":66}},"40":{"start":{"line":82,"column":4},"end":{"line":95,"column":5}},"41":{"start":{"line":83,"column":6},"end":{"line":83,"column":85}},"42":{"start":{"line":85,"column":6},"end":{"line":88,"column":7}},"43":{"start":{"line":86,"column":8},"end":{"line":86,"column":59}},"44":{"start":{"line":87,"column":8},"end":{"line":87,"column":39}},"45":{"start":{"line":89,"column":6},"end":{"line":92,"column":7}},"46":{"start":{"line":90,"column":8},"end":{"line":90,"column":63}},"47":{"start":{"line":91,"column":8},"end":{"line":91,"column":43}},"48":{"start":{"line":93,"column":6},"end":{"line":93,"column":28}},"49":{"start":{"line":94,"column":6},"end":{"line":94,"column":24}},"50":{"start":{"line":99,"column":2},"end":{"line":154,"column":78}},"51":{"start":{"line":100,"column":4},"end":{"line":111,"column":5}},"52":{"start":{"line":102,"column":6},"end":{"line":105,"column":7}},"53":{"start":{"line":103,"column":8},"end":{"line":103,"column":59}},"54":{"start":{"line":104,"column":8},"end":{"line":104,"column":39}},"55":{"start":{"line":106,"column":6},"end":{"line":109,"column":7}},"56":{"start":{"line":107,"column":8},"end":{"line":107,"column":63}},"57":{"start":{"line":108,"column":8},"end":{"line":108,"column":43}},"58":{"start":{"line":110,"column":6},"end":{"line":110,"column":13}},"59":{"start":{"line":113,"column":18},"end":{"line":113,"column":50}},"60":{"start":{"line":114,"column":22},"end":{"line":114,"column":72}},"61":{"start":{"line":117,"column":4},"end":{"line":119,"column":5}},"62":{"start":{"line":118,"column":6},"end":{"line":118,"column":13}},"63":{"start":{"line":122,"column":4},"end":{"line":124,"column":5}},"64":{"start":{"line":123,"column":6},"end":{"line":123,"column":57}},"65":{"start":{"line":125,"column":4},"end":{"line":127,"column":5}},"66":{"start":{"line":126,"column":6},"end":{"line":126,"column":61}},"67":{"start":{"line":129,"column":32},"end":{"line":147,"column":5}},"68":{"start":{"line":130,"column":6},"end":{"line":146,"column":7}},"69":{"start":{"line":131,"column":8},"end":{"line":131,"column":38}},"70":{"start":{"line":132,"column":8},"end":{"line":132,"column":61}},"71":{"start":{"line":133,"column":8},"end":{"line":133,"column":58}},"72":{"start":{"line":134,"column":8},"end":{"line":134,"column":40}},"73":{"start":{"line":137,"column":8},"end":{"line":137,"column":84}},"74":{"start":{"line":138,"column":8},"end":{"line":138,"column":67}},"75":{"start":{"line":139,"column":8},"end":{"line":139,"column":48}},"76":{"start":{"line":142,"column":27},"end":{"line":142,"column":59}},"77":{"start":{"line":143,"column":8},"end":{"line":143,"column":36}},"78":{"start":{"line":145,"column":8},"end":{"line":145,"column":76}},"79":{"start":{"line":149,"column":4},"end":{"line":149,"column":26}},"80":{"start":{"line":151,"column":4},"end":{"line":153,"column":6}},"81":{"start":{"line":157,"column":2},"end":{"line":159,"column":27}},"82":{"start":{"line":158,"column":4},"end":{"line":158,"column":25}},"83":{"start":{"line":161,"column":2},"end":{"line":174,"column":4}},"84":{"start":{"line":28,"column":13},"end":{"line":28,"column":64}},"85":{"start":{"line":177,"column":24},"end":{"line":183,"column":1}},"86":{"start":{"line":178,"column":18},"end":{"line":178,"column":42}},"87":{"start":{"line":179,"column":2},"end":{"line":181,"column":3}},"88":{"start":{"line":180,"column":4},"end":{"line":180,"column":68}},"89":{"start":{"line":182,"column":2},"end":{"line":182,"column":17}},"90":{"start":{"line":177,"column":13},"end":{"line":177,"column":24}}},"fnMap":{"0":{"name":"(anonymous_0)","decl":{"start":{"line":28,"column":64},"end":{"line":28,"column":65}},"loc":{"start":{"line":30,"column":5},"end":{"line":175,"column":1}}},"1":{"name":"(anonymous_1)","decl":{"start":{"line":39,"column":41},"end":{"line":39,"column":46}},"loc":{"start":{"line":39,"column":52},"end":{"line":50,"column":3}}},"2":{"name":"(anonymous_2)","decl":{"start":{"line":52,"column":33},"end":{"line":52,"column":36}},"loc":{"start":{"line":52,"column":38},"end":{"line":63,"column":3}}},"3":{"name":"(anonymous_3)","decl":{"start":{"line":66,"column":12},"end":{"line":66,"column":15}},"loc":{"start":{"line":66,"column":17},"end":{"line":70,"column":3}}},"4":{"name":"(anonymous_4)","decl":{"start":{"line":73,"column":40},"end":{"line":73,"column":41}},"loc":{"start":{"line":73,"column":63},"end":{"line":77,"column":3}}},"5":{"name":"(anonymous_5)","decl":{"start":{"line":80,"column":45},"end":{"line":80,"column":46}},"loc":{"start":{"line":80,"column":107},"end":{"line":96,"column":3}}},"6":{"name":"(anonymous_6)","decl":{"start":{"line":99,"column":12},"end":{"line":99,"column":15}},"loc":{"start":{"line":99,"column":17},"end":{"line":154,"column":3}}},"7":{"name":"(anonymous_7)","decl":{"start":{"line":129,"column":32},"end":{"line":129,"column":37}},"loc":{"start":{"line":129,"column":43},"end":{"line":147,"column":5}}},"8":{"name":"(anonymous_8)","decl":{"start":{"line":151,"column":11},"end":{"line":151,"column":14}},"loc":{"start":{"line":151,"column":16},"end":{"line":153,"column":5}}},"9":{"name":"(anonymous_9)","decl":{"start":{"line":157,"column":12},"end":{"line":157,"column":15}},"loc":{"start":{"line":157,"column":17},"end":{"line":159,"column":3}}},"10":{"name":"(anonymous_10)","decl":{"start":{"line":177,"column":24},"end":{"line":177,"column":45}},"loc":{"start":{"line":177,"column":47},"end":{"line":183,"column":1}}}},"branchMap":{"0":{"loc":{"start":{"line":54,"column":4},"end":{"line":57,"column":5}},"type":"if","locations":[{"start":{"line":54,"column":4},"end":{"line":57,"column":5}},{"start":{},"end":{}}]},"1":{"loc":{"start":{"line":58,"column":4},"end":{"line":61,"column":5}},"type":"if","locations":[{"start":{"line":58,"column":4},"end":{"line":61,"column":5}},{"start":{},"end":{}}]},"2":{"loc":{"start":{"line":67,"column":4},"end":{"line":69,"column":5}},"type":"if","locations":[{"start":{"line":67,"column":4},"end":{"line":69,"column":5}},{"start":{},"end":{}}]},"3":{"loc":{"start":{"line":74,"column":4},"end":{"line":74,"column":22}},"type":"if","locations":[{"start":{"line":74,"column":4},"end":{"line":74,"column":22}},{"start":{},"end":{}}]},"4":{"loc":{"start":{"line":82,"column":4},"end":{"line":95,"column":5}},"type":"if","locations":[{"start":{"line":82,"column":4},"end":{"line":95,"column":5}},{"start":{},"end":{}}]},"5":{"loc":{"start":{"line":83,"column":16},"end":{"line":83,"column":74}},"type":"binary-expr","locations":[{"start":{"line":83,"column":16},"end":{"line":83,"column":28}},{"start":{"line":83,"column":32},"end":{"line":83,"column":74}}]},"6":{"loc":{"start":{"line":85,"column":6},"end":{"line":88,"column":7}},"type":"if","locations":[{"start":{"line":85,"column":6},"end":{"line":88,"column":7}},{"start":{},"end":{}}]},"7":{"loc":{"start":{"line":89,"column":6},"end":{"line":92,"column":7}},"type":"if","locations":[{"start":{"line":89,"column":6},"end":{"line":92,"column":7}},{"start":{},"end":{}}]},"8":{"loc":{"start":{"line":100,"column":4},"end":{"line":111,"column":5}},"type":"if","locations":[{"start":{"line":100,"column":4},"end":{"line":111,"column":5}},{"start":{},"end":{}}]},"9":{"loc":{"start":{"line":100,"column":8},"end":{"line":100,"column":38}},"type":"binary-expr","locations":[{"start":{"line":100,"column":8},"end":{"line":100,"column":25}},{"start":{"line":100,"column":29},"end":{"line":100,"column":38}}]},"10":{"loc":{"start":{"line":102,"column":6},"end":{"line":105,"column":7}},"type":"if","locations":[{"start":{"line":102,"column":6},"end":{"line":105,"column":7}},{"start":{},"end":{}}]},"11":{"loc":{"start":{"line":106,"column":6},"end":{"line":109,"column":7}},"type":"if","locations":[{"start":{"line":106,"column":6},"end":{"line":109,"column":7}},{"start":{},"end":{}}]},"12":{"loc":{"start":{"line":117,"column":4},"end":{"line":119,"column":5}},"type":"if","locations":[{"start":{"line":117,"column":4},"end":{"line":119,"column":5}},{"start":{},"end":{}}]},"13":{"loc":{"start":{"line":122,"column":4},"end":{"line":124,"column":5}},"type":"if","locations":[{"start":{"line":122,"column":4},"end":{"line":124,"column":5}},{"start":{},"end":{}}]},"14":{"loc":{"start":{"line":125,"column":4},"end":{"line":127,"column":5}},"type":"if","locations":[{"start":{"line":125,"column":4},"end":{"line":127,"column":5}},{"start":{},"end":{}}]},"15":{"loc":{"start":{"line":179,"column":2},"end":{"line":181,"column":3}},"type":"if","locations":[{"start":{"line":179,"column":2},"end":{"line":181,"column":3}},{"start":{},"end":{}}]}},"s":{"0":1,"1":1,"2":1,"3":1,"4":1,"5":1,"6":1,"7":1,"8":14,"9":14,"10":14,"11":14,"12":14,"13":14,"14":14,"15":14,"16":3,"17":3,"18":3,"19":3,"20":0,"21":3,"22":14,"23":1,"24":1,"25":1,"26":1,"27":1,"28":1,"29":1,"30":14,"31":4,"32":1,"33":14,"34":0,"35":0,"36":0,"37":0,"38":14,"39":1,"40":1,"41":1,"42":1,"43":1,"44":1,"45":1,"46":1,"47":1,"48":1,"49":1,"50":14,"51":9,"52":6,"53":0,"54":0,"55":6,"56":0,"57":0,"58":6,"59":3,"60":3,"61":3,"62":0,"63":3,"64":0,"65":3,"66":0,"67":3,"68":3,"69":3,"70":3,"71":3,"72":3,"73":3,"74":3,"75":3,"76":3,"77":3,"78":0,"79":3,"80":3,"81":14,"82":3,"83":14,"84":1,"85":1,"86":12,"87":12,"88":0,"89":12,"90":1},"f":{"0":14,"1":3,"2":1,"3":4,"4":0,"5":1,"6":9,"7":3,"8":3,"9":3,"10":12},"b":{"0":[1,0],"1":[1,0],"2":[1,3],"3":[0,0],"4":[1,0],"5":[1,0],"6":[1,0],"7":[1,0],"8":[6,3],"9":[9,4],"10":[0,6],"11":[0,6],"12":[0,3],"13":[0,3],"14":[0,3],"15":[0,12]}}
,"/Users/annawierzbik/online-gaming-service/frontend/src/context/SocialContext.tsx": {"path":"/Users/annawierzbik/online-gaming-service/frontend/src/context/SocialContext.tsx","statementMap":{"0":{"start":{"line":1,"column":0},"end":{"line":1,"column":102}},"1":{"start":{"line":2,"column":0},"end":{"line":2,"column":40}},"2":{"start":{"line":3,"column":0},"end":{"line":3,"column":93}},"3":{"start":{"line":4,"column":0},"end":{"line":4,"column":70}},"4":{"start":{"line":5,"column":0},"end":{"line":5,"column":42}},"5":{"start":{"line":23,"column":22},"end":{"line":23,"column":77}},"6":{"start":{"line":25,"column":65},"end":{"line":267,"column":1}},"7":{"start":{"line":26,"column":36},"end":{"line":26,"column":45}},"8":{"start":{"line":27,"column":24},"end":{"line":27,"column":34}},"9":{"start":{"line":28,"column":32},"end":{"line":28,"column":54}},"10":{"start":{"line":29,"column":48},"end":{"line":29,"column":77}},"11":{"start":{"line":30,"column":42},"end":{"line":30,"column":71}},"12":{"start":{"line":31,"column":40},"end":{"line":31,"column":66}},"13":{"start":{"line":32,"column":36},"end":{"line":32,"column":51}},"14":{"start":{"line":35,"column":28},"end":{"line":65,"column":38}},"15":{"start":{"line":36,"column":4},"end":{"line":39,"column":5}},"16":{"start":{"line":37,"column":6},"end":{"line":37,"column":83}},"17":{"start":{"line":38,"column":6},"end":{"line":38,"column":13}},"18":{"start":{"line":41,"column":4},"end":{"line":41,"column":23}},"19":{"start":{"line":42,"column":4},"end":{"line":64,"column":5}},"20":{"start":{"line":43,"column":6},"end":{"line":43,"column":61}},"21":{"start":{"line":44,"column":77},"end":{"line":49,"column":8}},"22":{"start":{"line":50,"column":6},"end":{"line":55,"column":9}},"23":{"start":{"line":56,"column":6},"end":{"line":56,"column":30}},"24":{"start":{"line":57,"column":6},"end":{"line":57,"column":39}},"25":{"start":{"line":58,"column":6},"end":{"line":58,"column":40}},"26":{"start":{"line":59,"column":6},"end":{"line":59,"column":38}},"27":{"start":{"line":61,"column":6},"end":{"line":61,"column":75}},"28":{"start":{"line":63,"column":6},"end":{"line":63,"column":26}},"29":{"start":{"line":67,"column":2},"end":{"line":69,"column":26}},"30":{"start":{"line":68,"column":4},"end":{"line":68,"column":24}},"31":{"start":{"line":72,"column":2},"end":{"line":149,"column":69}},"32":{"start":{"line":73,"column":4},"end":{"line":73,"column":50}},"33":{"start":{"line":73,"column":43},"end":{"line":73,"column":50}},"34":{"start":{"line":75,"column":18},"end":{"line":75,"column":22}},"35":{"start":{"line":77,"column":24},"end":{"line":141,"column":5}},"36":{"start":{"line":78,"column":6},"end":{"line":140,"column":7}},"37":{"start":{"line":79,"column":8},"end":{"line":79,"column":44}},"38":{"start":{"line":83,"column":8},"end":{"line":85,"column":9}},"39":{"start":{"line":84,"column":10},"end":{"line":84,"column":36}},"40":{"start":{"line":88,"column":8},"end":{"line":122,"column":11}},"41":{"start":{"line":89,"column":11},"end":{"line":89,"column":32}},"42":{"start":{"line":89,"column":25},"end":{"line":89,"column":32}},"43":{"start":{"line":91,"column":11},"end":{"line":121,"column":12}},"44":{"start":{"line":92,"column":13},"end":{"line":120,"column":14}},"45":{"start":{"line":93,"column":16},"end":{"line":93,"column":103}},"46":{"start":{"line":94,"column":16},"end":{"line":94,"column":36}},"47":{"start":{"line":95,"column":20},"end":{"line":120,"column":14}},"48":{"start":{"line":96,"column":16},"end":{"line":96,"column":110}},"49":{"start":{"line":97,"column":16},"end":{"line":97,"column":36}},"50":{"start":{"line":98,"column":20},"end":{"line":120,"column":14}},"51":{"start":{"line":99,"column":35},"end":{"line":99,"column":58}},"52":{"start":{"line":100,"column":16},"end":{"line":103,"column":18}},"53":{"start":{"line":105,"column":16},"end":{"line":113,"column":17}},"54":{"start":{"line":106,"column":18},"end":{"line":110,"column":21}},"55":{"start":{"line":107,"column":35},"end":{"line":107,"column":77}},"56":{"start":{"line":107,"column":52},"end":{"line":107,"column":76}},"57":{"start":{"line":108,"column":20},"end":{"line":108,"column":44}},"58":{"start":{"line":108,"column":32},"end":{"line":108,"column":44}},"59":{"start":{"line":109,"column":20},"end":{"line":109,"column":49}},"60":{"start":{"line":112,"column":18},"end":{"line":112,"column":38}},"61":{"start":{"line":114,"column":20},"end":{"line":120,"column":14}},"62":{"start":{"line":116,"column":40},"end":{"line":116,"column":68}},"63":{"start":{"line":117,"column":16},"end":{"line":119,"column":17}},"64":{"start":{"line":118,"column":18},"end":{"line":118,"column":91}},"65":{"start":{"line":118,"column":37},"end":{"line":118,"column":89}},"66":{"start":{"line":118,"column":59},"end":{"line":118,"column":88}},"67":{"start":{"line":125,"column":8},"end":{"line":136,"column":11}},"68":{"start":{"line":126,"column":11},"end":{"line":126,"column":32}},"69":{"start":{"line":126,"column":25},"end":{"line":126,"column":32}},"70":{"start":{"line":128,"column":11},"end":{"line":128,"column":75}},"71":{"start":{"line":131,"column":11},"end":{"line":135,"column":14}},"72":{"start":{"line":131,"column":30},"end":{"line":134,"column":null}},"73":{"start":{"line":132,"column":13},"end":{"line":134,"column":23}},"74":{"start":{"line":139,"column":8},"end":{"line":139,"column":62}},"75":{"start":{"line":143,"column":4},"end":{"line":143,"column":18}},"76":{"start":{"line":145,"column":4},"end":{"line":148,"column":6}},"77":{"start":{"line":146,"column":6},"end":{"line":146,"column":22}},"78":{"start":{"line":147,"column":6},"end":{"line":147,"column":39}},"79":{"start":{"line":151,"column":28},"end":{"line":174,"column":3}},"80":{"start":{"line":153,"column":45},"end":{"line":160,"column":6}},"81":{"start":{"line":161,"column":4},"end":{"line":161,"column":58}},"82":{"start":{"line":161,"column":28},"end":{"line":161,"column":56}},"83":{"start":{"line":163,"column":4},"end":{"line":173,"column":5}},"84":{"start":{"line":164,"column":6},"end":{"line":164,"column":52}},"85":{"start":{"line":165,"column":6},"end":{"line":165,"column":50}},"86":{"start":{"line":167,"column":6},"end":{"line":167,"column":32}},"87":{"start":{"line":170,"column":6},"end":{"line":170,"column":79}},"88":{"start":{"line":170,"column":30},"end":{"line":170,"column":77}},"89":{"start":{"line":170,"column":47},"end":{"line":170,"column":76}},"90":{"start":{"line":171,"column":6},"end":{"line":171,"column":51}},"91":{"start":{"line":172,"column":6},"end":{"line":172,"column":27}},"92":{"start":{"line":176,"column":30},"end":{"line":184,"column":3}},"93":{"start":{"line":177,"column":5},"end":{"line":183,"column":6}},"94":{"start":{"line":178,"column":7},"end":{"line":178,"column":58}},"95":{"start":{"line":179,"column":7},"end":{"line":179,"column":55}},"96":{"start":{"line":180,"column":7},"end":{"line":180,"column":27}},"97":{"start":{"line":182,"column":8},"end":{"line":182,"column":55}},"98":{"start":{"line":186,"column":30},"end":{"line":194,"column":3}},"99":{"start":{"line":187,"column":6},"end":{"line":193,"column":7}},"100":{"start":{"line":188,"column":10},"end":{"line":188,"column":61}},"101":{"start":{"line":189,"column":10},"end":{"line":189,"column":55}},"102":{"start":{"line":190,"column":10},"end":{"line":190,"column":30}},"103":{"start":{"line":192,"column":8},"end":{"line":192,"column":55}},"104":{"start":{"line":196,"column":23},"end":{"line":207,"column":3}},"105":{"start":{"line":197,"column":6},"end":{"line":206,"column":7}},"106":{"start":{"line":198,"column":10},"end":{"line":198,"column":53}},"107":{"start":{"line":200,"column":10},"end":{"line":200,"column":66}},"108":{"start":{"line":200,"column":29},"end":{"line":200,"column":64}},"109":{"start":{"line":200,"column":46},"end":{"line":200,"column":63}},"110":{"start":{"line":201,"column":10},"end":{"line":201,"column":46}},"111":{"start":{"line":203,"column":8},"end":{"line":203,"column":54}},"112":{"start":{"line":205,"column":8},"end":{"line":205,"column":28}},"113":{"start":{"line":209,"column":25},"end":{"line":218,"column":3}},"114":{"start":{"line":210,"column":4},"end":{"line":217,"column":5}},"115":{"start":{"line":211,"column":6},"end":{"line":211,"column":85}},"116":{"start":{"line":212,"column":6},"end":{"line":212,"column":47}},"117":{"start":{"line":214,"column":27},"end":{"line":214,"column":91}},"118":{"start":{"line":215,"column":6},"end":{"line":215,"column":39}},"119":{"start":{"line":216,"column":6},"end":{"line":216,"column":27}},"120":{"start":{"line":220,"column":27},"end":{"line":234,"column":3}},"121":{"start":{"line":221,"column":4},"end":{"line":233,"column":5}},"122":{"start":{"line":222,"column":21},"end":{"line":222,"column":67}},"123":{"start":{"line":224,"column":6},"end":{"line":224,"column":70}},"124":{"start":{"line":224,"column":29},"end":{"line":224,"column":68}},"125":{"start":{"line":224,"column":48},"end":{"line":224,"column":67}},"126":{"start":{"line":225,"column":6},"end":{"line":225,"column":69}},"127":{"start":{"line":226,"column":6},"end":{"line":226,"column":20}},"128":{"start":{"line":228,"column":27},"end":{"line":228,"column":93}},"129":{"start":{"line":229,"column":6},"end":{"line":229,"column":39}},"130":{"start":{"line":231,"column":6},"end":{"line":231,"column":26}},"131":{"start":{"line":232,"column":6},"end":{"line":232,"column":18}},"132":{"start":{"line":236,"column":28},"end":{"line":246,"column":3}},"133":{"start":{"line":238,"column":4},"end":{"line":238,"column":68}},"134":{"start":{"line":238,"column":27},"end":{"line":238,"column":66}},"135":{"start":{"line":238,"column":46},"end":{"line":238,"column":65}},"136":{"start":{"line":239,"column":4},"end":{"line":245,"column":5}},"137":{"start":{"line":240,"column":6},"end":{"line":240,"column":54}},"138":{"start":{"line":241,"column":6},"end":{"line":241,"column":48}},"139":{"start":{"line":243,"column":6},"end":{"line":243,"column":53}},"140":{"start":{"line":244,"column":6},"end":{"line":244,"column":26}},"141":{"start":{"line":248,"column":2},"end":{"line":266,"column":4}},"142":{"start":{"line":25,"column":13},"end":{"line":25,"column":65}},"143":{"start":{"line":269,"column":25},"end":{"line":275,"column":1}},"144":{"start":{"line":270,"column":18},"end":{"line":270,"column":43}},"145":{"start":{"line":271,"column":2},"end":{"line":273,"column":3}},"146":{"start":{"line":272,"column":4},"end":{"line":272,"column":70}},"147":{"start":{"line":274,"column":2},"end":{"line":274,"column":17}},"148":{"start":{"line":269,"column":13},"end":{"line":269,"column":25}}},"fnMap":{"0":{"name":"(anonymous_0)","decl":{"start":{"line":25,"column":65},"end":{"line":25,"column":66}},"loc":{"start":{"line":25,"column":82},"end":{"line":267,"column":1}}},"1":{"name":"(anonymous_1)","decl":{"start":{"line":35,"column":40},"end":{"line":35,"column":45}},"loc":{"start":{"line":35,"column":51},"end":{"line":65,"column":3}}},"2":{"name":"(anonymous_2)","decl":{"start":{"line":67,"column":12},"end":{"line":67,"column":15}},"loc":{"start":{"line":67,"column":17},"end":{"line":69,"column":3}}},"3":{"name":"(anonymous_3)","decl":{"start":{"line":72,"column":12},"end":{"line":72,"column":15}},"loc":{"start":{"line":72,"column":17},"end":{"line":149,"column":3}}},"4":{"name":"(anonymous_4)","decl":{"start":{"line":77,"column":24},"end":{"line":77,"column":29}},"loc":{"start":{"line":77,"column":35},"end":{"line":141,"column":5}}},"5":{"name":"(anonymous_5)","decl":{"start":{"line":88,"column":67},"end":{"line":88,"column":68}},"loc":{"start":{"line":88,"column":89},"end":{"line":122,"column":9}}},"6":{"name":"(anonymous_6)","decl":{"start":{"line":106,"column":33},"end":{"line":106,"column":37}},"loc":{"start":{"line":106,"column":40},"end":{"line":110,"column":19}}},"7":{"name":"(anonymous_7)","decl":{"start":{"line":107,"column":45},"end":{"line":107,"column":48}},"loc":{"start":{"line":107,"column":52},"end":{"line":107,"column":76}}},"8":{"name":"(anonymous_8)","decl":{"start":{"line":118,"column":29},"end":{"line":118,"column":33}},"loc":{"start":{"line":118,"column":37},"end":{"line":118,"column":89}}},"9":{"name":"(anonymous_9)","decl":{"start":{"line":118,"column":49},"end":{"line":118,"column":55}},"loc":{"start":{"line":118,"column":59},"end":{"line":118,"column":88}}},"10":{"name":"(anonymous_10)","decl":{"start":{"line":125,"column":62},"end":{"line":125,"column":63}},"loc":{"start":{"line":125,"column":131},"end":{"line":136,"column":9}}},"11":{"name":"(anonymous_11)","decl":{"start":{"line":131,"column":22},"end":{"line":131,"column":26}},"loc":{"start":{"line":131,"column":30},"end":{"line":134,"column":null}}},"12":{"name":"(anonymous_12)","decl":{"start":{"line":131,"column":39},"end":{"line":131,"column":45}},"loc":{"start":{"line":132,"column":13},"end":{"line":134,"column":23}}},"13":{"name":"(anonymous_13)","decl":{"start":{"line":145,"column":11},"end":{"line":145,"column":14}},"loc":{"start":{"line":145,"column":16},"end":{"line":148,"column":5}}},"14":{"name":"(anonymous_14)","decl":{"start":{"line":151,"column":28},"end":{"line":151,"column":33}},"loc":{"start":{"line":151,"column":53},"end":{"line":174,"column":3}}},"15":{"name":"(anonymous_15)","decl":{"start":{"line":161,"column":20},"end":{"line":161,"column":24}},"loc":{"start":{"line":161,"column":28},"end":{"line":161,"column":56}}},"16":{"name":"(anonymous_16)","decl":{"start":{"line":170,"column":22},"end":{"line":170,"column":26}},"loc":{"start":{"line":170,"column":30},"end":{"line":170,"column":77}}},"17":{"name":"(anonymous_17)","decl":{"start":{"line":170,"column":42},"end":{"line":170,"column":43}},"loc":{"start":{"line":170,"column":47},"end":{"line":170,"column":76}}},"18":{"name":"(anonymous_18)","decl":{"start":{"line":176,"column":30},"end":{"line":176,"column":35}},"loc":{"start":{"line":176,"column":58},"end":{"line":184,"column":3}}},"19":{"name":"(anonymous_19)","decl":{"start":{"line":186,"column":30},"end":{"line":186,"column":35}},"loc":{"start":{"line":186,"column":58},"end":{"line":194,"column":3}}},"20":{"name":"(anonymous_20)","decl":{"start":{"line":196,"column":23},"end":{"line":196,"column":28}},"loc":{"start":{"line":196,"column":50},"end":{"line":207,"column":3}}},"21":{"name":"(anonymous_21)","decl":{"start":{"line":200,"column":21},"end":{"line":200,"column":25}},"loc":{"start":{"line":200,"column":29},"end":{"line":200,"column":64}}},"22":{"name":"(anonymous_22)","decl":{"start":{"line":200,"column":41},"end":{"line":200,"column":42}},"loc":{"start":{"line":200,"column":46},"end":{"line":200,"column":63}}},"23":{"name":"(anonymous_23)","decl":{"start":{"line":209,"column":25},"end":{"line":209,"column":30}},"loc":{"start":{"line":209,"column":120},"end":{"line":218,"column":3}}},"24":{"name":"(anonymous_24)","decl":{"start":{"line":220,"column":27},"end":{"line":220,"column":32}},"loc":{"start":{"line":220,"column":75},"end":{"line":234,"column":3}}},"25":{"name":"(anonymous_25)","decl":{"start":{"line":224,"column":21},"end":{"line":224,"column":25}},"loc":{"start":{"line":224,"column":29},"end":{"line":224,"column":68}}},"26":{"name":"(anonymous_26)","decl":{"start":{"line":224,"column":41},"end":{"line":224,"column":44}},"loc":{"start":{"line":224,"column":48},"end":{"line":224,"column":67}}},"27":{"name":"(anonymous_27)","decl":{"start":{"line":236,"column":28},"end":{"line":236,"column":33}},"loc":{"start":{"line":236,"column":55},"end":{"line":246,"column":3}}},"28":{"name":"(anonymous_28)","decl":{"start":{"line":238,"column":19},"end":{"line":238,"column":23}},"loc":{"start":{"line":238,"column":27},"end":{"line":238,"column":66}}},"29":{"name":"(anonymous_29)","decl":{"start":{"line":238,"column":39},"end":{"line":238,"column":42}},"loc":{"start":{"line":238,"column":46},"end":{"line":238,"column":65}}},"30":{"name":"(anonymous_30)","decl":{"start":{"line":269,"column":25},"end":{"line":269,"column":47}},"loc":{"start":{"line":269,"column":49},"end":{"line":275,"column":1}}}},"branchMap":{"0":{"loc":{"start":{"line":36,"column":4},"end":{"line":39,"column":5}},"type":"if","locations":[{"start":{"line":36,"column":4},"end":{"line":39,"column":5}},{"start":{},"end":{}}]},"1":{"loc":{"start":{"line":36,"column":8},"end":{"line":36,"column":41}},"type":"binary-expr","locations":[{"start":{"line":36,"column":8},"end":{"line":36,"column":24}},{"start":{"line":36,"column":28},"end":{"line":36,"column":41}}]},"2":{"loc":{"start":{"line":73,"column":4},"end":{"line":73,"column":50}},"type":"if","locations":[{"start":{"line":73,"column":4},"end":{"line":73,"column":50}},{"start":{},"end":{}}]},"3":{"loc":{"start":{"line":73,"column":8},"end":{"line":73,"column":41}},"type":"binary-expr","locations":[{"start":{"line":73,"column":8},"end":{"line":73,"column":24}},{"start":{"line":73,"column":28},"end":{"line":73,"column":41}}]},"4":{"loc":{"start":{"line":83,"column":8},"end":{"line":85,"column":9}},"type":"if","locations":[{"start":{"line":83,"column":8},"end":{"line":85,"column":9}},{"start":{},"end":{}}]},"5":{"loc":{"start":{"line":89,"column":11},"end":{"line":89,"column":32}},"type":"if","locations":[{"start":{"line":89,"column":11},"end":{"line":89,"column":32}},{"start":{},"end":{}}]},"6":{"loc":{"start":{"line":91,"column":11},"end":{"line":121,"column":12}},"type":"if","locations":[{"start":{"line":91,"column":11},"end":{"line":121,"column":12}},{"start":{},"end":{}}]},"7":{"loc":{"start":{"line":92,"column":13},"end":{"line":120,"column":14}},"type":"if","locations":[{"start":{"line":92,"column":13},"end":{"line":120,"column":14}},{"start":{"line":95,"column":20},"end":{"line":120,"column":14}}]},"8":{"loc":{"start":{"line":93,"column":29},"end":{"line":93,"column":65}},"type":"binary-expr","locations":[{"start":{"line":93,"column":29},"end":{"line":93,"column":52}},{"start":{"line":93,"column":56},"end":{"line":93,"column":65}}]},"9":{"loc":{"start":{"line":95,"column":20},"end":{"line":120,"column":14}},"type":"if","locations":[{"start":{"line":95,"column":20},"end":{"line":120,"column":14}},{"start":{"line":98,"column":20},"end":{"line":120,"column":14}}]},"10":{"loc":{"start":{"line":96,"column":29},"end":{"line":96,"column":66}},"type":"binary-expr","locations":[{"start":{"line":96,"column":29},"end":{"line":96,"column":54}},{"start":{"line":96,"column":58},"end":{"line":96,"column":66}}]},"11":{"loc":{"start":{"line":98,"column":20},"end":{"line":120,"column":14}},"type":"if","locations":[{"start":{"line":98,"column":20},"end":{"line":120,"column":14}},{"start":{"line":114,"column":20},"end":{"line":120,"column":14}}]},"12":{"loc":{"start":{"line":101,"column":21},"end":{"line":101,"column":60}},"type":"binary-expr","locations":[{"start":{"line":101,"column":21},"end":{"line":101,"column":47}},{"start":{"line":101,"column":51},"end":{"line":101,"column":60}}]},"13":{"loc":{"start":{"line":101,"column":85},"end":{"line":101,"column":118}},"type":"binary-expr","locations":[{"start":{"line":101,"column":85},"end":{"line":101,"column":106}},{"start":{"line":101,"column":110},"end":{"line":101,"column":118}}]},"14":{"loc":{"start":{"line":105,"column":16},"end":{"line":113,"column":17}},"type":"if","locations":[{"start":{"line":105,"column":16},"end":{"line":113,"column":17}},{"start":{"line":111,"column":23},"end":{"line":113,"column":17}}]},"15":{"loc":{"start":{"line":108,"column":20},"end":{"line":108,"column":44}},"type":"if","locations":[{"start":{"line":108,"column":20},"end":{"line":108,"column":44}},{"start":{},"end":{}}]},"16":{"loc":{"start":{"line":114,"column":20},"end":{"line":120,"column":14}},"type":"if","locations":[{"start":{"line":114,"column":20},"end":{"line":120,"column":14}},{"start":{},"end":{}}]},"17":{"loc":{"start":{"line":117,"column":16},"end":{"line":119,"column":17}},"type":"if","locations":[{"start":{"line":117,"column":16},"end":{"line":119,"column":17}},{"start":{},"end":{}}]},"18":{"loc":{"start":{"line":126,"column":11},"end":{"line":126,"column":32}},"type":"if","locations":[{"start":{"line":126,"column":11},"end":{"line":126,"column":32}},{"start":{},"end":{}}]},"19":{"loc":{"start":{"line":132,"column":13},"end":{"line":134,"column":23}},"type":"cond-expr","locations":[{"start":{"line":133,"column":17},"end":{"line":133,"column":61}},{"start":{"line":134,"column":17},"end":{"line":134,"column":23}}]},"20":{"loc":{"start":{"line":155,"column":19},"end":{"line":155,"column":33}},"type":"binary-expr","locations":[{"start":{"line":155,"column":19},"end":{"line":155,"column":27}},{"start":{"line":155,"column":31},"end":{"line":155,"column":33}}]},"21":{"loc":{"start":{"line":156,"column":25},"end":{"line":156,"column":45}},"type":"binary-expr","locations":[{"start":{"line":156,"column":25},"end":{"line":156,"column":39}},{"start":{"line":156,"column":43},"end":{"line":156,"column":45}}]},"22":{"loc":{"start":{"line":214,"column":27},"end":{"line":214,"column":91}},"type":"cond-expr","locations":[{"start":{"line":214,"column":52},"end":{"line":214,"column":65}},{"start":{"line":214,"column":68},"end":{"line":214,"column":91}}]},"23":{"loc":{"start":{"line":228,"column":27},"end":{"line":228,"column":93}},"type":"cond-expr","locations":[{"start":{"line":228,"column":52},"end":{"line":228,"column":65}},{"start":{"line":228,"column":68},"end":{"line":228,"column":93}}]},"24":{"loc":{"start":{"line":271,"column":2},"end":{"line":273,"column":3}},"type":"if","locations":[{"start":{"line":271,"column":2},"end":{"line":273,"column":3}},{"start":{},"end":{}}]}},"s":{"0":1,"1":1,"2":1,"3":1,"4":1,"5":1,"6":1,"7":26,"8":26,"9":26,"10":26,"11":26,"12":26,"13":26,"14":26,"15":15,"16":0,"17":0,"18":15,"19":15,"20":15,"21":15,"22":15,"23":15,"24":15,"25":15,"26":15,"27":0,"28":15,"29":26,"30":6,"31":26,"32":6,"33":0,"34":6,"35":6,"36":6,"37":6,"38":6,"39":6,"40":6,"41":3,"42":0,"43":3,"44":3,"45":1,"46":1,"47":2,"48":1,"49":1,"50":1,"51":0,"52":0,"53":0,"54":0,"55":0,"56":0,"57":0,"58":0,"59":0,"60":0,"61":1,"62":1,"63":1,"64":1,"65":1,"66":1,"67":6,"68":1,"69":0,"70":1,"71":1,"72":1,"73":1,"74":0,"75":6,"76":6,"77":6,"78":6,"79":26,"80":1,"81":1,"82":1,"83":1,"84":1,"85":0,"86":0,"87":1,"88":1,"89":1,"90":1,"91":1,"92":26,"93":1,"94":1,"95":0,"96":0,"97":1,"98":26,"99":0,"100":0,"101":0,"102":0,"103":0,"104":26,"105":0,"106":0,"107":0,"108":0,"109":0,"110":0,"111":0,"112":0,"113":26,"114":1,"115":1,"116":0,"117":1,"118":1,"119":1,"120":26,"121":1,"122":1,"123":0,"124":0,"125":0,"126":0,"127":0,"128":1,"129":1,"130":1,"131":1,"132":26,"133":0,"134":0,"135":0,"136":0,"137":0,"138":0,"139":0,"140":0,"141":26,"142":1,"143":1,"144":24,"145":24,"146":0,"147":24,"148":1},"f":{"0":26,"1":15,"2":6,"3":6,"4":6,"5":3,"6":0,"7":0,"8":1,"9":1,"10":1,"11":1,"12":1,"13":6,"14":1,"15":1,"16":1,"17":1,"18":1,"19":0,"20":0,"21":0,"22":0,"23":1,"24":1,"25":0,"26":0,"27":0,"28":0,"29":0,"30":24},"b":{"0":[0,15],"1":[15,15],"2":[0,6],"3":[6,6],"4":[6,0],"5":[0,3],"6":[3,0],"7":[1,2],"8":[1,0],"9":[1,1],"10":[1,0],"11":[0,1],"12":[0,0],"13":[0,0],"14":[0,0],"15":[0,0],"16":[1,0],"17":[1,0],"18":[0,1],"19":[1,0],"20":[1,0],"21":[1,0],"22":[1,0],"23":[1,0],"24":[0,24]}}
,"/Users/annawierzbik/online-gaming-service/frontend/src/context/ToastContext.tsx": {"path":"/Users/annawierzbik/online-gaming-service/frontend/src/context/ToastContext.tsx","statementMap":{"0":{"start":{"line":1,"column":0},"end":{"line":1,"column":91}},"1":{"start":{"line":2,"column":0},"end":{"line":2,"column":56}},"2":{"start":{"line":3,"column":0},"end":{"line":3,"column":65}},"3":{"start":{"line":15,"column":21},"end":{"line":15,"column":75}},"4":{"start":{"line":17,"column":64},"end":{"line":75,"column":1}},"5":{"start":{"line":18,"column":30},"end":{"line":18,"column":51}},"6":{"start":{"line":20,"column":20},"end":{"line":32,"column":8}},"7":{"start":{"line":21,"column":15},"end":{"line":21,"column":36}},"8":{"start":{"line":22,"column":4},"end":{"line":28,"column":7}},"9":{"start":{"line":23,"column":26},"end":{"line":23,"column":58}},"10":{"start":{"line":24,"column":8},"end":{"line":26,"column":9}},"11":{"start":{"line":25,"column":12},"end":{"line":25,"column":57}},"12":{"start":{"line":27,"column":8},"end":{"line":27,"column":25}},"13":{"start":{"line":29,"column":4},"end":{"line":31,"column":13}},"14":{"start":{"line":30,"column":6},"end":{"line":30,"column":59}},"15":{"start":{"line":30,"column":26},"end":{"line":30,"column":57}},"16":{"start":{"line":30,"column":45},"end":{"line":30,"column":56}},"17":{"start":{"line":34,"column":22},"end":{"line":36,"column":3}},"18":{"start":{"line":35,"column":4},"end":{"line":35,"column":57}},"19":{"start":{"line":35,"column":24},"end":{"line":35,"column":55}},"20":{"start":{"line":35,"column":43},"end":{"line":35,"column":54}},"21":{"start":{"line":38,"column":2},"end":{"line":74,"column":4}},"22":{"start":{"line":44,"column":12},"end":{"line":45,"column":null}},"23":{"start":{"line":64,"column":31},"end":{"line":64,"column":52}},"24":{"start":{"line":17,"column":13},"end":{"line":17,"column":64}},"25":{"start":{"line":77,"column":24},"end":{"line":83,"column":1}},"26":{"start":{"line":78,"column":18},"end":{"line":78,"column":42}},"27":{"start":{"line":79,"column":2},"end":{"line":81,"column":3}},"28":{"start":{"line":80,"column":4},"end":{"line":80,"column":68}},"29":{"start":{"line":82,"column":2},"end":{"line":82,"column":17}},"30":{"start":{"line":77,"column":13},"end":{"line":77,"column":24}}},"fnMap":{"0":{"name":"(anonymous_0)","decl":{"start":{"line":17,"column":64},"end":{"line":17,"column":65}},"loc":{"start":{"line":17,"column":81},"end":{"line":75,"column":1}}},"1":{"name":"(anonymous_1)","decl":{"start":{"line":20,"column":32},"end":{"line":20,"column":33}},"loc":{"start":{"line":20,"column":97},"end":{"line":32,"column":3}}},"2":{"name":"(anonymous_2)","decl":{"start":{"line":22,"column":14},"end":{"line":22,"column":15}},"loc":{"start":{"line":22,"column":23},"end":{"line":28,"column":5}}},"3":{"name":"(anonymous_3)","decl":{"start":{"line":29,"column":15},"end":{"line":29,"column":18}},"loc":{"start":{"line":29,"column":20},"end":{"line":31,"column":5}}},"4":{"name":"(anonymous_4)","decl":{"start":{"line":30,"column":16},"end":{"line":30,"column":17}},"loc":{"start":{"line":30,"column":26},"end":{"line":30,"column":57}}},"5":{"name":"(anonymous_5)","decl":{"start":{"line":30,"column":38},"end":{"line":30,"column":39}},"loc":{"start":{"line":30,"column":45},"end":{"line":30,"column":56}}},"6":{"name":"(anonymous_6)","decl":{"start":{"line":34,"column":22},"end":{"line":34,"column":23}},"loc":{"start":{"line":34,"column":37},"end":{"line":36,"column":3}}},"7":{"name":"(anonymous_7)","decl":{"start":{"line":35,"column":14},"end":{"line":35,"column":15}},"loc":{"start":{"line":35,"column":24},"end":{"line":35,"column":55}}},"8":{"name":"(anonymous_8)","decl":{"start":{"line":35,"column":36},"end":{"line":35,"column":37}},"loc":{"start":{"line":35,"column":43},"end":{"line":35,"column":54}}},"9":{"name":"(anonymous_9)","decl":{"start":{"line":43,"column":22},"end":{"line":43,"column":23}},"loc":{"start":{"line":44,"column":12},"end":{"line":45,"column":null}}},"10":{"name":"(anonymous_10)","decl":{"start":{"line":64,"column":25},"end":{"line":64,"column":28}},"loc":{"start":{"line":64,"column":31},"end":{"line":64,"column":52}}},"11":{"name":"(anonymous_11)","decl":{"start":{"line":77,"column":24},"end":{"line":77,"column":45}},"loc":{"start":{"line":77,"column":47},"end":{"line":83,"column":1}}}},"branchMap":{"0":{"loc":{"start":{"line":20,"column":50},"end":{"line":20,"column":93}},"type":"default-arg","locations":[{"start":{"line":20,"column":87},"end":{"line":20,"column":93}}]},"1":{"loc":{"start":{"line":24,"column":8},"end":{"line":26,"column":9}},"type":"if","locations":[{"start":{"line":24,"column":8},"end":{"line":26,"column":9}},{"start":{},"end":{}}]},"2":{"loc":{"start":{"line":53,"column":16},"end":{"line":54,"column":null}},"type":"cond-expr","locations":[{"start":{"line":53,"column":43},"end":{"line":53,"column":59}},{"start":{"line":54,"column":16},"end":{"line":54,"column":null}}]},"3":{"loc":{"start":{"line":54,"column":16},"end":{"line":54,"column":null}},"type":"cond-expr","locations":[{"start":{"line":54,"column":41},"end":{"line":54,"column":55}},{"start":{"line":54,"column":58},"end":{"line":54,"column":null}}]},"4":{"loc":{"start":{"line":56,"column":17},"end":{"line":56,"column":70}},"type":"binary-expr","locations":[{"start":{"line":56,"column":17},"end":{"line":56,"column":41}},{"start":{"line":56,"column":45},"end":{"line":56,"column":70}}]},"5":{"loc":{"start":{"line":57,"column":17},"end":{"line":57,"column":68}},"type":"binary-expr","locations":[{"start":{"line":57,"column":17},"end":{"line":57,"column":39}},{"start":{"line":57,"column":43},"end":{"line":57,"column":68}}]},"6":{"loc":{"start":{"line":58,"column":17},"end":{"line":58,"column":60}},"type":"binary-expr","locations":[{"start":{"line":58,"column":17},"end":{"line":58,"column":38}},{"start":{"line":58,"column":42},"end":{"line":58,"column":60}}]},"7":{"loc":{"start":{"line":79,"column":2},"end":{"line":81,"column":3}},"type":"if","locations":[{"start":{"line":79,"column":2},"end":{"line":81,"column":3}},{"start":{},"end":{}}]}},"s":{"0":3,"1":3,"2":3,"3":3,"4":3,"5":13,"6":13,"7":14,"8":14,"9":14,"10":14,"11":5,"12":9,"13":14,"14":14,"15":14,"16":43,"17":13,"18":1,"19":1,"20":1,"21":13,"22":9,"23":1,"24":3,"25":3,"26":16,"27":15,"28":2,"29":13,"30":3},"f":{"0":13,"1":14,"2":14,"3":14,"4":14,"5":43,"6":1,"7":1,"8":1,"9":9,"10":1,"11":16},"b":{"0":[11],"1":[5,9],"2":[2,7],"3":[1,6],"4":[9,2],"5":[9,1],"6":[9,6],"7":[2,13]}}
,"/Users/annawierzbik/online-gaming-service/frontend/src/services/authService.ts": {"path":"/Users/annawierzbik/online-gaming-service/frontend/src/services/authService.ts","statementMap":{"0":{"start":{"line":2,"column":2},"end":{"line":4,"column":17}},"1":{"start":{"line":27,"column":17},"end":{"line":27,"column":32}},"2":{"start":{"line":29,"column":2},"end":{"line":51,"column":3}},"3":{"start":{"line":30,"column":24},"end":{"line":30,"column":60}},"4":{"start":{"line":31,"column":4},"end":{"line":34,"column":5}},"5":{"start":{"line":32,"column":24},"end":{"line":32,"column":45}},"6":{"start":{"line":33,"column":6},"end":{"line":33,"column":69}},"7":{"start":{"line":36,"column":22},"end":{"line":36,"column":43}},"8":{"start":{"line":37,"column":4},"end":{"line":48,"column":5}},"9":{"start":{"line":39,"column":6},"end":{"line":46,"column":7}},"10":{"start":{"line":40,"column":8},"end":{"line":45,"column":9}},"11":{"start":{"line":41,"column":25},"end":{"line":41,"column":46}},"12":{"start":{"line":42,"column":10},"end":{"line":42,"column":61}},"13":{"start":{"line":47,"column":6},"end":{"line":47,"column":23}},"14":{"start":{"line":53,"column":2},"end":{"line":72,"column":3}},"15":{"start":{"line":55,"column":6},"end":{"line":55,"column":57}},"16":{"start":{"line":57,"column":6},"end":{"line":57,"column":54}},"17":{"start":{"line":59,"column":6},"end":{"line":59,"column":30}},"18":{"start":{"line":61,"column":6},"end":{"line":61,"column":58}},"19":{"start":{"line":63,"column":6},"end":{"line":63,"column":55}},"20":{"start":{"line":65,"column":6},"end":{"line":65,"column":58}},"21":{"start":{"line":69,"column":6},"end":{"line":69,"column":53}},"22":{"start":{"line":71,"column":6},"end":{"line":71,"column":29}},"23":{"start":{"line":75,"column":13},"end":{"line":223,"column":2}},"24":{"start":{"line":77,"column":21},"end":{"line":82,"column":6}},"25":{"start":{"line":84,"column":4},"end":{"line":90,"column":5}},"26":{"start":{"line":85,"column":27},"end":{"line":87,"column":null}},"27":{"start":{"line":89,"column":6},"end":{"line":89,"column":36}},"28":{"start":{"line":92,"column":4},"end":{"line":92,"column":33}},"29":{"start":{"line":96,"column":21},"end":{"line":101,"column":6}},"30":{"start":{"line":103,"column":4},"end":{"line":109,"column":5}},"31":{"start":{"line":104,"column":27},"end":{"line":106,"column":null}},"32":{"start":{"line":108,"column":6},"end":{"line":108,"column":36}},"33":{"start":{"line":111,"column":4},"end":{"line":111,"column":27}},"34":{"start":{"line":115,"column":21},"end":{"line":118,"column":6}},"35":{"start":{"line":120,"column":4},"end":{"line":126,"column":5}},"36":{"start":{"line":121,"column":27},"end":{"line":123,"column":null}},"37":{"start":{"line":125,"column":6},"end":{"line":125,"column":36}},"38":{"start":{"line":128,"column":4},"end":{"line":128,"column":33}},"39":{"start":{"line":132,"column":21},"end":{"line":135,"column":6}},"40":{"start":{"line":137,"column":4},"end":{"line":143,"column":5}},"41":{"start":{"line":138,"column":27},"end":{"line":140,"column":null}},"42":{"start":{"line":142,"column":6},"end":{"line":142,"column":36}},"43":{"start":{"line":147,"column":21},"end":{"line":150,"column":6}},"44":{"start":{"line":152,"column":4},"end":{"line":162,"column":5}},"45":{"start":{"line":153,"column":21},"end":{"line":153,"column":36}},"46":{"start":{"line":154,"column":6},"end":{"line":156,"column":7}},"47":{"start":{"line":155,"column":8},"end":{"line":155,"column":65}},"48":{"start":{"line":157,"column":27},"end":{"line":159,"column":null}},"49":{"start":{"line":161,"column":6},"end":{"line":161,"column":36}},"50":{"start":{"line":164,"column":4},"end":{"line":164,"column":27}},"51":{"start":{"line":168,"column":21},"end":{"line":173,"column":6}},"52":{"start":{"line":175,"column":4},"end":{"line":181,"column":5}},"53":{"start":{"line":176,"column":27},"end":{"line":178,"column":null}},"54":{"start":{"line":180,"column":6},"end":{"line":180,"column":36}},"55":{"start":{"line":183,"column":4},"end":{"line":183,"column":27}},"56":{"start":{"line":190,"column":21},"end":{"line":195,"column":6}},"57":{"start":{"line":197,"column":4},"end":{"line":203,"column":5}},"58":{"start":{"line":198,"column":27},"end":{"line":200,"column":null}},"59":{"start":{"line":202,"column":6},"end":{"line":202,"column":36}},"60":{"start":{"line":207,"column":21},"end":{"line":210,"column":6}},"61":{"start":{"line":212,"column":4},"end":{"line":218,"column":5}},"62":{"start":{"line":213,"column":27},"end":{"line":215,"column":null}},"63":{"start":{"line":217,"column":6},"end":{"line":217,"column":36}},"64":{"start":{"line":220,"column":17},"end":{"line":220,"column":38}},"65":{"start":{"line":221,"column":4},"end":{"line":221,"column":22}}},"fnMap":{"0":{"name":"parseErrorResponse","decl":{"start":{"line":23,"column":15},"end":{"line":23,"column":33}},"loc":{"start":{"line":25,"column":25},"end":{"line":73,"column":1}}},"1":{"name":"(anonymous_1)","decl":{"start":{"line":76,"column":2},"end":{"line":76,"column":7}},"loc":{"start":{"line":76,"column":39},"end":{"line":93,"column":3}}},"2":{"name":"(anonymous_2)","decl":{"start":{"line":95,"column":2},"end":{"line":95,"column":7}},"loc":{"start":{"line":95,"column":38},"end":{"line":112,"column":3}}},"3":{"name":"(anonymous_3)","decl":{"start":{"line":114,"column":2},"end":{"line":114,"column":7}},"loc":{"start":{"line":114,"column":20},"end":{"line":129,"column":3}}},"4":{"name":"(anonymous_4)","decl":{"start":{"line":131,"column":2},"end":{"line":131,"column":7}},"loc":{"start":{"line":131,"column":14},"end":{"line":144,"column":3}}},"5":{"name":"(anonymous_5)","decl":{"start":{"line":146,"column":2},"end":{"line":146,"column":7}},"loc":{"start":{"line":146,"column":22},"end":{"line":165,"column":3}}},"6":{"name":"(anonymous_6)","decl":{"start":{"line":167,"column":2},"end":{"line":167,"column":7}},"loc":{"start":{"line":167,"column":42},"end":{"line":184,"column":3}}},"7":{"name":"(anonymous_7)","decl":{"start":{"line":186,"column":2},"end":{"line":186,"column":7}},"loc":{"start":{"line":188,"column":23},"end":{"line":204,"column":3}}},"8":{"name":"(anonymous_8)","decl":{"start":{"line":206,"column":2},"end":{"line":206,"column":7}},"loc":{"start":{"line":206,"column":20},"end":{"line":222,"column":3}}}},"branchMap":{"0":{"loc":{"start":{"line":2,"column":2},"end":{"line":4,"column":17}},"type":"cond-expr","locations":[{"start":{"line":3,"column":6},"end":{"line":3,"column":49}},{"start":{"line":4,"column":6},"end":{"line":4,"column":17}}]},"1":{"loc":{"start":{"line":2,"column":2},"end":{"line":2,"column":55}},"type":"binary-expr","locations":[{"start":{"line":2,"column":2},"end":{"line":2,"column":36}},{"start":{"line":2,"column":40},"end":{"line":2,"column":55}}]},"2":{"loc":{"start":{"line":3,"column":6},"end":{"line":3,"column":49}},"type":"binary-expr","locations":[{"start":{"line":3,"column":6},"end":{"line":3,"column":34}},{"start":{"line":3,"column":38},"end":{"line":3,"column":49}}]},"3":{"loc":{"start":{"line":31,"column":4},"end":{"line":34,"column":5}},"type":"if","locations":[{"start":{"line":31,"column":4},"end":{"line":34,"column":5}},{"start":{},"end":{}}]},"4":{"loc":{"start":{"line":33,"column":13},"end":{"line":33,"column":68}},"type":"binary-expr","locations":[{"start":{"line":33,"column":13},"end":{"line":33,"column":30}},{"start":{"line":33,"column":34},"end":{"line":33,"column":49}},{"start":{"line":33,"column":53},"end":{"line":33,"column":68}}]},"5":{"loc":{"start":{"line":37,"column":4},"end":{"line":48,"column":5}},"type":"if","locations":[{"start":{"line":37,"column":4},"end":{"line":48,"column":5}},{"start":{},"end":{}}]},"6":{"loc":{"start":{"line":39,"column":6},"end":{"line":46,"column":7}},"type":"if","locations":[{"start":{"line":39,"column":6},"end":{"line":46,"column":7}},{"start":{},"end":{}}]},"7":{"loc":{"start":{"line":42,"column":17},"end":{"line":42,"column":60}},"type":"binary-expr","locations":[{"start":{"line":42,"column":17},"end":{"line":42,"column":31}},{"start":{"line":42,"column":35},"end":{"line":42,"column":47}},{"start":{"line":42,"column":51},"end":{"line":42,"column":60}}]},"8":{"loc":{"start":{"line":53,"column":2},"end":{"line":72,"column":3}},"type":"switch","locations":[{"start":{"line":54,"column":4},"end":{"line":55,"column":57}},{"start":{"line":56,"column":4},"end":{"line":57,"column":54}},{"start":{"line":58,"column":4},"end":{"line":59,"column":30}},{"start":{"line":60,"column":4},"end":{"line":61,"column":58}},{"start":{"line":62,"column":4},"end":{"line":63,"column":55}},{"start":{"line":64,"column":4},"end":{"line":65,"column":58}},{"start":{"line":66,"column":4},"end":{"line":66,"column":13}},{"start":{"line":67,"column":4},"end":{"line":67,"column":13}},{"start":{"line":68,"column":4},"end":{"line":69,"column":53}},{"start":{"line":70,"column":4},"end":{"line":71,"column":29}}]},"9":{"loc":{"start":{"line":84,"column":4},"end":{"line":90,"column":5}},"type":"if","locations":[{"start":{"line":84,"column":4},"end":{"line":90,"column":5}},{"start":{},"end":{}}]},"10":{"loc":{"start":{"line":103,"column":4},"end":{"line":109,"column":5}},"type":"if","locations":[{"start":{"line":103,"column":4},"end":{"line":109,"column":5}},{"start":{},"end":{}}]},"11":{"loc":{"start":{"line":120,"column":4},"end":{"line":126,"column":5}},"type":"if","locations":[{"start":{"line":120,"column":4},"end":{"line":126,"column":5}},{"start":{},"end":{}}]},"12":{"loc":{"start":{"line":137,"column":4},"end":{"line":143,"column":5}},"type":"if","locations":[{"start":{"line":137,"column":4},"end":{"line":143,"column":5}},{"start":{},"end":{}}]},"13":{"loc":{"start":{"line":152,"column":4},"end":{"line":162,"column":5}},"type":"if","locations":[{"start":{"line":152,"column":4},"end":{"line":162,"column":5}},{"start":{},"end":{}}]},"14":{"loc":{"start":{"line":154,"column":6},"end":{"line":156,"column":7}},"type":"if","locations":[{"start":{"line":154,"column":6},"end":{"line":156,"column":7}},{"start":{},"end":{}}]},"15":{"loc":{"start":{"line":175,"column":4},"end":{"line":181,"column":5}},"type":"if","locations":[{"start":{"line":175,"column":4},"end":{"line":181,"column":5}},{"start":{},"end":{}}]},"16":{"loc":{"start":{"line":197,"column":4},"end":{"line":203,"column":5}},"type":"if","locations":[{"start":{"line":197,"column":4},"end":{"line":203,"column":5}},{"start":{},"end":{}}]},"17":{"loc":{"start":{"line":212,"column":4},"end":{"line":218,"column":5}},"type":"if","locations":[{"start":{"line":212,"column":4},"end":{"line":218,"column":5}},{"start":{},"end":{}}]}},"s":{"0":4,"1":12,"2":12,"3":12,"4":8,"5":1,"6":1,"7":7,"8":7,"9":2,"10":0,"11":0,"12":0,"13":2,"14":9,"15":2,"16":0,"17":0,"18":1,"19":1,"20":0,"21":4,"22":1,"23":4,"24":2,"25":2,"26":1,"27":1,"28":1,"29":3,"30":3,"31":2,"32":2,"33":1,"34":2,"35":2,"36":1,"37":1,"38":1,"39":1,"40":1,"41":0,"42":0,"43":4,"44":4,"45":2,"46":2,"47":1,"48":1,"49":1,"50":2,"51":2,"52":2,"53":1,"54":1,"55":1,"56":1,"57":1,"58":0,"59":0,"60":7,"61":7,"62":6,"63":6,"64":1,"65":1},"f":{"0":12,"1":2,"2":3,"3":2,"4":1,"5":4,"6":2,"7":1,"8":7},"b":{"0":[0,4],"1":[4,4],"2":[0,0],"3":[1,7],"4":[1,0,0],"5":[2,5],"6":[0,2],"7":[0,0,0],"8":[2,0,0,1,1,0,4,4,4,1],"9":[1,1],"10":[2,1],"11":[1,1],"12":[0,1],"13":[2,2],"14":[1,1],"15":[1,1],"16":[0,1],"17":[6,1]}}
,"/Users/annawierzbik/online-gaming-service/frontend/src/services/chatService.ts": {"path":"/Users/annawierzbik/online-gaming-service/frontend/src/services/chatService.ts","statementMap":{"0":{"start":{"line":1,"column":0},"end":{"line":1,"column":48}},"1":{"start":{"line":40,"column":10},"end":{"line":40,"column":40}},"2":{"start":{"line":41,"column":10},"end":{"line":41,"column":53}},"3":{"start":{"line":42,"column":10},"end":{"line":42,"column":49}},"4":{"start":{"line":43,"column":10},"end":{"line":43,"column":53}},"5":{"start":{"line":44,"column":10},"end":{"line":44,"column":47}},"6":{"start":{"line":45,"column":10},"end":{"line":45,"column":29}},"7":{"start":{"line":51,"column":4},"end":{"line":53,"column":5}},"8":{"start":{"line":52,"column":6},"end":{"line":52,"column":13}},"9":{"start":{"line":56,"column":4},"end":{"line":58,"column":5}},"10":{"start":{"line":57,"column":6},"end":{"line":57,"column":24}},"11":{"start":{"line":60,"column":4},"end":{"line":60,"column":27}},"12":{"start":{"line":62,"column":4},"end":{"line":90,"column":5}},"13":{"start":{"line":63,"column":6},"end":{"line":63,"column":36}},"14":{"start":{"line":66,"column":6},"end":{"line":68,"column":9}},"15":{"start":{"line":67,"column":8},"end":{"line":67,"column":68}},"16":{"start":{"line":67,"column":50},"end":{"line":67,"column":66}},"17":{"start":{"line":71,"column":6},"end":{"line":73,"column":9}},"18":{"start":{"line":72,"column":8},"end":{"line":72,"column":69}},"19":{"start":{"line":72,"column":49},"end":{"line":72,"column":67}},"20":{"start":{"line":76,"column":6},"end":{"line":78,"column":9}},"21":{"start":{"line":77,"column":8},"end":{"line":77,"column":64}},"22":{"start":{"line":77,"column":48},"end":{"line":77,"column":62}},"23":{"start":{"line":81,"column":6},"end":{"line":83,"column":9}},"24":{"start":{"line":82,"column":8},"end":{"line":82,"column":68}},"25":{"start":{"line":82,"column":50},"end":{"line":82,"column":66}},"26":{"start":{"line":85,"column":6},"end":{"line":85,"column":29}},"27":{"start":{"line":86,"column":6},"end":{"line":86,"column":69}},"28":{"start":{"line":88,"column":6},"end":{"line":88,"column":61}},"29":{"start":{"line":89,"column":6},"end":{"line":89,"column":16}},"30":{"start":{"line":97,"column":4},"end":{"line":100,"column":5}},"31":{"start":{"line":98,"column":6},"end":{"line":98,"column":81}},"32":{"start":{"line":99,"column":6},"end":{"line":99,"column":13}},"33":{"start":{"line":102,"column":4},"end":{"line":102,"column":70}},"34":{"start":{"line":109,"column":4},"end":{"line":109,"column":48}},"35":{"start":{"line":109,"column":41},"end":{"line":109,"column":48}},"36":{"start":{"line":111,"column":4},"end":{"line":111,"column":73}},"37":{"start":{"line":118,"column":4},"end":{"line":118,"column":48}},"38":{"start":{"line":118,"column":41},"end":{"line":118,"column":48}},"39":{"start":{"line":120,"column":4},"end":{"line":120,"column":79}},"40":{"start":{"line":127,"column":4},"end":{"line":127,"column":39}},"41":{"start":{"line":128,"column":4},"end":{"line":130,"column":6}},"42":{"start":{"line":129,"column":6},"end":{"line":129,"column":79}},"43":{"start":{"line":129,"column":64},"end":{"line":129,"column":77}},"44":{"start":{"line":137,"column":4},"end":{"line":137,"column":37}},"45":{"start":{"line":138,"column":4},"end":{"line":140,"column":6}},"46":{"start":{"line":139,"column":6},"end":{"line":139,"column":75}},"47":{"start":{"line":139,"column":60},"end":{"line":139,"column":73}},"48":{"start":{"line":147,"column":4},"end":{"line":147,"column":39}},"49":{"start":{"line":148,"column":4},"end":{"line":150,"column":6}},"50":{"start":{"line":149,"column":6},"end":{"line":149,"column":79}},"51":{"start":{"line":149,"column":64},"end":{"line":149,"column":77}},"52":{"start":{"line":157,"column":4},"end":{"line":157,"column":38}},"53":{"start":{"line":158,"column":4},"end":{"line":160,"column":6}},"54":{"start":{"line":159,"column":6},"end":{"line":159,"column":77}},"55":{"start":{"line":159,"column":62},"end":{"line":159,"column":75}},"56":{"start":{"line":167,"column":4},"end":{"line":172,"column":5}},"57":{"start":{"line":168,"column":6},"end":{"line":168,"column":68}},"58":{"start":{"line":169,"column":6},"end":{"line":169,"column":70}},"59":{"start":{"line":170,"column":6},"end":{"line":170,"column":58}},"60":{"start":{"line":171,"column":6},"end":{"line":171,"column":60}},"61":{"start":{"line":173,"column":4},"end":{"line":173,"column":24}},"62":{"start":{"line":174,"column":4},"end":{"line":174,"column":28}},"63":{"start":{"line":175,"column":4},"end":{"line":175,"column":30}},"64":{"start":{"line":176,"column":4},"end":{"line":176,"column":28}},"65":{"start":{"line":177,"column":4},"end":{"line":177,"column":30}},"66":{"start":{"line":178,"column":4},"end":{"line":178,"column":29}},"67":{"start":{"line":182,"column":4},"end":{"line":182,"column":52}},"68":{"start":{"line":186,"column":13},"end":{"line":186,"column":45}}},"fnMap":{"0":{"name":"(anonymous_0)","decl":{"start":{"line":39,"column":0},"end":{"line":39,"column":6}},"loc":{"start":{"line":39,"column":0},"end":{"line":184,"column":1}}},"1":{"name":"(anonymous_1)","decl":{"start":{"line":50,"column":2},"end":{"line":50,"column":7}},"loc":{"start":{"line":50,"column":38},"end":{"line":91,"column":3}}},"2":{"name":"(anonymous_2)","decl":{"start":{"line":66,"column":61},"end":{"line":66,"column":62}},"loc":{"start":{"line":66,"column":86},"end":{"line":68,"column":7}}},"3":{"name":"(anonymous_3)","decl":{"start":{"line":67,"column":37},"end":{"line":67,"column":38}},"loc":{"start":{"line":67,"column":50},"end":{"line":67,"column":66}}},"4":{"name":"(anonymous_4)","decl":{"start":{"line":71,"column":63},"end":{"line":71,"column":64}},"loc":{"start":{"line":71,"column":94},"end":{"line":73,"column":7}}},"5":{"name":"(anonymous_5)","decl":{"start":{"line":72,"column":36},"end":{"line":72,"column":37}},"loc":{"start":{"line":72,"column":49},"end":{"line":72,"column":67}}},"6":{"name":"(anonymous_6)","decl":{"start":{"line":76,"column":56},"end":{"line":76,"column":57}},"loc":{"start":{"line":76,"column":77},"end":{"line":78,"column":7}}},"7":{"name":"(anonymous_7)","decl":{"start":{"line":77,"column":35},"end":{"line":77,"column":36}},"loc":{"start":{"line":77,"column":48},"end":{"line":77,"column":62}}},"8":{"name":"(anonymous_8)","decl":{"start":{"line":81,"column":58},"end":{"line":81,"column":59}},"loc":{"start":{"line":81,"column":91},"end":{"line":83,"column":7}}},"9":{"name":"(anonymous_9)","decl":{"start":{"line":82,"column":37},"end":{"line":82,"column":38}},"loc":{"start":{"line":82,"column":50},"end":{"line":82,"column":66}}},"10":{"name":"(anonymous_10)","decl":{"start":{"line":96,"column":2},"end":{"line":96,"column":13}},"loc":{"start":{"line":96,"column":29},"end":{"line":103,"column":3}}},"11":{"name":"(anonymous_11)","decl":{"start":{"line":108,"column":2},"end":{"line":108,"column":21}},"loc":{"start":{"line":108,"column":39},"end":{"line":112,"column":3}}},"12":{"name":"(anonymous_12)","decl":{"start":{"line":117,"column":2},"end":{"line":117,"column":16}},"loc":{"start":{"line":117,"column":55},"end":{"line":121,"column":3}}},"13":{"name":"(anonymous_13)","decl":{"start":{"line":126,"column":2},"end":{"line":126,"column":11}},"loc":{"start":{"line":126,"column":39},"end":{"line":131,"column":3}}},"14":{"name":"(anonymous_14)","decl":{"start":{"line":128,"column":11},"end":{"line":128,"column":14}},"loc":{"start":{"line":128,"column":16},"end":{"line":130,"column":5}}},"15":{"name":"(anonymous_15)","decl":{"start":{"line":129,"column":57},"end":{"line":129,"column":58}},"loc":{"start":{"line":129,"column":64},"end":{"line":129,"column":77}}},"16":{"name":"(anonymous_16)","decl":{"start":{"line":136,"column":2},"end":{"line":136,"column":9}},"loc":{"start":{"line":136,"column":35},"end":{"line":141,"column":3}}},"17":{"name":"(anonymous_17)","decl":{"start":{"line":138,"column":11},"end":{"line":138,"column":14}},"loc":{"start":{"line":138,"column":16},"end":{"line":140,"column":5}}},"18":{"name":"(anonymous_18)","decl":{"start":{"line":139,"column":53},"end":{"line":139,"column":54}},"loc":{"start":{"line":139,"column":60},"end":{"line":139,"column":73}}},"19":{"name":"(anonymous_19)","decl":{"start":{"line":146,"column":2},"end":{"line":146,"column":11}},"loc":{"start":{"line":146,"column":39},"end":{"line":151,"column":3}}},"20":{"name":"(anonymous_20)","decl":{"start":{"line":148,"column":11},"end":{"line":148,"column":14}},"loc":{"start":{"line":148,"column":16},"end":{"line":150,"column":5}}},"21":{"name":"(anonymous_21)","decl":{"start":{"line":149,"column":57},"end":{"line":149,"column":58}},"loc":{"start":{"line":149,"column":64},"end":{"line":149,"column":77}}},"22":{"name":"(anonymous_22)","decl":{"start":{"line":156,"column":2},"end":{"line":156,"column":10}},"loc":{"start":{"line":156,"column":33},"end":{"line":161,"column":3}}},"23":{"name":"(anonymous_23)","decl":{"start":{"line":158,"column":11},"end":{"line":158,"column":14}},"loc":{"start":{"line":158,"column":16},"end":{"line":160,"column":5}}},"24":{"name":"(anonymous_24)","decl":{"start":{"line":159,"column":55},"end":{"line":159,"column":56}},"loc":{"start":{"line":159,"column":62},"end":{"line":159,"column":75}}},"25":{"name":"(anonymous_25)","decl":{"start":{"line":166,"column":2},"end":{"line":166,"column":12}},"loc":{"start":{"line":166,"column":12},"end":{"line":179,"column":3}}},"26":{"name":"(anonymous_26)","decl":{"start":{"line":181,"column":2},"end":{"line":181,"column":13}},"loc":{"start":{"line":181,"column":13},"end":{"line":183,"column":3}}}},"branchMap":{"0":{"loc":{"start":{"line":51,"column":4},"end":{"line":53,"column":5}},"type":"if","locations":[{"start":{"line":51,"column":4},"end":{"line":53,"column":5}},{"start":{},"end":{}}]},"1":{"loc":{"start":{"line":51,"column":8},"end":{"line":51,"column":51}},"type":"binary-expr","locations":[{"start":{"line":51,"column":8},"end":{"line":51,"column":32}},{"start":{"line":51,"column":36},"end":{"line":51,"column":51}}]},"2":{"loc":{"start":{"line":56,"column":4},"end":{"line":58,"column":5}},"type":"if","locations":[{"start":{"line":56,"column":4},"end":{"line":58,"column":5}},{"start":{},"end":{}}]},"3":{"loc":{"start":{"line":56,"column":8},"end":{"line":56,"column":48}},"type":"binary-expr","locations":[{"start":{"line":56,"column":8},"end":{"line":56,"column":20}},{"start":{"line":56,"column":24},"end":{"line":56,"column":48}}]},"4":{"loc":{"start":{"line":97,"column":4},"end":{"line":100,"column":5}},"type":"if","locations":[{"start":{"line":97,"column":4},"end":{"line":100,"column":5}},{"start":{},"end":{}}]},"5":{"loc":{"start":{"line":97,"column":8},"end":{"line":97,"column":39}},"type":"binary-expr","locations":[{"start":{"line":97,"column":8},"end":{"line":97,"column":21}},{"start":{"line":97,"column":25},"end":{"line":97,"column":39}}]},"6":{"loc":{"start":{"line":109,"column":4},"end":{"line":109,"column":48}},"type":"if","locations":[{"start":{"line":109,"column":4},"end":{"line":109,"column":48}},{"start":{},"end":{}}]},"7":{"loc":{"start":{"line":109,"column":8},"end":{"line":109,"column":39}},"type":"binary-expr","locations":[{"start":{"line":109,"column":8},"end":{"line":109,"column":21}},{"start":{"line":109,"column":25},"end":{"line":109,"column":39}}]},"8":{"loc":{"start":{"line":117,"column":17},"end":{"line":117,"column":35}},"type":"default-arg","locations":[{"start":{"line":117,"column":34},"end":{"line":117,"column":35}}]},"9":{"loc":{"start":{"line":117,"column":37},"end":{"line":117,"column":55}},"type":"default-arg","locations":[{"start":{"line":117,"column":53},"end":{"line":117,"column":55}}]},"10":{"loc":{"start":{"line":118,"column":4},"end":{"line":118,"column":48}},"type":"if","locations":[{"start":{"line":118,"column":4},"end":{"line":118,"column":48}},{"start":{},"end":{}}]},"11":{"loc":{"start":{"line":118,"column":8},"end":{"line":118,"column":39}},"type":"binary-expr","locations":[{"start":{"line":118,"column":8},"end":{"line":118,"column":21}},{"start":{"line":118,"column":25},"end":{"line":118,"column":39}}]},"12":{"loc":{"start":{"line":167,"column":4},"end":{"line":172,"column":5}},"type":"if","locations":[{"start":{"line":167,"column":4},"end":{"line":172,"column":5}},{"start":{},"end":{}}]},"13":{"loc":{"start":{"line":182,"column":11},"end":{"line":182,"column":51}},"type":"binary-expr","locations":[{"start":{"line":182,"column":11},"end":{"line":182,"column":26}},{"start":{"line":182,"column":30},"end":{"line":182,"column":51}}]}},"s":{"0":1,"1":1,"2":1,"3":1,"4":1,"5":1,"6":1,"7":14,"8":1,"9":13,"10":1,"11":13,"12":13,"13":13,"14":12,"15":1,"16":1,"17":12,"18":1,"19":1,"20":12,"21":1,"22":1,"23":12,"24":1,"25":1,"26":12,"27":12,"28":1,"29":1,"30":2,"31":1,"32":1,"33":1,"34":1,"35":0,"36":1,"37":1,"38":0,"39":1,"40":2,"41":2,"42":1,"43":1,"44":1,"45":1,"46":0,"47":0,"48":1,"49":1,"50":0,"51":0,"52":1,"53":1,"54":0,"55":0,"56":16,"57":13,"58":13,"59":13,"60":13,"61":16,"62":16,"63":16,"64":16,"65":16,"66":16,"67":2,"68":1},"f":{"0":1,"1":14,"2":1,"3":1,"4":1,"5":1,"6":1,"7":1,"8":1,"9":1,"10":2,"11":1,"12":1,"13":2,"14":1,"15":1,"16":1,"17":0,"18":0,"19":1,"20":0,"21":0,"22":1,"23":0,"24":0,"25":16,"26":2},"b":{"0":[1,13],"1":[14,1],"2":[1,12],"3":[13,1],"4":[1,1],"5":[2,1],"6":[0,1],"7":[1,1],"8":[1],"9":[1],"10":[0,1],"11":[1,1],"12":[13,3],"13":[2,1]}}
,"/Users/annawierzbik/online-gaming-service/frontend/src/services/lobbyService.ts": {"path":"/Users/annawierzbik/online-gaming-service/frontend/src/services/lobbyService.ts","statementMap":{"0":{"start":{"line":4,"column":2},"end":{"line":6,"column":17}},"1":{"start":{"line":9,"column":14},"end":{"line":15,"column":4}},"2":{"start":{"line":17,"column":2},"end":{"line":28,"column":3}},"3":{"start":{"line":18,"column":23},"end":{"line":18,"column":40}},"4":{"start":{"line":19,"column":4},"end":{"line":26,"column":5}},"5":{"start":{"line":20,"column":20},"end":{"line":20,"column":36}},"6":{"start":{"line":21,"column":6},"end":{"line":23,"column":7}},"7":{"start":{"line":22,"column":8},"end":{"line":22,"column":37}},"8":{"start":{"line":25,"column":6},"end":{"line":25,"column":74}},"9":{"start":{"line":27,"column":4},"end":{"line":27,"column":34}},"10":{"start":{"line":30,"column":2},"end":{"line":30,"column":34}},"11":{"start":{"line":33,"column":13},"end":{"line":101,"column":2}},"12":{"start":{"line":35,"column":4},"end":{"line":35,"column":47}},"13":{"start":{"line":44,"column":4},"end":{"line":52,"column":7}},"14":{"start":{"line":60,"column":4},"end":{"line":67,"column":7}},"15":{"start":{"line":71,"column":4},"end":{"line":73,"column":7}},"16":{"start":{"line":77,"column":4},"end":{"line":79,"column":7}},"17":{"start":{"line":83,"column":4},"end":{"line":86,"column":7}},"18":{"start":{"line":90,"column":4},"end":{"line":92,"column":7}},"19":{"start":{"line":96,"column":4},"end":{"line":99,"column":7}}},"fnMap":{"0":{"name":"request","decl":{"start":{"line":8,"column":15},"end":{"line":8,"column":22}},"loc":{"start":{"line":8,"column":65},"end":{"line":31,"column":1}}},"1":{"name":"(anonymous_1)","decl":{"start":{"line":34,"column":2},"end":{"line":34,"column":13}},"loc":{"start":{"line":34,"column":13},"end":{"line":36,"column":3}}},"2":{"name":"(anonymous_2)","decl":{"start":{"line":38,"column":2},"end":{"line":38,"column":12}},"loc":{"start":{"line":42,"column":30},"end":{"line":53,"column":3}}},"3":{"name":"(anonymous_3)","decl":{"start":{"line":55,"column":2},"end":{"line":55,"column":10}},"loc":{"start":{"line":58,"column":20},"end":{"line":68,"column":3}}},"4":{"name":"(anonymous_4)","decl":{"start":{"line":70,"column":2},"end":{"line":70,"column":11}},"loc":{"start":{"line":70,"column":11},"end":{"line":74,"column":3}}},"5":{"name":"(anonymous_5)","decl":{"start":{"line":76,"column":2},"end":{"line":76,"column":13}},"loc":{"start":{"line":76,"column":13},"end":{"line":80,"column":3}}},"6":{"name":"(anonymous_6)","decl":{"start":{"line":82,"column":2},"end":{"line":82,"column":14}},"loc":{"start":{"line":82,"column":31},"end":{"line":87,"column":3}}},"7":{"name":"(anonymous_7)","decl":{"start":{"line":89,"column":2},"end":{"line":89,"column":11}},"loc":{"start":{"line":89,"column":11},"end":{"line":93,"column":3}}},"8":{"name":"(anonymous_8)","decl":{"start":{"line":95,"column":2},"end":{"line":95,"column":12}},"loc":{"start":{"line":95,"column":27},"end":{"line":100,"column":3}}}},"branchMap":{"0":{"loc":{"start":{"line":4,"column":2},"end":{"line":6,"column":17}},"type":"cond-expr","locations":[{"start":{"line":5,"column":6},"end":{"line":5,"column":54}},{"start":{"line":6,"column":6},"end":{"line":6,"column":17}}]},"1":{"loc":{"start":{"line":4,"column":2},"end":{"line":4,"column":55}},"type":"binary-expr","locations":[{"start":{"line":4,"column":2},"end":{"line":4,"column":36}},{"start":{"line":4,"column":40},"end":{"line":4,"column":55}}]},"2":{"loc":{"start":{"line":5,"column":6},"end":{"line":5,"column":54}},"type":"binary-expr","locations":[{"start":{"line":5,"column":6},"end":{"line":5,"column":39}},{"start":{"line":5,"column":43},"end":{"line":5,"column":54}}]},"3":{"loc":{"start":{"line":17,"column":2},"end":{"line":28,"column":3}},"type":"if","locations":[{"start":{"line":17,"column":2},"end":{"line":28,"column":3}},{"start":{},"end":{}}]},"4":{"loc":{"start":{"line":21,"column":6},"end":{"line":23,"column":7}},"type":"if","locations":[{"start":{"line":21,"column":6},"end":{"line":23,"column":7}},{"start":{},"end":{}}]},"5":{"loc":{"start":{"line":42,"column":4},"end":{"line":42,"column":30}},"type":"default-arg","locations":[{"start":{"line":42,"column":25},"end":{"line":42,"column":30}}]},"6":{"loc":{"start":{"line":49,"column":14},"end":{"line":49,"column":41}},"type":"binary-expr","locations":[{"start":{"line":49,"column":14},"end":{"line":49,"column":18}},{"start":{"line":49,"column":22},"end":{"line":49,"column":41}}]},"7":{"loc":{"start":{"line":57,"column":4},"end":{"line":57,"column":22}},"type":"default-arg","locations":[{"start":{"line":57,"column":15},"end":{"line":57,"column":22}}]},"8":{"loc":{"start":{"line":58,"column":4},"end":{"line":58,"column":20}},"type":"default-arg","locations":[{"start":{"line":58,"column":15},"end":{"line":58,"column":20}}]}},"s":{"0":4,"1":10,"2":10,"3":2,"4":2,"5":2,"6":1,"7":1,"8":1,"9":2,"10":8,"11":4,"12":3,"13":1,"14":1,"15":1,"16":1,"17":1,"18":1,"19":1},"f":{"0":10,"1":3,"2":1,"3":1,"4":1,"5":1,"6":1,"7":1,"8":1},"b":{"0":[0,4],"1":[4,4],"2":[0,0],"3":[2,8],"4":[1,0],"5":[0],"6":[1,1],"7":[1],"8":[1]}}
,"/Users/annawierzbik/online-gaming-service/frontend/src/services/makaoGameService.ts": {"path":"/Users/annawierzbik/online-gaming-service/frontend/src/services/makaoGameService.ts","statementMap":{"0":{"start":{"line":9,"column":2},"end":{"line":11,"column":17}},"1":{"start":{"line":19,"column":14},"end":{"line":25,"column":4}},"2":{"start":{"line":27,"column":2},"end":{"line":38,"column":3}},"3":{"start":{"line":28,"column":23},"end":{"line":28,"column":40}},"4":{"start":{"line":29,"column":4},"end":{"line":36,"column":5}},"5":{"start":{"line":30,"column":30},"end":{"line":30,"column":46}},"6":{"start":{"line":31,"column":6},"end":{"line":33,"column":7}},"7":{"start":{"line":32,"column":8},"end":{"line":32,"column":37}},"8":{"start":{"line":37,"column":4},"end":{"line":37,"column":34}},"9":{"start":{"line":41,"column":15},"end":{"line":41,"column":31}},"10":{"start":{"line":42,"column":2},"end":{"line":44,"column":3}},"11":{"start":{"line":43,"column":4},"end":{"line":43,"column":19}},"12":{"start":{"line":46,"column":2},"end":{"line":46,"column":31}},"13":{"start":{"line":61,"column":13},"end":{"line":156,"column":2}},"14":{"start":{"line":66,"column":42},"end":{"line":71,"column":6}},"15":{"start":{"line":73,"column":4},"end":{"line":76,"column":7}},"16":{"start":{"line":83,"column":4},"end":{"line":85,"column":7}},"17":{"start":{"line":92,"column":17},"end":{"line":97,"column":17}},"18":{"start":{"line":99,"column":4},"end":{"line":102,"column":7}},"19":{"start":{"line":109,"column":4},"end":{"line":111,"column":7}},"20":{"start":{"line":118,"column":4},"end":{"line":120,"column":7}},"21":{"start":{"line":128,"column":4},"end":{"line":130,"column":7}},"22":{"start":{"line":137,"column":4},"end":{"line":139,"column":7}},"23":{"start":{"line":147,"column":4},"end":{"line":154,"column":5}},"24":{"start":{"line":148,"column":6},"end":{"line":150,"column":9}},"25":{"start":{"line":151,"column":6},"end":{"line":151,"column":18}},"26":{"start":{"line":153,"column":6},"end":{"line":153,"column":19}},"27":{"start":{"line":158,"column":0},"end":{"line":158,"column":32}}},"fnMap":{"0":{"name":"request","decl":{"start":{"line":18,"column":15},"end":{"line":18,"column":22}},"loc":{"start":{"line":18,"column":65},"end":{"line":47,"column":1}}},"1":{"name":"(anonymous_1)","decl":{"start":{"line":65,"column":2},"end":{"line":65,"column":10}},"loc":{"start":{"line":65,"column":35},"end":{"line":77,"column":3}}},"2":{"name":"(anonymous_2)","decl":{"start":{"line":82,"column":2},"end":{"line":82,"column":10}},"loc":{"start":{"line":82,"column":10},"end":{"line":86,"column":3}}},"3":{"name":"(anonymous_3)","decl":{"start":{"line":91,"column":2},"end":{"line":91,"column":15}},"loc":{"start":{"line":91,"column":46},"end":{"line":103,"column":3}}},"4":{"name":"(anonymous_4)","decl":{"start":{"line":108,"column":2},"end":{"line":108,"column":15}},"loc":{"start":{"line":108,"column":15},"end":{"line":112,"column":3}}},"5":{"name":"(anonymous_5)","decl":{"start":{"line":117,"column":2},"end":{"line":117,"column":14}},"loc":{"start":{"line":117,"column":14},"end":{"line":121,"column":3}}},"6":{"name":"(anonymous_6)","decl":{"start":{"line":127,"column":2},"end":{"line":127,"column":14}},"loc":{"start":{"line":127,"column":14},"end":{"line":131,"colum
[...]
mn":5}}},"14":{"name":"(anonymous_24)","decl":{"start":{"line":109,"column":2},"end":{"line":109,"column":13}},"loc":{"start":{"line":109,"column":27},"end":{"line":115,"column":3}}},"15":{"name":"(anonymous_25)","decl":{"start":{"line":117,"column":2},"end":{"line":117,"column":12}},"loc":{"start":{"line":117,"column":12},"end":{"line":123,"column":3}}},"16":{"name":"(anonymous_26)","decl":{"start":{"line":119,"column":28},"end":{"line":119,"column":31}},"loc":{"start":{"line":119,"column":33},"end":{"line":122,"column":5}}}},"branchMap":{"0":{"loc":{"start":{"line":8,"column":4},"end":{"line":10,"column":12}},"type":"cond-expr","locations":[{"start":{"line":9,"column":8},"end":{"line":9,"column":46}},{"start":{"line":10,"column":8},"end":{"line":10,"column":12}}]},"1":{"loc":{"start":{"line":8,"column":4},"end":{"line":8,"column":57}},"type":"binary-expr","locations":[{"start":{"line":8,"column":4},"end":{"line":8,"column":38}},{"start":{"line":8,"column":42},"end":{"line":8,"column":57}}]},"2":{"loc":{"start":{"line":12,"column":2},"end":{"line":14,"column":3}},"type":"if","locations":[{"start":{"line":12,"column":2},"end":{"line":14,"column":3}},{"start":{},"end":{}}]},"3":{"loc":{"start":{"line":29,"column":4},"end":{"line":29,"column":57}},"type":"if","locations":[{"start":{"line":29,"column":4},"end":{"line":29,"column":57}},{"start":{},"end":{}}]},"4":{"loc":{"start":{"line":30,"column":4},"end":{"line":30,"column":62}},"type":"if","locations":[{"start":{"line":30,"column":4},"end":{"line":30,"column":62}},{"start":{},"end":{}}]},"5":{"loc":{"start":{"line":68,"column":4},"end":{"line":71,"column":5}},"type":"if","locations":[{"start":{"line":68,"column":4},"end":{"line":71,"column":5}},{"start":{},"end":{}}]},"6":{"loc":{"start":{"line":75,"column":4},"end":{"line":78,"column":5}},"type":"if","locations":[{"start":{"line":75,"column":4},"end":{"line":78,"column":5}},{"start":{},"end":{}}]},"7":{"loc":{"start":{"line":81,"column":28},"end":{"line":81,"column":42}},"type":"default-arg","locations":[{"start":{"line":81,"column":40},"end":{"line":81,"column":42}}]},"8":{"loc":{"start":{"line":82,"column":4},"end":{"line":84,"column":5}},"type":"if","locations":[{"start":{"line":82,"column":4},"end":{"line":84,"column":5}},{"start":{},"end":{}}]},"9":{"loc":{"start":{"line":88,"column":4},"end":{"line":94,"column":5}},"type":"if","locations":[{"start":{"line":88,"column":4},"end":{"line":94,"column":5}},{"start":{},"end":{}}]},"10":{"loc":{"start":{"line":96,"column":4},"end":{"line":99,"column":5}},"type":"if","locations":[{"start":{"line":96,"column":4},"end":{"line":99,"column":5}},{"start":{},"end":{}}]},"11":{"loc":{"start":{"line":111,"column":4},"end":{"line":114,"column":5}},"type":"if","locations":[{"start":{"line":111,"column":4},"end":{"line":114,"column":5}},{"start":{},"end":{}}]}},"s":{"0":2,"1":2,"2":2,"3":2,"4":2,"5":0,"6":2,"7":2,"8":2,"9":2,"10":2,"11":2,"12":2,"13":4,"14":0,"15":4,"16":0,"17":4,"18":4,"19":4,"20":4,"21":4,"22":3,"23":3,"24":3,"25":3,"26":1,"27":1,"28":1,"29":4,"30":3,"31":3,"32":3,"33":3,"34":0,"35":7,"36":3,"37":3,"38":3,"39":3,"40":3,"41":0,"42":0,"43":2,"44":0,"45":0,"46":2,"47":0,"48":0,"49":2,"50":2,"51":1,"52":1,"53":2,"54":1,"55":1,"56":1,"57":1,"58":4,"59":4,"60":4,"61":4,"62":2},"f":{"0":2,"1":2,"2":4,"3":4,"4":0,"5":3,"6":1,"7":3,"8":0,"9":7,"10":3,"11":0,"12":2,"13":1,"14":1,"15":4,"16":4},"b":{"0":[0,2],"1":[2,2],"2":[0,2],"3":[0,4],"4":[0,4],"5":[3,4],"6":[3,0],"7":[0],"8":[0,0],"9":[0,2],"10":[0,2],"11":[1,0]}}
,"/Users/annawierzbik/online-gaming-service/frontend/src/services/socketService.ts": {"path":"/Users/annawierzbik/online-gaming-service/frontend/src/services/socketService.ts","statementMap":{"0":{"start":{"line":1,"column":0},"end":{"line":1,"column":35}},"1":{"start":{"line":2,"column":0},"end":{"line":2,"column":35}},"2":{"start":{"line":5,"column":17},"end":{"line":18,"column":1}},"3":{"start":{"line":8,"column":4},"end":{"line":10,"column":12}},"4":{"start":{"line":12,"column":2},"end":{"line":14,"column":3}},"5":{"start":{"line":13,"column":4},"end":{"line":13,"column":18}},"6":{"start":{"line":17,"column":2},"end":{"line":17,"column":49}},"7":{"start":{"line":19,"column":15},"end":{"line":19,"column":25}},"8":{"start":{"line":28,"column":10},"end":{"line":28,"column":36}},"9":{"start":{"line":29,"column":10},"end":{"line":29,"column":37}},"10":{"start":{"line":30,"column":10},"end":{"line":30,"column":68}},"11":{"start":{"line":31,"column":10},"end":{"line":31,"column":70}},"12":{"start":{"line":32,"column":10},"end":{"line":32,"column":40}},"13":{"start":{"line":33,"column":10},"end":{"line":33,"column":54}},"14":{"start":{"line":34,"column":10},"end":{"line":34,"column":45}},"15":{"start":{"line":37,"column":4},"end":{"line":37,"column":43}},"16":{"start":{"line":38,"column":4},"end":{"line":38,"column":47}},"17":{"start":{"line":39,"column":4},"end":{"line":39,"column":43}},"18":{"start":{"line":47,"column":4},"end":{"line":47,"column":35}},"19":{"start":{"line":49,"column":4},"end":{"line":51,"column":5}},"20":{"start":{"line":50,"column":6},"end":{"line":50,"column":31}},"21":{"start":{"line":53,"column":4},"end":{"line":55,"column":5}},"22":{"start":{"line":54,"column":6},"end":{"line":54,"column":33}},"23":{"start":{"line":57,"column":4},"end":{"line":57,"column":29}},"24":{"start":{"line":59,"column":4},"end":{"line":91,"column":7}},"25":{"start":{"line":60,"column":29},"end":{"line":88,"column":7}},"26":{"start":{"line":61,"column":8},"end":{"line":87,"column":9}},"27":{"start":{"line":62,"column":25},"end":{"line":62,"column":43}},"28":{"start":{"line":63,"column":10},"end":{"line":63,"column":45}},"29":{"start":{"line":66,"column":10},"end":{"line":66,"column":49}},"30":{"start":{"line":67,"column":10},"end":{"line":67,"column":49}},"31":{"start":{"line":70,"column":10},"end":{"line":70,"column":39}},"32":{"start":{"line":72,"column":10},"end":{"line":83,"column":12}},"33":{"start":{"line":75,"column":14},"end":{"line":75,"column":31}},"34":{"start":{"line":76,"column":14},"end":{"line":76,"column":24}},"35":{"start":{"line":79,"column":14},"end":{"line":79,"column":34}},"36":{"start":{"line":85,"column":10},"end":{"line":85,"column":28}},"37":{"start":{"line":90,"column":6},"end":{"line":90,"column":23}},"38":{"start":{"line":93,"column":4},"end":{"line":93,"column":31}},"39":{"start":{"line":97,"column":4},"end":{"line":97,"column":45}},"40":{"start":{"line":98,"column":4},"end":{"line":98,"column":26}},"41":{"start":{"line":99,"column":4},"end":{"line":99,"column":30}},"42":{"start":{"line":103,"column":4},"end":{"line":103,"column":31}},"43":{"start":{"line":105,"column":4},"end":{"line":108,"column":5}},"44":{"start":{"line":106,"column":6},"end":{"line":106,"column":40}},"45":{"start":{"line":107,"column":6},"end":{"line":107,"column":33}},"46":{"start":{"line":110,"column":4},"end":{"line":110,"column":26}},"47":{"start":{"line":114,"column":4},"end":{"line":114,"column":62}},"48":{"start":{"line":115,"column":4},"end":{"line":115,"column":27}},"49":{"start":{"line":116,"column":4},"end":{"line":116,"column":30}},"50":{"start":{"line":119,"column":4},"end":{"line":121,"column":5}},"51":{"start":{"line":120,"column":6},"end":{"line":120,"column":31}},"52":{"start":{"line":125,"column":4},"end":{"line":125,"column":62}},"53":{"start":{"line":125,"column":55},"end":{"line":125,"column":62}},"54":{"start":{"line":127,"column":4},"end":{"line":131,"column":13}},"55":{"start":{"line":128,"column":6},"end":{"line":128,"column":33}},"56":{"start":{"line":129,"column":6},"end":{"line":129,"column":60}},"57":{"start":{"line":130,"column":6},"end":{"line":130,"column":21}},"58":{"start":{"line":135,"column":4},"end":{"line":135,"column":48}},"59":{"start":{"line":135,"column":41},"end":{"line":135,"column":48}},"60":{"start":{"line":137,"column":4},"end":{"line":158,"column":7}},"61":{"start":{"line":138,"column":6},"end":{"line":142,"column":7}},"62":{"start":{"line":139,"column":8},"end":{"line":141,"column":22}},"63":{"start":{"line":140,"column":10},"end":{"line":140,"column":41}},"64":{"start":{"line":144,"column":6},"end":{"line":157,"column":7}},"65":{"start":{"line":145,"column":25},"end":{"line":153,"column":10}},"66":{"start":{"line":146,"column":10},"end":{"line":152,"column":11}},"67":{"start":{"line":147,"column":12},"end":{"line":151,"column":13}},"68":{"start":{"line":148,"column":14},"end":{"line":148,"column":49}},"69":{"start":{"line":150,"column":14},"end":{"line":150,"column":45}},"70":{"start":{"line":154,"column":8},"end":{"line":154,"column":36}},"71":{"start":{"line":156,"column":8},"end":{"line":156,"column":48}},"72":{"start":{"line":162,"column":40},"end":{"line":166,"column":6}},"73":{"start":{"line":167,"column":4},"end":{"line":167,"column":44}},"74":{"start":{"line":169,"column":4},"end":{"line":184,"column":5}},"75":{"start":{"line":170,"column":23},"end":{"line":178,"column":8}},"76":{"start":{"line":171,"column":8},"end":{"line":177,"column":9}},"77":{"start":{"line":172,"column":10},"end":{"line":176,"column":11}},"78":{"start":{"line":173,"column":12},"end":{"line":173,"column":43}},"79":{"start":{"line":175,"column":12},"end":{"line":175,"column":29}},"80":{"start":{"line":179,"column":6},"end":{"line":179,"column":39}},"81":{"start":{"line":181,"column":6},"end":{"line":183,"column":7}},"82":{"start":{"line":182,"column":8},"end":{"line":182,"column":23}},"83":{"start":{"line":186,"column":4},"end":{"line":188,"column":6}},"84":{"start":{"line":187,"column":6},"end":{"line":187,"column":30}},"85":{"start":{"line":192,"column":18},"end":{"line":192,"column":47}},"86":{"start":{"line":193,"column":4},"end":{"line":197,"column":5}},"87":{"start":{"line":194,"column":6},"end":{"line":196,"column":20}},"88":{"start":{"line":195,"column":8},"end":{"line":195,"column":41}},"89":{"start":{"line":198,"column":4},"end":{"line":198,"column":37}},"90":{"start":{"line":202,"column":4},"end":{"line":205,"column":5}},"91":{"start":{"line":203,"column":6},"end":{"line":203,"column":80}},"92":{"start":{"line":204,"column":6},"end":{"line":204,"column":13}},"93":{"start":{"line":206,"column":4},"end":{"line":206,"column":60}},"94":{"start":{"line":210,"column":4},"end":{"line":210,"column":34}},"95":{"start":{"line":211,"column":4},"end":{"line":211,"column":63}},"96":{"start":{"line":211,"column":29},"end":{"line":211,"column":63}},"97":{"start":{"line":213,"column":4},"end":{"line":216,"column":7}},"98":{"start":{"line":214,"column":6},"end":{"line":214,"column":29}},"99":{"start":{"line":215,"column":6},"end":{"line":215,"column":25}},"100":{"start":{"line":217,"column":4},"end":{"line":217,"column":31}},"101":{"start":{"line":221,"column":13},"end":{"line":221,"column":49}}},"fnMap":{"0":{"name":"(anonymous_10)","decl":{"start":{"line":5,"column":17},"end":{"line":5,"column":20}},"loc":{"start":{"line":5,"column":22},"end":{"line":18,"column":1}}},"1":{"name":"(anonymous_11)","decl":{"start":{"line":36,"column":2},"end":{"line":36,"column":null}},"loc":{"start":{"line":36,"column":2},"end":{"line":40,"column":3}}},"2":{"name":"(anonymous_12)","decl":{"start":{"line":46,"column":2},"end":{"line":46,"column":9}},"loc":{"start":{"line":46,"column":9},"end":{"line":94,"column":3}}},"3":{"name":"(anonymous_13)","decl":{"start":{"line":59,"column":38},"end":{"line":59,"column":39}},"loc":{"start":{"line":59,"column":58},"end":{"line":91,"column":5}}},"4":{"name":"(anonymous_14)","decl":{"start":{"line":60,"column":29},"end":{"line":60,"column":32}},"loc":{"start":{"line":60,"column":34},"end":{"line":88,"column":7}}},"5":{"name":"(anonymous_15)","decl":{"start":{"line":70,"column":30},"end":{"line":70,"column":33}},"loc":{"start":{"line":70,"column":35},"end":{"line":70,"column":38}}},"6":{"name":"(anonymous_16)","decl":{"start":{"line":74,"column":12},"end":{"line":74,"column":15}},"loc":{"start":{"line":74,"column":17},"end":{"line":77,"column":13}}},"7":{"name":"(anonymous_17)","decl":{"start":{"line":78,"column":12},"end":{"line":78,"column":13}},"loc":{"start":{"line":78,"column":27},"end":{"line":82,"column":13}}},"8":{"name":"(anonymous_18)","decl":{"start":{"line":96,"column":10},"end":{"line":96,"column":19}},"loc":{"start":{"line":96,"column":19},"end":{"line":111,"column":3}}},"9":{"name":"(anonymous_19)","decl":{"start":{"line":113,"column":10},"end":{"line":113,"column":17}},"loc":{"start":{"line":113,"column":28},"end":{"line":122,"column":3}}},"10":{"name":"(anonymous_20)","decl":{"start":{"line":124,"column":10},"end":{"line":124,"column":27}},"loc":{"start":{"line":124,"column":27},"end":{"line":132,"column":3}}},"11":{"name":"(anonymous_21)","decl":{"start":{"line":127,"column":37},"end":{"line":127,"column":40}},"loc":{"start":{"line":127,"column":42},"end":{"line":131,"column":5}}},"12":{"name":"(anonymous_22)","decl":{"start":{"line":134,"column":10},"end":{"line":134,"column":24}},"loc":{"start":{"line":134,"column":24},"end":{"line":159,"column":3}}},"13":{"name":"(anonymous_23)","decl":{"start":{"line":137,"column":31},"end":{"line":137,"column":32}},"loc":{"start":{"line":137,"column":39},"end":{"line":158,"column":5}}},"14":{"name":"(anonymous_24)","decl":{"start":{"line":145,"column":58},"end":{"line":145,"column":59}},"loc":{"start":{"line":145,"column":71},"end":{"line":153,"column":9}}},"15":{"name":"(anonymous_25)","decl":{"start":{"line":161,"column":2},"end":{"line":161,"column":11}},"loc":{"start":{"line":161,"column":59},"end":{"line":189,"column":3}}},"16":{"name":"(anonymous_26)","decl":{"start":{"line":170,"column":52},"end":{"line":170,"column":53}},"loc":{"start":{"line":170,"column":65},"end":{"line":178,"column":7}}},"17":{"name":"(anonymous_27)","decl":{"start":{"line":186,"column":11},"end":{"line":186,"column":14}},"loc":{"start":{"line":186,"column":16},"end":{"line":188,"column":5}}},"18":{"name":"(anonymous_28)","decl":{"start":{"line":191,"column":2},"end":{"line":191,"column":13}},"loc":{"start":{"line":191,"column":27},"end":{"line":199,"column":3}}},"19":{"name":"(anonymous_29)","decl":{"start":{"line":201,"column":2},"end":{"line":201,"column":6}},"loc":{"start":{"line":201,"column":40},"end":{"line":207,"column":3}}},"20":{"name":"(anonymous_30)","decl":{"start":{"line":209,"column":2},"end":{"line":209,"column":12}},"loc":{"start":{"line":209,"column":12},"end":{"line":218,"column":3}}},"21":{"name":"(anonymous_31)","decl":{"start":{"line":213,"column":28},"end":{"line":213,"column":31}},"loc":{"start":{"line":213,"column":33},"end":{"line":216,"column":5}}}},"branchMap":{"0":{"loc":{"start":{"line":8,"column":4},"end":{"line":10,"column":12}},"type":"cond-expr","locations":[{"start":{"line":9,"column":8},"end":{"line":9,"column":40}},{"start":{"line":10,"column":8},"end":{"line":10,"column":12}}]},"1":{"loc":{"start":{"line":8,"column":4},"end":{"line":8,"column":57}},"type":"binary-expr","locations":[{"start":{"line":8,"column":4},"end":{"line":8,"column":38}},{"start":{"line":8,"column":42},"end":{"line":8,"column":57}}]},"2":{"loc":{"start":{"line":12,"column":2},"end":{"line":14,"column":3}},"type":"if","locations":[{"start":{"line":12,"column":2},"end":{"line":14,"column":3}},{"start":{},"end":{}}]},"3":{"loc":{"start":{"line":49,"column":4},"end":{"line":51,"column":5}},"type":"if","locations":[{"start":{"line":49,"column":4},"end":{"line":51,"column":5}},{"start":{},"end":{}}]},"4":{"loc":{"start":{"line":53,"column":4},"end":{"line":55,"column":5}},"type":"if","locations":[{"start":{"line":53,"column":4},"end":{"line":55,"column":5}},{"start":{},"end":{}}]},"5":{"loc":{"start":{"line":105,"column":4},"end":{"line":108,"column":5}},"type":"if","locations":[{"start":{"line":105,"column":4},"end":{"line":108,"column":5}},{"start":{},"end":{}}]},"6":{"loc":{"start":{"line":119,"column":4},"end":{"line":121,"column":5}},"type":"if","locations":[{"start":{"line":119,"column":4},"end":{"line":121,"column":5}},{"start":{},"end":{}}]},"7":{"loc":{"start":{"line":125,"column":4},"end":{"line":125,"column":62}},"type":"if","locations":[{"start":{"line":125,"column":4},"end":{"line":125,"column":62}},{"start":{},"end":{}}]},"8":{"loc":{"start":{"line":125,"column":8},"end":{"line":125,"column":53}},"type":"binary-expr","locations":[{"start":{"line":125,"column":8},"end":{"line":125,"column":27}},{"start":{"line":125,"column":31},"end":{"line":125,"column":53}}]},"9":{"loc":{"start":{"line":135,"column":4},"end":{"line":135,"column":48}},"type":"if","locations":[{"start":{"line":135,"column":4},"end":{"line":135,"column":48}},{"start":{},"end":{}}]},"10":{"loc":{"start":{"line":135,"column":8},"end":{"line":135,"column":39}},"type":"binary-expr","locations":[{"start":{"line":135,"column":8},"end":{"line":135,"column":20}},{"start":{"line":135,"column":24},"end":{"line":135,"column":39}}]},"11":{"loc":{"start":{"line":138,"column":6},"end":{"line":142,"column":7}},"type":"if","locations":[{"start":{"line":138,"column":6},"end":{"line":142,"column":7}},{"start":{},"end":{}}]},"12":{"loc":{"start":{"line":146,"column":10},"end":{"line":152,"column":11}},"type":"if","locations":[{"start":{"line":146,"column":10},"end":{"line":152,"column":11}},{"start":{},"end":{}}]},"13":{"loc":{"start":{"line":169,"column":4},"end":{"line":184,"column":5}},"type":"if","locations":[{"start":{"line":169,"column":4},"end":{"line":184,"column":5}},{"start":{"line":180,"column":11},"end":{"line":184,"column":5}}]},"14":{"loc":{"start":{"line":169,"column":8},"end":{"line":169,"column":37}},"type":"binary-expr","locations":[{"start":{"line":169,"column":8},"end":{"line":169,"column":22}},{"start":{"line":169,"column":26},"end":{"line":169,"column":37}}]},"15":{"loc":{"start":{"line":171,"column":8},"end":{"line":177,"column":9}},"type":"if","locations":[{"start":{"line":171,"column":8},"end":{"line":177,"column":9}},{"start":{},"end":{}}]},"16":{"loc":{"start":{"line":181,"column":6},"end":{"line":183,"column":7}},"type":"if","locations":[{"start":{"line":181,"column":6},"end":{"line":183,"column":7}},{"start":{},"end":{}}]},"17":{"loc":{"start":{"line":181,"column":10},"end":{"line":181,"column":47}},"type":"binary-expr","locations":[{"start":{"line":181,"column":10},"end":{"line":181,"column":28}},{"start":{"line":181,"column":32},"end":{"line":181,"column":47}}]},"18":{"loc":{"start":{"line":193,"column":4},"end":{"line":197,"column":5}},"type":"if","locations":[{"start":{"line":193,"column":4},"end":{"line":197,"column":5}},{"start":{},"end":{}}]},"19":{"loc":{"start":{"line":202,"column":4},"end":{"line":205,"column":5}},"type":"if","locations":[{"start":{"line":202,"column":4},"end":{"line":205,"column":5}},{"start":{},"end":{}}]},"20":{"loc":{"start":{"line":211,"column":4},"end":{"line":211,"column":63}},"type":"if","locations":[{"start":{"line":211,"column":4},"end":{"line":211,"column":63}},{"start":{},"end":{}}]}},"s":{"0":2,"1":2,"2":2,"3":2,"4":2,"5":0,"6":2,"7":2,"8":2,"9":2,"10":2,"11":2,"12":2,"13":2,"14":2,"15":2,"16":2,"17":2,"18":5,"19":5,"20":0,"21":5,"22":0,"23":5,"24":5,"25":5,"26":5,"27":5,"28":5,"29":5,"30":5,"31":5,"32":5,"33":5,"34":5,"35":0,"36":0,"37":5,"38":5,"39":5,"40":5,"41":5,"42":5,"43":5,"44":0,"45":0,"46":5,"47":0,"48":0,"49":0,"50":0,"51":0,"52":0,"53":0,"54":0,"55":0,"56":0,"57":0,"58":5,"59":0,"60":5,"61":0,"62":0,"63":0,"64":0,"65":0,"66":0,"67":0,"68":0,"69":0,"70":0,"71":0,"72":2,"73":2,"74":2,"75":2,"76":0,"77":0,"78":0,"79":0,"80":2,"81":0,"82":0,"83":2,"84":1,"85":1,"86":1,"87":1,"88":1,"89":1,"90":1,"91":0,"92":0,"93":1,"94":1,"95":1,"96":0,"97":1,"98":1,"99":1,"100":1,"101":2},"f":{"0":2,"1":2,"2":5,"3":5,"4":5,"5":0,"6":5,"7":0,"8":5,"9":0,"10":0,"11":0,"12":5,"13":0,"14":0,"15":2,"16":0,"17":1,"18":1,"19":1,"20":1,"21":1},"b":{"0":[0,2],"1":[2,2],"2":[0,2],"3":[0,5],"4":[0,5],"5":[0,5],"6":[0,0],"7":[0,0],"8":[0,0],"9":[0,5],"10":[5,5],"11":[0,0],"12":[0,0],"13":[2,0],"14":[2,2],"15":[0,0],"16":[0,0],"17":[0,0],"18":[1,0],"19":[0,1],"20":[0,1]}}
}
