TN:
SF:src/context/AuthContext.tsx
FN:17,(anonymous_0)
FN:21,(anonymous_1)
FN:22,(anonymous_2)
FN:35,(anonymous_3)
FN:40,(anonymous_4)
FN:46,(anonymous_5)
FN:51,(anonymous_6)
FN:84,(anonymous_7)
FNF:8
FNH:8
FNDA:17,(anonymous_0)
FNDA:6,(anonymous_1)
FNDA:6,(anonymous_2)
FNDA:1,(anonymous_3)
FNDA:1,(anonymous_4)
FNDA:1,(anonymous_5)
FNDA:2,(anonymous_6)
FNDA:17,(anonymous_7)
DA:1,3
DA:2,3
DA:3,3
DA:15,3
DA:17,3
DA:18,17
DA:19,17
DA:21,17
DA:22,6
DA:23,6
DA:24,6
DA:25,3
DA:27,3
DA:29,6
DA:32,6
DA:35,17
DA:36,1
DA:37,1
DA:40,17
DA:41,1
DA:42,1
DA:43,1
DA:46,17
DA:47,1
DA:48,1
DA:51,17
DA:52,2
DA:54,2
DA:55,2
DA:58,1
DA:61,2
DA:63,2
DA:67,17
DA:84,3
DA:85,17
DA:86,17
DA:87,0
DA:89,17
LF:38
LH:37
BRDA:86,0,0,0
BRDA:86,0,1,17
BRF:2
BRH:1
end_of_record
TN:
SF:src/context/LobbyContext.tsx
FN:28,(anonymous_0)
FN:39,(anonymous_1)
FN:52,(anonymous_2)
FN:66,(anonymous_3)
FN:73,(anonymous_4)
FN:80,(anonymous_5)
FN:99,(anonymous_6)
FN:129,(anonymous_7)
FN:151,(anonymous_8)
FN:157,(anonymous_9)
FN:177,(anonymous_10)
FNF:11
FNH:10
FNDA:14,(anonymous_0)
FNDA:3,(anonymous_1)
FNDA:1,(anonymous_2)
FNDA:4,(anonymous_3)
FNDA:0,(anonymous_4)
FNDA:1,(anonymous_5)
FNDA:9,(anonymous_6)
FNDA:3,(anonymous_7)
FNDA:3,(anonymous_8)
FNDA:3,(anonymous_9)
FNDA:12,(anonymous_10)
DA:1,1
DA:10,1
DA:11,1
DA:12,1
DA:14,1
DA:15,1
DA:26,1
DA:28,1
DA:31,14
DA:32,14
DA:33,14
DA:34,14
DA:35,14
DA:36,14
DA:37,14
DA:39,14
DA:40,3
DA:41,3
DA:42,3
DA:43,3
DA:46,0
DA:48,3
DA:52,14
DA:54,1
DA:55,1
DA:56,1
DA:58,1
DA:59,1
DA:60,1
DA:62,1
DA:66,14
DA:67,4
DA:68,1
DA:73,14
DA:74,0
DA:75,0
DA:76,0
DA:80,14
DA:81,1
DA:82,1
DA:83,1
DA:85,1
DA:86,1
DA:87,1
DA:89,1
DA:90,1
DA:91,1
DA:93,1
DA:94,1
DA:99,14
DA:100,9
DA:102,6
DA:103,0
DA:104,0
DA:106,6
DA:107,0
DA:108,0
DA:110,6
DA:113,3
DA:114,3
DA:117,3
DA:118,0
DA:122,3
DA:123,0
DA:125,3
DA:126,0
DA:129,3
DA:130,3
DA:131,3
DA:132,3
DA:133,3
DA:134,3
DA:137,3
DA:138,3
DA:139,3
DA:142,3
DA:143,3
DA:145,0
DA:149,3
DA:151,3
DA:157,14
DA:158,3
DA:161,14
DA:177,1
DA:178,12
DA:179,12
DA:180,0
DA:182,12
LF:88
LH:75
BRDA:54,0,0,1
BRDA:54,0,1,0
BRDA:58,1,0,1
BRDA:58,1,1,0
BRDA:67,2,0,1
BRDA:67,2,1,3
BRDA:74,3,0,0
BRDA:74,3,1,0
BRDA:82,4,0,1
BRDA:82,4,1,0
BRDA:83,5,0,1
BRDA:83,5,1,0
BRDA:85,6,0,1
BRDA:85,6,1,0
BRDA:89,7,0,1
BRDA:89,7,1,0
BRDA:100,8,0,6
BRDA:100,8,1,3
BRDA:100,9,0,9
BRDA:100,9,1,4
BRDA:102,10,0,0
BRDA:102,10,1,6
BRDA:106,11,0,0
BRDA:106,11,1,6
BRDA:117,12,0,0
BRDA:117,12,1,3
BRDA:122,13,0,0
BRDA:122,13,1,3
BRDA:125,14,0,0
BRDA:125,14,1,3
BRDA:179,15,0,0
BRDA:179,15,1,12
BRF:32
BRH:18
end_of_record
TN:
SF:src/context/SocialContext.tsx
FN:25,(anonymous_0)
FN:35,(anonymous_1)
FN:67,(anonymous_2)
FN:72,(anonymous_3)
FN:77,(anonymous_4)
FN:88,(anonymous_5)
FN:106,(anonymous_6)
FN:107,(anonymous_7)
FN:118,(anonymous_8)
FN:118,(anonymous_9)
FN:125,(anonymous_10)
FN:131,(anonymous_11)
FN:131,(anonymous_12)
FN:145,(anonymous_13)
FN:151,(anonymous_14)
FN:161,(anonymous_15)
FN:170,(anonymous_16)
FN:170,(anonymous_17)
FN:176,(anonymous_18)
FN:186,(anonymous_19)
FN:196,(anonymous_20)
FN:200,(anonymous_21)
FN:200,(anonymous_22)
FN:209,(anonymous_23)
FN:220,(anonymous_24)
FN:224,(anonymous_25)
FN:224,(anonymous_26)
FN:236,(anonymous_27)
FN:238,(anonymous_28)
FN:238,(anonymous_29)
FN:269,(anonymous_30)
FNF:31
FNH:20
FNDA:26,(anonymous_0)
FNDA:15,(anonymous_1)
FNDA:6,(anonymous_2)
FNDA:6,(anonymous_3)
FNDA:6,(anonymous_4)
FNDA:3,(anonymous_5)
FNDA:0,(anonymous_6)
FNDA:0,(anonymous_7)
FNDA:1,(anonymous_8)
FNDA:1,(anonymous_9)
FNDA:1,(anonymous_10)
FNDA:1,(anonymous_11)
FNDA:1,(anonymous_12)
FNDA:6,(anonymous_13)
FNDA:1,(anonymous_14)
FNDA:1,(anonymous_15)
FNDA:1,(anonymous_16)
FNDA:1,(anonymous_17)
FNDA:1,(anonymous_18)
FNDA:0,(anonymous_19)
FNDA:0,(anonymous_20)
FNDA:0,(anonymous_21)
FNDA:0,(anonymous_22)
FNDA:1,(anonymous_23)
FNDA:1,(anonymous_24)
FNDA:0,(anonymous_25)
FNDA:0,(anonymous_26)
FNDA:0,(anonymous_27)
FNDA:0,(anonymous_28)
FNDA:0,(anonymous_29)
FNDA:24,(anonymous_30)
DA:1,1
DA:2,1
DA:3,1
DA:4,1
DA:5,1
DA:23,1
DA:25,1
DA:26,26
DA:27,26
DA:28,26
DA:29,26
DA:30,26
DA:31,26
DA:32,26
DA:35,26
DA:36,15
DA:37,0
DA:38,0
DA:41,15
DA:42,15
DA:43,15
DA:44,15
DA:50,15
DA:56,15
DA:57,15
DA:58,15
DA:59,15
DA:61,0
DA:63,15
DA:67,26
DA:68,6
DA:72,26
DA:73,6
DA:75,6
DA:77,6
DA:78,6
DA:79,6
DA:83,6
DA:84,6
DA:88,6
DA:89,3
DA:91,3
DA:92,3
DA:93,1
DA:94,1
DA:95,2
DA:96,1
DA:97,1
DA:98,1
DA:99,0
DA:100,0
DA:105,0
DA:106,0
DA:107,0
DA:108,0
DA:109,0
DA:112,0
DA:114,1
DA:116,1
DA:117,1
DA:118,1
DA:125,6
DA:126,1
DA:128,1
DA:131,1
DA:132,1
DA:139,0
DA:143,6
DA:145,6
DA:146,6
DA:147,6
DA:151,26
DA:153,1
DA:161,1
DA:163,1
DA:164,1
DA:165,0
DA:167,0
DA:170,1
DA:171,1
DA:172,1
DA:176,26
DA:177,1
DA:178,1
DA:179,0
DA:180,0
DA:182,1
DA:186,26
DA:187,0
DA:188,0
DA:189,0
DA:190,0
DA:192,0
DA:196,26
DA:197,0
DA:198,0
DA:200,0
DA:201,0
DA:203,0
DA:205,0
DA:209,26
DA:210,1
DA:211,1
DA:212,0
DA:214,1
DA:215,1
DA:216,1
DA:220,26
DA:221,1
DA:222,1
DA:224,0
DA:225,0
DA:226,0
DA:228,1
DA:229,1
DA:231,1
DA:232,1
DA:236,26
DA:238,0
DA:239,0
DA:240,0
DA:241,0
DA:243,0
DA:244,0
DA:248,26
DA:269,1
DA:270,24
DA:271,24
DA:272,0
DA:274,24
LF:130
LH:92
BRDA:36,0,0,0
BRDA:36,0,1,15
BRDA:36,1,0,15
BRDA:36,1,1,15
BRDA:73,2,0,0
BRDA:73,2,1,6
BRDA:73,3,0,6
BRDA:73,3,1,6
BRDA:83,4,0,6
BRDA:83,4,1,0
BRDA:89,5,0,0
BRDA:89,5,1,3
BRDA:91,6,0,3
BRDA:91,6,1,0
BRDA:92,7,0,1
BRDA:92,7,1,2
BRDA:93,8,0,1
BRDA:93,8,1,0
BRDA:95,9,0,1
BRDA:95,9,1,1
BRDA:96,10,0,1
BRDA:96,10,1,0
BRDA:98,11,0,0
BRDA:98,11,1,1
BRDA:101,12,0,0
BRDA:101,12,1,0
BRDA:101,13,0,0
BRDA:101,13,1,0
BRDA:105,14,0,0
BRDA:105,14,1,0
BRDA:108,15,0,0
BRDA:108,15,1,0
BRDA:114,16,0,1
BRDA:114,16,1,0
BRDA:117,17,0,1
BRDA:117,17,1,0
BRDA:126,18,0,0
BRDA:126,18,1,1
BRDA:132,19,0,1
BRDA:132,19,1,0
BRDA:155,20,0,1
BRDA:155,20,1,0
BRDA:156,21,0,1
BRDA:156,21,1,0
BRDA:214,22,0,1
BRDA:214,22,1,0
BRDA:228,23,0,1
BRDA:228,23,1,0
BRDA:271,24,0,0
BRDA:271,24,1,24
BRF:50
BRH:25
end_of_record
TN:
SF:src/context/ToastContext.tsx
FN:17,(anonymous_0)
FN:20,(anonymous_1)
FN:22,(anonymous_2)
FN:29,(anonymous_3)
FN:30,(anonymous_4)
FN:30,(anonymous_5)
FN:34,(anonymous_6)
FN:35,(anonymous_7)
FN:35,(anonymous_8)
FN:43,(anonymous_9)
FN:64,(anonymous_10)
FN:77,(anonymous_11)
FNF:12
FNH:12
FNDA:13,(anonymous_0)
FNDA:14,(anonymous_1)
FNDA:14,(anonymous_2)
FNDA:14,(anonymous_3)
FNDA:14,(anonymous_4)
FNDA:43,(anonymous_5)
FNDA:1,(anonymous_6)
FNDA:1,(anonymous_7)
FNDA:1,(anonymous_8)
FNDA:9,(anonymous_9)
FNDA:1,(anonymous_10)
FNDA:16,(anonymous_11)
DA:1,3
DA:2,3
DA:3,3
DA:15,3
DA:17,3
DA:18,13
DA:20,13
DA:21,14
DA:22,14
DA:23,14
DA:24,14
DA:25,5
DA:27,9
DA:29,14
DA:30,43
DA:34,13
DA:35,1
DA:38,13
DA:44,9
DA:64,1
DA:77,3
DA:78,16
DA:79,15
DA:80,2
DA:82,13
LF:25
LH:25
BRDA:20,0,0,11
BRDA:24,1,0,5
BRDA:24,1,1,9
BRDA:53,2,0,2
BRDA:53,2,1,7
BRDA:54,3,0,1
BRDA:54,3,1,6
BRDA:56,4,0,9
BRDA:56,4,1,2
BRDA:57,5,0,9
BRDA:57,5,1,1
BRDA:58,6,0,9
BRDA:58,6,1,6
BRDA:79,7,0,2
BRDA:79,7,1,13
BRF:15
BRH:15
end_of_record
TN:
SF:src/services/authService.ts
FN:23,parseErrorResponse
FN:76,(anonymous_1)
FN:95,(anonymous_2)
FN:114,(anonymous_3)
FN:131,(anonymous_4)
FN:146,(anonymous_5)
FN:167,(anonymous_6)
FN:186,(anonymous_7)
FN:206,(anonymous_8)
FNF:9
FNH:9
FNDA:12,parseErrorResponse
FNDA:2,(anonymous_1)
FNDA:3,(anonymous_2)
FNDA:2,(anonymous_3)
FNDA:1,(anonymous_4)
FNDA:4,(anonymous_5)
FNDA:2,(anonymous_6)
FNDA:1,(anonymous_7)
FNDA:7,(anonymous_8)
DA:2,4
DA:27,12
DA:29,12
DA:30,12
DA:31,8
DA:32,1
DA:33,1
DA:36,7
DA:37,7
DA:39,2
DA:40,0
DA:41,0
DA:42,0
DA:47,2
DA:53,9
DA:55,2
DA:57,0
DA:59,0
DA:61,1
DA:63,1
DA:65,0
DA:69,4
DA:71,1
DA:75,4
DA:77,2
DA:84,2
DA:85,1
DA:89,1
DA:92,1
DA:96,3
DA:103,3
DA:104,2
DA:108,2
DA:111,1
DA:115,2
DA:120,2
DA:121,1
DA:125,1
DA:128,1
DA:132,1
DA:137,1
DA:138,0
DA:142,0
DA:147,4
DA:152,4
DA:153,2
DA:154,2
DA:155,1
DA:157,1
DA:161,1
DA:164,2
DA:168,2
DA:175,2
DA:176,1
DA:180,1
DA:183,1
DA:190,1
DA:197,1
DA:198,0
DA:202,0
DA:207,7
DA:212,7
DA:213,6
DA:217,6
DA:220,1
DA:221,1
LF:66
LH:56
BRDA:2,0,0,0
BRDA:2,0,1,4
BRDA:2,1,0,4
BRDA:2,1,1,4
BRDA:3,2,0,0
BRDA:3,2,1,0
BRDA:31,3,0,1
BRDA:31,3,1,7
BRDA:33,4,0,1
BRDA:33,4,1,0
BRDA:33,4,2,0
BRDA:37,5,0,2
BRDA:37,5,1,5
BRDA:39,6,0,0
BRDA:39,6,1,2
BRDA:42,7,0,0
BRDA:42,7,1,0
BRDA:42,7,2,0
BRDA:53,8,0,2
BRDA:53,8,1,0
BRDA:53,8,2,0
BRDA:53,8,3,1
BRDA:53,8,4,1
BRDA:53,8,5,0
BRDA:53,8,6,4
BRDA:53,8,7,4
BRDA:53,8,8,4
BRDA:53,8,9,1
BRDA:84,9,0,1
BRDA:84,9,1,1
BRDA:103,10,0,2
BRDA:103,10,1,1
BRDA:120,11,0,1
BRDA:120,11,1,1
BRDA:137,12,0,0
BRDA:137,12,1,1
BRDA:152,13,0,2
BRDA:152,13,1,2
BRDA:154,14,0,1
BRDA:154,14,1,1
BRDA:175,15,0,1
BRDA:175,15,1,1
BRDA:197,16,0,0
BRDA:197,16,1,1
BRDA:212,17,0,6
BRDA:212,17,1,1
BRF:46
BRH:32
end_of_record
TN:
SF:src/services/chatService.ts
FN:39,(anonymous_0)
FN:50,(anonymous_1)
FN:66,(anonymous_2)
FN:67,(anonymous_3)
FN:71,(anonymous_4)
FN:72,(anonymous_5)
FN:76,(anonymous_6)
FN:77,(anonymous_7)
FN:81,(anonymous_8)
FN:82,(anonymous_9)
FN:96,(anonymous_10)
FN:108,(anonymous_11)
FN:117,(anonymous_12)
FN:126,(anonymous_13)
FN:128,(anonymous_14)
FN:129,(anonymous_15)
FN:136,(anonymous_16)
FN:138,(anonymous_17)
FN:139,(anonymous_18)
FN:146,(anonymous_19)
FN:148,(anonymous_20)
FN:149,(anonymous_21)
FN:156,(anonymous_22)
FN:158,(anonymous_23)
FN:159,(anonymous_24)
FN:166,(anonymous_25)
FN:181,(anonymous_26)
FNF:27
FNH:21
FNDA:1,(anonymous_0)
FNDA:14,(anonymous_1)
FNDA:1,(anonymous_2)
FNDA:1,(anonymous_3)
FNDA:1,(anonymous_4)
FNDA:1,(anonymous_5)
FNDA:1,(anonymous_6)
FNDA:1,(anonymous_7)
FNDA:1,(anonymous_8)
FNDA:1,(anonymous_9)
FNDA:2,(anonymous_10)
FNDA:1,(anonymous_11)
FNDA:1,(anonymous_12)
FNDA:2,(anonymous_13)
FNDA:1,(anonymous_14)
FNDA:1,(anonymous_15)
FNDA:1,(anonymous_16)
FNDA:0,(anonymous_17)
FNDA:0,(anonymous_18)
FNDA:1,(anonymous_19)
FNDA:0,(anonymous_20)
FNDA:0,(anonymous_21)
FNDA:1,(anonymous_22)
FNDA:0,(anonymous_23)
FNDA:0,(anonymous_24)
FNDA:16,(anonymous_25)
FNDA:2,(anonymous_26)
DA:1,1
DA:40,1
DA:41,1
DA:42,1
DA:43,1
DA:44,1
DA:45,1
DA:51,14
DA:52,1
DA:56,13
DA:57,1
DA:60,13
DA:62,13
DA:63,13
DA:66,12
DA:67,1
DA:71,12
DA:72,1
DA:76,12
DA:77,1
DA:81,12
DA:82,1
DA:85,12
DA:86,12
DA:88,1
DA:89,1
DA:97,2
DA:98,1
DA:99,1
DA:102,1
DA:109,1
DA:111,1
DA:118,1
DA:120,1
DA:127,2
DA:128,2
DA:129,1
DA:137,1
DA:138,1
DA:139,0
DA:147,1
DA:148,1
DA:149,0
DA:157,1
DA:158,1
DA:159,0
DA:167,16
DA:168,13
DA:169,13
DA:170,13
DA:171,13
DA:173,16
DA:174,16
DA:175,16
DA:176,16
DA:177,16
DA:178,16
DA:182,2
DA:186,1
LF:59
LH:56
BRDA:51,0,0,1
BRDA:51,0,1,13
BRDA:51,1,0,14
BRDA:51,1,1,1
BRDA:56,2,0,1
BRDA:56,2,1,12
BRDA:56,3,0,13
BRDA:56,3,1,1
BRDA:97,4,0,1
BRDA:97,4,1,1
BRDA:97,5,0,2
BRDA:97,5,1,1
BRDA:109,6,0,0
BRDA:109,6,1,1
BRDA:109,7,0,1
BRDA:109,7,1,1
BRDA:117,8,0,1
BRDA:117,9,0,1
BRDA:118,10,0,0
BRDA:118,10,1,1
BRDA:118,11,0,1
BRDA:118,11,1,1
BRDA:167,12,0,13
BRDA:167,12,1,3
BRDA:182,13,0,2
BRDA:182,13,1,1
BRF:26
BRH:24
end_of_record
TN:
SF:src/services/lobbyService.ts
FN:8,request
FN:34,(anonymous_1)
FN:38,(anonymous_2)
FN:55,(anonymous_3)
FN:70,(anonymous_4)
FN:76,(anonymous_5)
FN:82,(anonymous_6)
FN:89,(anonymous_7)
FN:95,(anonymous_8)
FNF:9
FNH:9
FNDA:10,request
FNDA:3,(anonymous_1)
FNDA:1,(anonymous_2)
FNDA:1,(anonymous_3)
FNDA:1,(anonymous_4)
FNDA:1,(anonymous_5)
FNDA:1,(anonymous_6)
FNDA:1,(anonymous_7)
FNDA:1,(anonymous_8)
DA:4,4
DA:9,10
DA:17,10
DA:18,2
DA:19,2
DA:20,2
DA:21,1
DA:22,1
DA:25,1
DA:27,2
DA:30,8
DA:33,4
DA:35,3
DA:44,1
DA:60,1
DA:71,1
DA:77,1
DA:83,1
DA:90,1
DA:96,1
LF:20
LH:20
BRDA:4,0,0,0
BRDA:4,0,1,4
BRDA:4,1,0,4
BRDA:4,1,1,4
BRDA:5,2,0,0
BRDA:5,2,1,0
BRDA:17,3,0,2
BRDA:17,3,1,8
BRDA:21,4,0,1
BRDA:21,4,1,0
BRDA:42,5,0,0
BRDA:49,6,0,1
BRDA:49,6,1,1
BRDA:57,7,0,1
BRDA:58,8,0,1
BRF:15
BRH:10
end_of_record
TN:
SF:src/services/makaoGameService.ts
FN:18,request
FN:65,(anonymous_1)
FN:82,(anonymous_2)
FN:91,(anonymous_3)
FN:108,(anonymous_4)
FN:117,(anonymous_5)
FN:127,(anonymous_6)
FN:136,(anonymous_7)
FN:146,(anonymous_8)
FNF:9
FNH:9
FNDA:11,request
FNDA:1,(anonymous_1)
FNDA:3,(anonymous_2)
FNDA:1,(anonymous_3)
FNDA:1,(anonymous_4)
FNDA:1,(anonymous_5)
FNDA:1,(anonymous_6)
FNDA:1,(anonymous_7)
FNDA:2,(anonymous_8)
DA:9,1
DA:19,11
DA:27,11
DA:28,3
DA:29,3
DA:30,3
DA:31,1
DA:32,1
DA:37,3
DA:41,8
DA:42,8
DA:43,1
DA:46,7
DA:61,1
DA:66,1
DA:73,1
DA:83,3
DA:92,1
DA:99,1
DA:109,1
DA:118,1
DA:128,1
DA:137,1
DA:147,2
DA:148,2
DA:151,1
DA:153,1
DA:158,1
LF:28
LH:28
BRDA:9,0,0,0
BRDA:9,0,1,1
BRDA:9,1,0,1
BRDA:9,1,1,1
BRDA:10,2,0,0
BRDA:10,2,1,0
BRDA:27,3,0,3
BRDA:27,3,1,8
BRDA:31,4,0,1
BRDA:31,4,1,0
BRDA:42,5,0,1
BRDA:42,5,1,7
BRDA:69,6,0,1
BRDA:69,6,1,1
BRDA:70,7,0,1
BRDA:70,7,1,1
BRDA:92,8,0,1
BRDA:92,8,1,0
BRDA:94,9,0,1
BRDA:94,9,1,0
BRDA:95,10,0,1
BRDA:95,10,1,1
BRF:22
BRH:16
end_of_record
TN:
SF:src/services/socialService.ts
FN:36,(anonymous_0)
FN:42,(anonymous_1)
FN:54,(anonymous_2)
FN:65,(anonymous_3)
FN:76,(anonymous_4)
FN:87,(anonymous_5)
FN:95,(anonymous_6)
FN:106,(anonymous_7)
FN:117,(anonymous_8)
FN:131,(anonymous_9)
FN:145,(anonymous_10)
FN:151,(anonymous_11)
FN:162,(anonymous_12)
FN:173,(anonymous_13)
FN:182,(anonymous_14)
FN:188,(anonymous_15)
FN:197,(anonymous_16)
FNF:17
FNH:15
FNDA:15,(anonymous_0)
FNDA:15,(anonymous_1)
FNDA:2,(anonymous_2)
FNDA:1,(anonymous_3)
FNDA:1,(anonymous_4)
FNDA:1,(anonymous_5)
FNDA:1,(anonymous_6)
FNDA:1,(anonymous_7)
FNDA:1,(anonymous_8)
FNDA:2,(anonymous_9)
FNDA:0,(anonymous_10)
FNDA:1,(anonymous_11)
FNDA:1,(anonymous_12)
FNDA:1,(anonymous_13)
FNDA:0,(anonymous_14)
FNDA:2,(anonymous_15)
FNDA:1,(anonymous_16)
DA:4,2
DA:36,2
DA:37,15
DA:42,2
DA:43,15
DA:53,2
DA:55,2
DA:62,2
DA:66,1
DA:73,1
DA:77,1
DA:84,1
DA:88,1
DA:91,1
DA:92,1
DA:96,1
DA:102,1
DA:103,1
DA:107,1
DA:113,1
DA:114,1
DA:118,1
DA:124,1
DA:137,2
DA:144,2
DA:145,1
DA:146,1
DA:148,1
DA:152,1
DA:158,1
DA:159,1
DA:163,1
DA:169,1
DA:170,1
DA:174,1
DA:181,1
DA:182,0
DA:183,0
DA:185,1
DA:189,2
DA:196,2
DA:197,1
DA:198,1
DA:200,1
LF:44
LH:42
BRDA:4,0,0,0
BRDA:4,0,1,2
BRDA:4,1,0,2
BRDA:4,1,1,2
BRDA:5,2,0,0
BRDA:5,2,1,0
BRDA:42,3,0,0
BRDA:62,4,0,1
BRDA:62,4,1,1
BRDA:73,5,0,0
BRDA:73,5,1,1
BRDA:84,6,0,0
BRDA:84,6,1,1
BRDA:91,7,0,0
BRDA:91,7,1,1
BRDA:102,8,0,0
BRDA:102,8,1,1
BRDA:113,9,0,0
BRDA:113,9,1,1
BRDA:124,10,0,0
BRDA:124,10,1,1
BRDA:144,11,0,1
BRDA:144,11,1,1
BRDA:146,12,0,1
BRDA:146,12,1,0
BRDA:158,13,0,0
BRDA:158,13,1,1
BRDA:169,14,0,0
BRDA:169,14,1,1
BRDA:181,15,0,0
BRDA:181,15,1,1
BRDA:183,16,0,0
BRDA:183,16,1,0
BRDA:196,17,0,1
BRDA:196,17,1,1
BRDA:198,18,0,1
BRDA:198,18,1,1
BRF:37
BRH:21
end_of_record
TN:
SF:src/services/socialSocketService.ts
FN:5,(anonymous_10)
FN:22,(anonymous_11)
FN:28,(anonymous_12)
FN:32,(anonymous_13)
FN:35,(anonymous_14)
FN:39,(anonymous_15)
FN:45,(anonymous_16)
FN:56,(anonymous_17)
FN:62,(anonymous_18)
FN:67,(anonymous_19)
FN:74,(anonymous_20)
FN:81,(anonymous_21)
FN:87,(anonymous_22)
FN:102,(anonymous_23)
FN:109,(anonymous_24)
FN:117,(anonymous_25)
FN:119,(anonymous_26)
FNF:17
FNH:14
FNDA:2,(anonymous_10)
FNDA:2,(anonymous_11)
FNDA:4,(anonymous_12)
FNDA:4,(anonymous_13)
FNDA:0,(anonymous_14)
FNDA:3,(anonymous_15)
FNDA:1,(anonymous_16)
FNDA:3,(anonymous_17)
FNDA:0,(anonymous_18)
FNDA:7,(anonymous_19)
FNDA:3,(anonymous_20)
FNDA:0,(anonymous_21)
FNDA:2,(anonymous_22)
FNDA:1,(anonymous_23)
FNDA:1,(anonymous_24)
FNDA:4,(anonymous_25)
FNDA:4,(anonymous_26)
DA:1,2
DA:2,2
DA:5,2
DA:8,2
DA:12,2
DA:13,0
DA:17,2
DA:19,2
DA:20,2
DA:23,2
DA:24,2
DA:25,2
DA:26,2
DA:29,4
DA:30,4
DA:32,4
DA:33,4
DA:34,4
DA:35,4
DA:37,4
DA:40,3
DA:41,3
DA:42,3
DA:43,3
DA:46,1
DA:47,1
DA:48,1
DA:53,4
DA:57,3
DA:58,3
DA:60,3
DA:62,3
DA:63,0
DA:68,7
DA:69,3
DA:70,3
DA:75,3
DA:76,3
DA:77,3
DA:82,0
DA:83,0
DA:88,2
DA:89,0
DA:93,0
DA:96,2
DA:97,0
DA:98,0
DA:101,2
DA:102,2
DA:103,1
DA:104,1
DA:106,2
DA:110,1
DA:111,1
DA:112,1
DA:113,1
DA:118,4
DA:119,4
DA:120,4
DA:121,4
DA:126,2
LF:61
LH:53
BRDA:8,0,0,0
BRDA:8,0,1,2
BRDA:8,1,0,2
BRDA:8,1,1,2
BRDA:12,2,0,0
BRDA:12,2,1,2
BRDA:29,3,0,0
BRDA:29,3,1,4
BRDA:30,4,0,0
BRDA:30,4,1,4
BRDA:68,5,0,3
BRDA:68,5,1,4
BRDA:75,6,0,3
BRDA:75,6,1,0
BRDA:81,7,0,0
BRDA:82,8,0,0
BRDA:82,8,1,0
BRDA:88,9,0,0
BRDA:88,9,1,2
BRDA:96,10,0,0
BRDA:96,10,1,2
BRDA:111,11,0,1
BRDA:111,11,1,0
BRF:23
BRH:12
end_of_record
TN:
SF:src/services/socketService.ts
FN:5,(anonymous_10)
FN:36,(anonymous_11)
FN:46,(anonymous_12)
FN:59,(anonymous_13)
FN:60,(anonymous_14)
FN:70,(anonymous_15)
FN:74,(anonymous_16)
FN:78,(anonymous_17)
FN:96,(anonymous_18)
FN:113,(anonymous_19)
FN:124,(anonymous_20)
FN:127,(anonymous_21)
FN:134,(anonymous_22)
FN:137,(anonymous_23)
FN:145,(anonymous_24)
FN:161,(anonymous_25)
FN:170,(anonymous_26)
FN:186,(anonymous_27)
FN:191,(anonymous_28)
FN:201,(anonymous_29)
FN:209,(anonymous_30)
FN:213,(anonymous_31)
FNF:22
FNH:14
FNDA:2,(anonymous_10)
FNDA:2,(anonymous_11)
FNDA:5,(anonymous_12)
FNDA:5,(anonymous_13)
FNDA:5,(anonymous_14)
FNDA:0,(anonymous_15)
FNDA:5,(anonymous_16)
FNDA:0,(anonymous_17)
FNDA:5,(anonymous_18)
FNDA:0,(anonymous_19)
FNDA:0,(anonymous_20)
FNDA:0,(anonymous_21)
FNDA:5,(anonymous_22)
FNDA:0,(anonymous_23)
FNDA:0,(anonymous_24)
FNDA:2,(anonymous_25)
FNDA:0,(anonymous_26)
FNDA:1,(anonymous_27)
FNDA:1,(anonymous_28)
FNDA:1,(anonymous_29)
FNDA:1,(anonymous_30)
FNDA:1,(anonymous_31)
DA:1,2
DA:2,2
DA:5,2
DA:8,2
DA:12,2
DA:13,0
DA:17,2
DA:19,2
DA:28,2
DA:29,2
DA:30,2
DA:31,2
DA:32,2
DA:33,2
DA:34,2
DA:37,2
DA:38,2
DA:39,2
DA:47,5
DA:49,5
DA:50,0
DA:53,5
DA:54,0
DA:57,5
DA:59,5
DA:60,5
DA:61,5
DA:62,5
DA:63,5
DA:66,5
DA:67,5
DA:70,5
DA:72,5
DA:75,5
DA:76,5
DA:79,0
DA:85,0
DA:90,5
DA:93,5
DA:97,5
DA:98,5
DA:99,5
DA:103,5
DA:105,5
DA:106,0
DA:107,0
DA:110,5
DA:114,0
DA:115,0
DA:116,0
DA:119,0
DA:120,0
DA:125,0
DA:127,0
DA:128,0
DA:129,0
DA:130,0
DA:135,5
DA:137,5
DA:138,0
DA:139,0
DA:140,0
DA:144,0
DA:145,0
DA:146,0
DA:147,0
DA:148,0
DA:150,0
DA:154,0
DA:156,0
DA:162,2
DA:167,2
DA:169,2
DA:170,2
DA:171,0
DA:172,0
DA:173,0
DA:175,0
DA:179,2
DA:181,0
DA:182,0
DA:186,2
DA:187,1
DA:192,1
DA:193,1
DA:194,1
DA:195,1
DA:198,1
DA:202,1
DA:203,0
DA:204,0
DA:206,1
DA:210,1
DA:211,1
DA:213,1
DA:214,1
DA:215,1
DA:217,1
DA:221,2
LF:99
LH:63
BRDA:8,0,0,0
BRDA:8,0,1,2
BRDA:8,1,0,2
BRDA:8,1,1,2
BRDA:12,2,0,0
BRDA:12,2,1,2
BRDA:49,3,0,0
BRDA:49,3,1,5
BRDA:53,4,0,0
BRDA:53,4,1,5
BRDA:105,5,0,0
BRDA:105,5,1,5
BRDA:119,6,0,0
BRDA:119,6,1,0
BRDA:125,7,0,0
BRDA:125,7,1,0
BRDA:125,8,0,0
BRDA:125,8,1,0
BRDA:135,9,0,0
BRDA:135,9,1,5
BRDA:135,10,0,5
BRDA:135,10,1,5
BRDA:138,11,0,0
BRDA:138,11,1,0
BRDA:146,12,0,0
BRDA:146,12,1,0
BRDA:169,13,0,2
BRDA:169,13,1,0
BRDA:169,14,0,2
BRDA:169,14,1,2
BRDA:171,15,0,0
BRDA:171,15,1,0
BRDA:181,16,0,0
BRDA:181,16,1,0
BRDA:181,17,0,0
BRDA:181,17,1,0
BRDA:193,18,0,1
BRDA:193,18,1,0
BRDA:202,19,0,0
BRDA:202,19,1,1
BRDA:211,20,0,0
BRDA:211,20,1,1
BRF:42
BRH:16
end_of_record
