TN:
SF:src/services/authService.ts
FN:23,parseErrorResponse
FN:76,(anonymous_1)
FN:95,(anonymous_2)
FN:114,(anonymous_3)
FN:131,(anonymous_4)
FN:146,(anonymous_5)
FN:167,(anonymous_6)
FN:186,(anonymous_7)
FN:206,(anonymous_8)
FNF:9
FNH:9
FNDA:12,parseErrorResponse
FNDA:2,(anonymous_1)
FNDA:3,(anonymous_2)
FNDA:2,(anonymous_3)
FNDA:1,(anonymous_4)
FNDA:4,(anonymous_5)
FNDA:2,(anonymous_6)
FNDA:1,(anonymous_7)
FNDA:7,(anonymous_8)
DA:2,1
DA:27,12
DA:29,12
DA:30,12
DA:31,8
DA:32,1
DA:33,1
DA:36,7
DA:37,7
DA:39,2
DA:40,0
DA:41,0
DA:42,0
DA:47,2
DA:53,9
DA:55,2
DA:57,0
DA:59,0
DA:61,1
DA:63,1
DA:65,0
DA:69,4
DA:71,1
DA:75,1
DA:77,2
DA:84,2
DA:85,1
DA:89,1
DA:92,1
DA:96,3
DA:103,3
DA:104,2
DA:108,2
DA:111,1
DA:115,2
DA:120,2
DA:121,1
DA:125,1
DA:128,1
DA:132,1
DA:137,1
DA:138,0
DA:142,0
DA:147,4
DA:152,4
DA:153,2
DA:154,2
DA:155,1
DA:157,1
DA:161,1
DA:164,2
DA:168,2
DA:175,2
DA:176,1
DA:180,1
DA:183,1
DA:190,1
DA:197,1
DA:198,0
DA:202,0
DA:207,7
DA:212,7
DA:213,6
DA:217,6
DA:220,1
DA:221,1
LF:66
LH:56
BRDA:2,0,0,0
BRDA:2,0,1,1
BRDA:2,1,0,1
BRDA:2,1,1,1
BRDA:3,2,0,0
BRDA:3,2,1,0
BRDA:31,3,0,1
BRDA:31,3,1,7
BRDA:33,4,0,1
BRDA:33,4,1,0
BRDA:33,4,2,0
BRDA:37,5,0,2
BRDA:37,5,1,5
BRDA:39,6,0,0
BRDA:39,6,1,2
BRDA:42,7,0,0
BRDA:42,7,1,0
BRDA:42,7,2,0
BRDA:53,8,0,2
BRDA:53,8,1,0
BRDA:53,8,2,0
BRDA:53,8,3,1
BRDA:53,8,4,1
BRDA:53,8,5,0
BRDA:53,8,6,4
BRDA:53,8,7,4
BRDA:53,8,8,4
BRDA:53,8,9,1
BRDA:84,9,0,1
BRDA:84,9,1,1
BRDA:103,10,0,2
BRDA:103,10,1,1
BRDA:120,11,0,1
BRDA:120,11,1,1
BRDA:137,12,0,0
BRDA:137,12,1,1
BRDA:152,13,0,2
BRDA:152,13,1,2
BRDA:154,14,0,1
BRDA:154,14,1,1
BRDA:175,15,0,1
BRDA:175,15,1,1
BRDA:197,16,0,0
BRDA:197,16,1,1
BRDA:212,17,0,6
BRDA:212,17,1,1
BRF:46
BRH:32
end_of_record
TN:
SF:src/services/chatService.ts
FN:39,(anonymous_0)
FN:50,(anonymous_1)
FN:66,(anonymous_2)
FN:67,(anonymous_3)
FN:71,(anonymous_4)
FN:72,(anonymous_5)
FN:76,(anonymous_6)
FN:77,(anonymous_7)
FN:81,(anonymous_8)
FN:82,(anonymous_9)
FN:96,(anonymous_10)
FN:108,(anonymous_11)
FN:117,(anonymous_12)
FN:126,(anonymous_13)
FN:128,(anonymous_14)
FN:129,(anonymous_15)
FN:136,(anonymous_16)
FN:138,(anonymous_17)
FN:139,(anonymous_18)
FN:146,(anonymous_19)
FN:148,(anonymous_20)
FN:149,(anonymous_21)
FN:156,(anonymous_22)
FN:158,(anonymous_23)
FN:159,(anonymous_24)
FN:166,(anonymous_25)
FN:181,(anonymous_26)
FNF:27
FNH:21
FNDA:1,(anonymous_0)
FNDA:14,(anonymous_1)
FNDA:1,(anonymous_2)
FNDA:1,(anonymous_3)
FNDA:1,(anonymous_4)
FNDA:1,(anonymous_5)
FNDA:1,(anonymous_6)
FNDA:1,(anonymous_7)
FNDA:1,(anonymous_8)
FNDA:1,(anonymous_9)
FNDA:2,(anonymous_10)
FNDA:1,(anonymous_11)
FNDA:1,(anonymous_12)
FNDA:2,(anonymous_13)
FNDA:1,(anonymous_14)
FNDA:1,(anonymous_15)
FNDA:1,(anonymous_16)
FNDA:0,(anonymous_17)
FNDA:0,(anonymous_18)
FNDA:1,(anonymous_19)
FNDA:0,(anonymous_20)
FNDA:0,(anonymous_21)
FNDA:1,(anonymous_22)
FNDA:0,(anonymous_23)
FNDA:0,(anonymous_24)
FNDA:16,(anonymous_25)
FNDA:2,(anonymous_26)
DA:1,1
DA:40,1
DA:41,1
DA:42,1
DA:43,1
DA:44,1
DA:45,1
DA:51,14
DA:52,1
DA:56,13
DA:57,1
DA:60,13
DA:62,13
DA:63,13
DA:66,12
DA:67,1
DA:71,12
DA:72,1
DA:76,12
DA:77,1
DA:81,12
DA:82,1
DA:85,12
DA:86,12
DA:88,1
DA:89,1
DA:97,2
DA:98,1
DA:99,1
DA:102,1
DA:109,1
DA:111,1
DA:118,1
DA:120,1
DA:127,2
DA:128,2
DA:129,1
DA:137,1
DA:138,1
DA:139,0
DA:147,1
DA:148,1
DA:149,0
DA:157,1
DA:158,1
DA:159,0
DA:167,16
DA:168,13
DA:169,13
DA:170,13
DA:171,13
DA:173,16
DA:174,16
DA:175,16
DA:176,16
DA:177,16
DA:178,16
DA:182,2
DA:186,1
LF:59
LH:56
BRDA:51,0,0,1
BRDA:51,0,1,13
BRDA:51,1,0,14
BRDA:51,1,1,1
BRDA:56,2,0,1
BRDA:56,2,1,12
BRDA:56,3,0,13
BRDA:56,3,1,1
BRDA:97,4,0,1
BRDA:97,4,1,1
BRDA:97,5,0,2
BRDA:97,5,1,1
BRDA:109,6,0,0
BRDA:109,6,1,1
BRDA:109,7,0,1
BRDA:109,7,1,1
BRDA:117,8,0,1
BRDA:117,9,0,1
BRDA:118,10,0,0
BRDA:118,10,1,1
BRDA:118,11,0,1
BRDA:118,11,1,1
BRDA:167,12,0,13
BRDA:167,12,1,3
BRDA:182,13,0,2
BRDA:182,13,1,1
BRF:26
BRH:24
end_of_record
TN:
SF:src/services/lobbyService.ts
FN:8,request
FN:34,(anonymous_1)
FN:38,(anonymous_2)
FN:55,(anonymous_3)
FN:70,(anonymous_4)
FN:76,(anonymous_5)
FN:82,(anonymous_6)
FN:89,(anonymous_7)
FN:95,(anonymous_8)
FNF:9
FNH:9
FNDA:10,request
FNDA:3,(anonymous_1)
FNDA:1,(anonymous_2)
FNDA:1,(anonymous_3)
FNDA:1,(anonymous_4)
FNDA:1,(anonymous_5)
FNDA:1,(anonymous_6)
FNDA:1,(anonymous_7)
FNDA:1,(anonymous_8)
DA:4,1
DA:9,10
DA:17,10
DA:18,2
DA:19,2
DA:20,2
DA:21,1
DA:22,1
DA:25,1
DA:27,2
DA:30,8
DA:33,1
DA:35,3
DA:44,1
DA:60,1
DA:71,1
DA:77,1
DA:83,1
DA:90,1
DA:96,1
LF:20
LH:20
BRDA:4,0,0,0
BRDA:4,0,1,1
BRDA:4,1,0,1
BRDA:4,1,1,1
BRDA:5,2,0,0
BRDA:5,2,1,0
BRDA:17,3,0,2
BRDA:17,3,1,8
BRDA:21,4,0,1
BRDA:21,4,1,0
BRDA:42,5,0,0
BRDA:49,6,0,1
BRDA:49,6,1,1
BRDA:57,7,0,1
BRDA:58,8,0,1
BRF:15
BRH:10
end_of_record
TN:
SF:src/services/makaoGameService.ts
FN:18,request
FN:65,(anonymous_1)
FN:82,(anonymous_2)
FN:91,(anonymous_3)
FN:108,(anonymous_4)
FN:117,(anonymous_5)
FN:127,(anonymous_6)
FN:136,(anonymous_7)
FN:146,(anonymous_8)
FNF:9
FNH:9
FNDA:11,request
FNDA:1,(anonymous_1)
FNDA:3,(anonymous_2)
FNDA:1,(anonymous_3)
FNDA:1,(anonymous_4)
FNDA:1,(anonymous_5)
FNDA:1,(anonymous_6)
FNDA:1,(anonymous_7)
FNDA:2,(anonymous_8)
DA:9,1
DA:19,11
DA:27,11
DA:28,3
DA:29,3
DA:30,3
DA:31,1
DA:32,1
DA:37,3
DA:41,8
DA:42,8
DA:43,1
DA:46,7
DA:61,1
DA:66,1
DA:73,1
DA:83,3
DA:92,1
DA:99,1
DA:109,1
DA:118,1
DA:128,1
DA:137,1
DA:147,2
DA:148,2
DA:151,1
DA:153,1
DA:158,1
LF:28
LH:28
BRDA:9,0,0,0
BRDA:9,0,1,1
BRDA:9,1,0,1
BRDA:9,1,1,1
BRDA:10,2,0,0
BRDA:10,2,1,0
BRDA:27,3,0,3
BRDA:27,3,1,8
BRDA:31,4,0,1
BRDA:31,4,1,0
BRDA:42,5,0,1
BRDA:42,5,1,7
BRDA:69,6,0,1
BRDA:69,6,1,1
BRDA:70,7,0,1
BRDA:70,7,1,1
BRDA:92,8,0,1
BRDA:92,8,1,0
BRDA:94,9,0,1
BRDA:94,9,1,0
BRDA:95,10,0,1
BRDA:95,10,1,1
BRF:22
BRH:16
end_of_record
TN:
SF:src/services/socialService.ts
FN:36,(anonymous_0)
FN:42,(anonymous_1)
FN:54,(anonymous_2)
FN:65,(anonymous_3)
FN:76,(anonymous_4)
FN:87,(anonymous_5)
FN:95,(anonymous_6)
FN:106,(anonymous_7)
FN:117,(anonymous_8)
FN:131,(anonymous_9)
FN:145,(anonymous_10)
FN:151,(anonymous_11)
FN:162,(anonymous_12)
FN:173,(anonymous_13)
FN:182,(anonymous_14)
FN:188,(anonymous_15)
FN:197,(anonymous_16)
FNF:17
FNH:15
FNDA:15,(anonymous_0)
FNDA:15,(anonymous_1)
FNDA:2,(anonymous_2)
FNDA:1,(anonymous_3)
FNDA:1,(anonymous_4)
FNDA:1,(anonymous_5)
FNDA:1,(anonymous_6)
FNDA:1,(anonymous_7)
FNDA:1,(anonymous_8)
FNDA:2,(anonymous_9)
FNDA:0,(anonymous_10)
FNDA:1,(anonymous_11)
FNDA:1,(anonymous_12)
FNDA:1,(anonymous_13)
FNDA:0,(anonymous_14)
FNDA:2,(anonymous_15)
FNDA:1,(anonymous_16)
DA:4,1
DA:36,1
DA:37,15
DA:42,1
DA:43,15
DA:53,1
DA:55,2
DA:62,2
DA:66,1
DA:73,1
DA:77,1
DA:84,1
DA:88,1
DA:91,1
DA:92,1
DA:96,1
DA:102,1
DA:103,1
DA:107,1
DA:113,1
DA:114,1
DA:118,1
DA:124,1
DA:137,2
DA:144,2
DA:145,1
DA:146,1
DA:148,1
DA:152,1
DA:158,1
DA:159,1
DA:163,1
DA:169,1
DA:170,1
DA:174,1
DA:181,1
DA:182,0
DA:183,0
DA:185,1
DA:189,2
DA:196,2
DA:197,1
DA:198,1
DA:200,1
LF:44
LH:42
BRDA:4,0,0,0
BRDA:4,0,1,1
BRDA:4,1,0,1
BRDA:4,1,1,1
BRDA:5,2,0,0
BRDA:5,2,1,0
BRDA:42,3,0,0
BRDA:62,4,0,1
BRDA:62,4,1,1
BRDA:73,5,0,0
BRDA:73,5,1,1
BRDA:84,6,0,0
BRDA:84,6,1,1
BRDA:91,7,0,0
BRDA:91,7,1,1
BRDA:102,8,0,0
BRDA:102,8,1,1
BRDA:113,9,0,0
BRDA:113,9,1,1
BRDA:124,10,0,0
BRDA:124,10,1,1
BRDA:144,11,0,1
BRDA:144,11,1,1
BRDA:146,12,0,1
BRDA:146,12,1,0
BRDA:158,13,0,0
BRDA:158,13,1,1
BRDA:169,14,0,0
BRDA:169,14,1,1
BRDA:181,15,0,0
BRDA:181,15,1,1
BRDA:183,16,0,0
BRDA:183,16,1,0
BRDA:196,17,0,1
BRDA:196,17,1,1
BRDA:198,18,0,1
BRDA:198,18,1,1
BRF:37
BRH:21
end_of_record
TN:
SF:src/services/socialSocketService.ts
FN:10,(anonymous_10)
FN:16,(anonymous_11)
FN:20,(anonymous_12)
FN:23,(anonymous_13)
FN:27,(anonymous_14)
FN:33,(anonymous_15)
FN:44,(anonymous_16)
FN:50,(anonymous_17)
FN:55,(anonymous_18)
FN:62,(anonymous_19)
FN:69,(anonymous_20)
FN:75,(anonymous_21)
FN:90,(anonymous_22)
FN:97,(anonymous_23)
FN:105,(anonymous_24)
FN:107,(anonymous_25)
FNF:16
FNH:13
FNDA:1,(anonymous_10)
FNDA:4,(anonymous_11)
FNDA:4,(anonymous_12)
FNDA:0,(anonymous_13)
FNDA:3,(anonymous_14)
FNDA:1,(anonymous_15)
FNDA:3,(anonymous_16)
FNDA:0,(anonymous_17)
FNDA:7,(anonymous_18)
FNDA:3,(anonymous_19)
FNDA:0,(anonymous_20)
FNDA:2,(anonymous_21)
FNDA:1,(anonymous_22)
FNDA:1,(anonymous_23)
FNDA:4,(anonymous_24)
FNDA:4,(anonymous_25)
DA:1,1
DA:2,1
DA:5,1
DA:8,1
DA:11,1
DA:12,1
DA:13,1
DA:14,1
DA:17,4
DA:18,4
DA:20,4
DA:21,4
DA:22,4
DA:23,4
DA:25,4
DA:28,3
DA:29,3
DA:30,3
DA:31,3
DA:34,1
DA:35,1
DA:36,1
DA:41,4
DA:45,3
DA:46,3
DA:48,3
DA:50,3
DA:51,0
DA:56,7
DA:57,3
DA:58,3
DA:63,3
DA:64,3
DA:65,3
DA:70,0
DA:71,0
DA:76,2
DA:77,0
DA:81,0
DA:84,2
DA:85,0
DA:86,0
DA:89,2
DA:90,2
DA:91,1
DA:92,1
DA:94,2
DA:98,1
DA:99,1
DA:100,1
DA:101,1
DA:106,4
DA:107,4
DA:108,4
DA:109,4
DA:114,1
LF:56
LH:49
BRDA:5,0,0,0
BRDA:5,0,1,1
BRDA:5,1,0,1
BRDA:5,1,1,1
BRDA:6,2,0,0
BRDA:6,2,1,0
BRDA:17,3,0,0
BRDA:17,3,1,4
BRDA:18,4,0,0
BRDA:18,4,1,4
BRDA:56,5,0,3
BRDA:56,5,1,4
BRDA:63,6,0,3
BRDA:63,6,1,0
BRDA:69,7,0,0
BRDA:70,8,0,0
BRDA:70,8,1,0
BRDA:76,9,0,0
BRDA:76,9,1,2
BRDA:84,10,0,0
BRDA:84,10,1,2
BRDA:99,11,0,1
BRDA:99,11,1,0
BRF:23
BRH:11
end_of_record
TN:
SF:src/services/socketService.ts
FN:24,(anonymous_10)
FN:34,(anonymous_11)
FN:47,(anonymous_12)
FN:48,(anonymous_13)
FN:58,(anonymous_14)
FN:62,(anonymous_15)
FN:66,(anonymous_16)
FN:84,(anonymous_17)
FN:101,(anonymous_18)
FN:112,(anonymous_19)
FN:115,(anonymous_20)
FN:122,(anonymous_21)
FN:125,(anonymous_22)
FN:133,(anonymous_23)
FN:149,(anonymous_24)
FN:158,(anonymous_25)
FN:174,(anonymous_26)
FN:179,(anonymous_27)
FN:189,(anonymous_28)
FN:197,(anonymous_29)
FN:201,(anonymous_30)
FNF:21
FNH:13
FNDA:1,(anonymous_10)
FNDA:5,(anonymous_11)
FNDA:5,(anonymous_12)
FNDA:5,(anonymous_13)
FNDA:0,(anonymous_14)
FNDA:5,(anonymous_15)
FNDA:0,(anonymous_16)
FNDA:5,(anonymous_17)
FNDA:0,(anonymous_18)
FNDA:0,(anonymous_19)
FNDA:0,(anonymous_20)
FNDA:5,(anonymous_21)
FNDA:0,(anonymous_22)
FNDA:0,(anonymous_23)
FNDA:2,(anonymous_24)
FNDA:0,(anonymous_25)
FNDA:1,(anonymous_26)
FNDA:1,(anonymous_27)
FNDA:1,(anonymous_28)
FNDA:1,(anonymous_29)
FNDA:1,(anonymous_30)
DA:1,1
DA:2,1
DA:5,1
DA:16,1
DA:17,1
DA:18,1
DA:19,1
DA:20,1
DA:21,1
DA:22,1
DA:25,1
DA:26,1
DA:27,1
DA:35,5
DA:37,5
DA:38,0
DA:41,5
DA:42,0
DA:45,5
DA:47,5
DA:48,5
DA:49,5
DA:50,5
DA:51,5
DA:54,5
DA:55,5
DA:58,5
DA:60,5
DA:63,5
DA:64,5
DA:67,0
DA:73,0
DA:78,5
DA:81,5
DA:85,5
DA:86,5
DA:87,5
DA:91,5
DA:93,5
DA:94,0
DA:95,0
DA:98,5
DA:102,0
DA:103,0
DA:104,0
DA:107,0
DA:108,0
DA:113,0
DA:115,0
DA:116,0
DA:117,0
DA:118,0
DA:123,5
DA:125,5
DA:126,0
DA:127,0
DA:128,0
DA:132,0
DA:133,0
DA:134,0
DA:135,0
DA:136,0
DA:138,0
DA:142,0
DA:144,0
DA:150,2
DA:155,2
DA:157,2
DA:158,2
DA:159,0
DA:160,0
DA:161,0
DA:163,0
DA:167,2
DA:169,0
DA:170,0
DA:174,2
DA:175,1
DA:180,1
DA:181,1
DA:182,1
DA:183,1
DA:186,1
DA:190,1
DA:191,0
DA:192,0
DA:194,1
DA:198,1
DA:199,1
DA:201,1
DA:202,1
DA:203,1
DA:205,1
DA:209,1
LF:94
LH:59
BRDA:5,0,0,0
BRDA:5,0,1,1
BRDA:5,1,0,1
BRDA:5,1,1,1
BRDA:6,2,0,0
BRDA:6,2,1,0
BRDA:37,3,0,0
BRDA:37,3,1,5
BRDA:41,4,0,0
BRDA:41,4,1,5
BRDA:93,5,0,0
BRDA:93,5,1,5
BRDA:107,6,0,0
BRDA:107,6,1,0
BRDA:113,7,0,0
BRDA:113,7,1,0
BRDA:113,8,0,0
BRDA:113,8,1,0
BRDA:123,9,0,0
BRDA:123,9,1,5
BRDA:123,10,0,5
BRDA:123,10,1,5
BRDA:126,11,0,0
BRDA:126,11,1,0
BRDA:134,12,0,0
BRDA:134,12,1,0
BRDA:157,13,0,2
BRDA:157,13,1,0
BRDA:157,14,0,2
BRDA:157,14,1,2
BRDA:159,15,0,0
BRDA:159,15,1,0
BRDA:169,16,0,0
BRDA:169,16,1,0
BRDA:169,17,0,0
BRDA:169,17,1,0
BRDA:181,18,0,1
BRDA:181,18,1,0
BRDA:190,19,0,0
BRDA:190,19,1,1
BRDA:199,20,0,0
BRDA:199,20,1,1
BRF:42
BRH:15
end_of_record
